<?xml version="1.0" encoding="UTF-8"?>
<testng-results ignored="0" total="30" passed="29" failed="1" skipped="0">
  <reporter-output>
  </reporter-output>
  <suite started-at="2022-12-30T00:15:37 WIB" name="Default suite" finished-at="2022-12-30T00:17:25 WIB" duration-ms="108020">
    <groups>
      <group name="cucumber">
        <method signature="AbstractTestNGCucumberTests.runScenario(io.cucumber.testng.PickleWrapper,io.cucumber.testng.FeatureWrapper)[pri:0, instance:com.juaracoding.cucumber.step_definitions.RunnerTest@2fb3536e]" name="runScenario" class="io.cucumber.testng.AbstractTestNGCucumberTests"/>
      </group> <!-- cucumber -->
    </groups>
    <test started-at="2022-12-30T00:15:37 WIB" name="Default test" finished-at="2022-12-30T00:17:25 WIB" duration-ms="108020">
      <class name="com.juaracoding.cucumber.step_definitions.RunnerTest">
        <test-method is-config="true" signature="setUpClass(org.testng.ITestContext)[pri:0, instance:com.juaracoding.cucumber.step_definitions.RunnerTest@2fb3536e]" started-at="2022-12-30T00:15:37 WIB" name="setUpClass" finished-at="2022-12-30T00:15:38 WIB" duration-ms="713" status="PASS">
          <params>
            <param index="0">
              <value>
                <![CDATA[org.testng.TestRunner@19dc0d32]]>
              </value>
            </param>
          </params>
          <reporter-output>
          </reporter-output>
        </test-method> <!-- setUpClass -->
        <test-method signature="runScenario(io.cucumber.testng.PickleWrapper,io.cucumber.testng.FeatureWrapper)[pri:0, instance:com.juaracoding.cucumber.step_definitions.RunnerTest@2fb3536e]" started-at="2022-12-30T00:15:38 WIB" name="runScenario" description="Runs Cucumber Scenarios" data-provider="scenarios" finished-at="2022-12-30T00:15:42 WIB" duration-ms="3784" status="PASS">
          <params>
            <param index="0">
              <value>
                <![CDATA["User login invalid username and invalid password"]]>
              </value>
            </param>
            <param index="1">
              <value>
                <![CDATA["Login User"]]>
              </value>
            </param>
          </params>
          <reporter-output>
          </reporter-output>
        </test-method> <!-- runScenario -->
        <test-method signature="runScenario(io.cucumber.testng.PickleWrapper,io.cucumber.testng.FeatureWrapper)[pri:0, instance:com.juaracoding.cucumber.step_definitions.RunnerTest@2fb3536e]" started-at="2022-12-30T00:15:42 WIB" name="runScenario" description="Runs Cucumber Scenarios" data-provider="scenarios" finished-at="2022-12-30T00:15:43 WIB" duration-ms="1507" status="FAIL">
          <params>
            <param index="0">
              <value>
                <![CDATA["User valid login"]]>
              </value>
            </param>
            <param index="1">
              <value>
                <![CDATA["Login User"]]>
              </value>
            </param>
          </params>
          <exception class="java.lang.AssertionError">
            <message>
              <![CDATA[expected:<> but was:<Dashboard>]]>
            </message>
            <full-stacktrace>
              <![CDATA[java.lang.AssertionError: expected:<> but was:<Dashboard>
at org.testng.AssertJUnit.assertEquals(AssertJUnit.java:115)
at org.testng.AssertJUnit.assertEquals(AssertJUnit.java:125)
at com.juaracoding.cucumber.step_definitions.TestLogin.user_valid_credentials(TestLogin.java:56)
at ✽.User valid credentials(file:///C:/Users/ASUS%20Notebook/git/Kelompok-3-TMS/src/main/resources/features/01.Login.feature:13)
]]>
            </full-stacktrace>
          </exception> <!-- java.lang.AssertionError -->
          <reporter-output>
          </reporter-output>
        </test-method> <!-- runScenario -->
        <test-method signature="runScenario(io.cucumber.testng.PickleWrapper,io.cucumber.testng.FeatureWrapper)[pri:0, instance:com.juaracoding.cucumber.step_definitions.RunnerTest@2fb3536e]" started-at="2022-12-30T00:15:43 WIB" name="runScenario" description="Runs Cucumber Scenarios" data-provider="scenarios" finished-at="2022-12-30T00:15:47 WIB" duration-ms="3678" status="PASS">
          <params>
            <param index="0">
              <value>
                <![CDATA["TCC.TMS.001 Admin menambahkan divisi baru"]]>
              </value>
            </param>
            <param index="1">
              <value>
                <![CDATA["Tambah Divisi"]]>
              </value>
            </param>
          </params>
          <reporter-output>
          </reporter-output>
        </test-method> <!-- runScenario -->
        <test-method signature="runScenario(io.cucumber.testng.PickleWrapper,io.cucumber.testng.FeatureWrapper)[pri:0, instance:com.juaracoding.cucumber.step_definitions.RunnerTest@2fb3536e]" started-at="2022-12-30T00:15:47 WIB" name="runScenario" description="Runs Cucumber Scenarios" data-provider="scenarios" finished-at="2022-12-30T00:15:50 WIB" duration-ms="2399" status="PASS">
          <params>
            <param index="0">
              <value>
                <![CDATA["TCC.TMS.002 Admin tidak input nama divisi baru"]]>
              </value>
            </param>
            <param index="1">
              <value>
                <![CDATA["Tambah Divisi"]]>
              </value>
            </param>
          </params>
          <reporter-output>
          </reporter-output>
        </test-method> <!-- runScenario -->
        <test-method signature="runScenario(io.cucumber.testng.PickleWrapper,io.cucumber.testng.FeatureWrapper)[pri:0, instance:com.juaracoding.cucumber.step_definitions.RunnerTest@2fb3536e]" started-at="2022-12-30T00:15:50 WIB" name="runScenario" description="Runs Cucumber Scenarios" data-provider="scenarios" finished-at="2022-12-30T00:15:51 WIB" duration-ms="1356" status="PASS">
          <params>
            <param index="0">
              <value>
                <![CDATA["TCC.TMS.003 Show Entries 10"]]>
              </value>
            </param>
            <param index="1">
              <value>
                <![CDATA["Tambah Divisi"]]>
              </value>
            </param>
          </params>
          <reporter-output>
          </reporter-output>
        </test-method> <!-- runScenario -->
        <test-method signature="runScenario(io.cucumber.testng.PickleWrapper,io.cucumber.testng.FeatureWrapper)[pri:0, instance:com.juaracoding.cucumber.step_definitions.RunnerTest@2fb3536e]" started-at="2022-12-30T00:15:51 WIB" name="runScenario" description="Runs Cucumber Scenarios" data-provider="scenarios" finished-at="2022-12-30T00:15:52 WIB" duration-ms="1367" status="PASS">
          <params>
            <param index="0">
              <value>
                <![CDATA["TCC.TMS.004 Show Entries 25"]]>
              </value>
            </param>
            <param index="1">
              <value>
                <![CDATA["Tambah Divisi"]]>
              </value>
            </param>
          </params>
          <reporter-output>
          </reporter-output>
        </test-method> <!-- runScenario -->
        <test-method signature="runScenario(io.cucumber.testng.PickleWrapper,io.cucumber.testng.FeatureWrapper)[pri:0, instance:com.juaracoding.cucumber.step_definitions.RunnerTest@2fb3536e]" started-at="2022-12-30T00:15:52 WIB" name="runScenario" description="Runs Cucumber Scenarios" data-provider="scenarios" finished-at="2022-12-30T00:15:54 WIB" duration-ms="1377" status="PASS">
          <params>
            <param index="0">
              <value>
                <![CDATA["TCC.TMS.005 Show Entries 50"]]>
              </value>
            </param>
            <param index="1">
              <value>
                <![CDATA["Tambah Divisi"]]>
              </value>
            </param>
          </params>
          <reporter-output>
          </reporter-output>
        </test-method> <!-- runScenario -->
        <test-method signature="runScenario(io.cucumber.testng.PickleWrapper,io.cucumber.testng.FeatureWrapper)[pri:0, instance:com.juaracoding.cucumber.step_definitions.RunnerTest@2fb3536e]" started-at="2022-12-30T00:15:54 WIB" name="runScenario" description="Runs Cucumber Scenarios" data-provider="scenarios" finished-at="2022-12-30T00:15:55 WIB" duration-ms="1403" status="PASS">
          <params>
            <param index="0">
              <value>
                <![CDATA["TCC.TMS.006 Show Entries 100"]]>
              </value>
            </param>
            <param index="1">
              <value>
                <![CDATA["Tambah Divisi"]]>
              </value>
            </param>
          </params>
          <reporter-output>
          </reporter-output>
        </test-method> <!-- runScenario -->
        <test-method signature="runScenario(io.cucumber.testng.PickleWrapper,io.cucumber.testng.FeatureWrapper)[pri:0, instance:com.juaracoding.cucumber.step_definitions.RunnerTest@2fb3536e]" started-at="2022-12-30T00:15:55 WIB" name="runScenario" description="Runs Cucumber Scenarios" data-provider="scenarios" finished-at="2022-12-30T00:15:56 WIB" duration-ms="1402" status="PASS">
          <params>
            <param index="0">
              <value>
                <![CDATA["TCC.TMS.007 Next Page"]]>
              </value>
            </param>
            <param index="1">
              <value>
                <![CDATA["Tambah Divisi"]]>
              </value>
            </param>
          </params>
          <reporter-output>
          </reporter-output>
        </test-method> <!-- runScenario -->
        <test-method signature="runScenario(io.cucumber.testng.PickleWrapper,io.cucumber.testng.FeatureWrapper)[pri:0, instance:com.juaracoding.cucumber.step_definitions.RunnerTest@2fb3536e]" started-at="2022-12-30T00:15:56 WIB" name="runScenario" description="Runs Cucumber Scenarios" data-provider="scenarios" finished-at="2022-12-30T00:15:58 WIB" duration-ms="1372" status="PASS">
          <params>
            <param index="0">
              <value>
                <![CDATA["TCC.TMS.008 Nomor Page"]]>
              </value>
            </param>
            <param index="1">
              <value>
                <![CDATA["Tambah Divisi"]]>
              </value>
            </param>
          </params>
          <reporter-output>
          </reporter-output>
        </test-method> <!-- runScenario -->
        <test-method signature="runScenario(io.cucumber.testng.PickleWrapper,io.cucumber.testng.FeatureWrapper)[pri:0, instance:com.juaracoding.cucumber.step_definitions.RunnerTest@2fb3536e]" started-at="2022-12-30T00:15:58 WIB" name="runScenario" description="Runs Cucumber Scenarios" data-provider="scenarios" finished-at="2022-12-30T00:15:59 WIB" duration-ms="1490" status="PASS">
          <params>
            <param index="0">
              <value>
                <![CDATA["TCC.TMS.009 Previous Page"]]>
              </value>
            </param>
            <param index="1">
              <value>
                <![CDATA["Tambah Divisi"]]>
              </value>
            </param>
          </params>
          <reporter-output>
          </reporter-output>
        </test-method> <!-- runScenario -->
        <test-method signature="runScenario(io.cucumber.testng.PickleWrapper,io.cucumber.testng.FeatureWrapper)[pri:0, instance:com.juaracoding.cucumber.step_definitions.RunnerTest@2fb3536e]" started-at="2022-12-30T00:15:59 WIB" name="runScenario" description="Runs Cucumber Scenarios" data-provider="scenarios" finished-at="2022-12-30T00:16:05 WIB" duration-ms="5425" status="PASS">
          <params>
            <param index="0">
              <value>
                <![CDATA["TCC.TMS.010 Search Nama Divisi Ada"]]>
              </value>
            </param>
            <param index="1">
              <value>
                <![CDATA["Tambah Divisi"]]>
              </value>
            </param>
          </params>
          <reporter-output>
          </reporter-output>
        </test-method> <!-- runScenario -->
        <test-method signature="runScenario(io.cucumber.testng.PickleWrapper,io.cucumber.testng.FeatureWrapper)[pri:0, instance:com.juaracoding.cucumber.step_definitions.RunnerTest@2fb3536e]" started-at="2022-12-30T00:16:05 WIB" name="runScenario" description="Runs Cucumber Scenarios" data-provider="scenarios" finished-at="2022-12-30T00:16:10 WIB" duration-ms="5457" status="PASS">
          <params>
            <param index="0">
              <value>
                <![CDATA["TCC.TMS.011 Search Nama Divisi Tidak Ada"]]>
              </value>
            </param>
            <param index="1">
              <value>
                <![CDATA["Tambah Divisi"]]>
              </value>
            </param>
          </params>
          <reporter-output>
          </reporter-output>
        </test-method> <!-- runScenario -->
        <test-method signature="runScenario(io.cucumber.testng.PickleWrapper,io.cucumber.testng.FeatureWrapper)[pri:0, instance:com.juaracoding.cucumber.step_definitions.RunnerTest@2fb3536e]" started-at="2022-12-30T00:16:10 WIB" name="runScenario" description="Runs Cucumber Scenarios" data-provider="scenarios" finished-at="2022-12-30T00:16:15 WIB" duration-ms="5007" status="PASS">
          <params>
            <param index="0">
              <value>
                <![CDATA["TCC.TMS.012 Edit Division Name"]]>
              </value>
            </param>
            <param index="1">
              <value>
                <![CDATA["Tambah Divisi"]]>
              </value>
            </param>
          </params>
          <reporter-output>
          </reporter-output>
        </test-method> <!-- runScenario -->
        <test-method signature="runScenario(io.cucumber.testng.PickleWrapper,io.cucumber.testng.FeatureWrapper)[pri:0, instance:com.juaracoding.cucumber.step_definitions.RunnerTest@2fb3536e]" started-at="2022-12-30T00:16:15 WIB" name="runScenario" description="Runs Cucumber Scenarios" data-provider="scenarios" finished-at="2022-12-30T00:16:24 WIB" duration-ms="8673" status="PASS">
          <params>
            <param index="0">
              <value>
                <![CDATA["TCC.TMS.013 admin menambahkan managemen divisi baru"]]>
              </value>
            </param>
            <param index="1">
              <value>
                <![CDATA["Managemen Divisi"]]>
              </value>
            </param>
          </params>
          <reporter-output>
          </reporter-output>
        </test-method> <!-- runScenario -->
        <test-method signature="runScenario(io.cucumber.testng.PickleWrapper,io.cucumber.testng.FeatureWrapper)[pri:0, instance:com.juaracoding.cucumber.step_definitions.RunnerTest@2fb3536e]" started-at="2022-12-30T00:16:24 WIB" name="runScenario" description="Runs Cucumber Scenarios" data-provider="scenarios" finished-at="2022-12-30T00:16:32 WIB" duration-ms="7918" status="PASS">
          <params>
            <param index="0">
              <value>
                <![CDATA["TCC.TMS.014 admin menambahkan managemen divisi baru dup"]]>
              </value>
            </param>
            <param index="1">
              <value>
                <![CDATA["Managemen Divisi"]]>
              </value>
            </param>
          </params>
          <reporter-output>
          </reporter-output>
        </test-method> <!-- runScenario -->
        <test-method signature="runScenario(io.cucumber.testng.PickleWrapper,io.cucumber.testng.FeatureWrapper)[pri:0, instance:com.juaracoding.cucumber.step_definitions.RunnerTest@2fb3536e]" started-at="2022-12-30T00:16:32 WIB" name="runScenario" description="Runs Cucumber Scenarios" data-provider="scenarios" finished-at="2022-12-30T00:16:38 WIB" duration-ms="5861" status="PASS">
          <params>
            <param index="0">
              <value>
                <![CDATA["TCC.TMS.015 admin menambahkan managemen divisi baru tanpa memilih nama divisi"]]>
              </value>
            </param>
            <param index="1">
              <value>
                <![CDATA["Managemen Divisi"]]>
              </value>
            </param>
          </params>
          <reporter-output>
          </reporter-output>
        </test-method> <!-- runScenario -->
        <test-method signature="runScenario(io.cucumber.testng.PickleWrapper,io.cucumber.testng.FeatureWrapper)[pri:0, instance:com.juaracoding.cucumber.step_definitions.RunnerTest@2fb3536e]" started-at="2022-12-30T00:16:38 WIB" name="runScenario" description="Runs Cucumber Scenarios" data-provider="scenarios" finished-at="2022-12-30T00:16:44 WIB" duration-ms="6778" status="PASS">
          <params>
            <param index="0">
              <value>
                <![CDATA["TCC.TMS.016 admin menambahkan managemen divisi baru tanpa mengisi nik team leader"]]>
              </value>
            </param>
            <param index="1">
              <value>
                <![CDATA["Managemen Divisi"]]>
              </value>
            </param>
          </params>
          <reporter-output>
          </reporter-output>
        </test-method> <!-- runScenario -->
        <test-method signature="runScenario(io.cucumber.testng.PickleWrapper,io.cucumber.testng.FeatureWrapper)[pri:0, instance:com.juaracoding.cucumber.step_definitions.RunnerTest@2fb3536e]" started-at="2022-12-30T00:16:44 WIB" name="runScenario" description="Runs Cucumber Scenarios" data-provider="scenarios" finished-at="2022-12-30T00:16:51 WIB" duration-ms="6777" status="PASS">
          <params>
            <param index="0">
              <value>
                <![CDATA["TCC.TMS.017 admin menambahkan managemen divisi baru tanpa mengisi nama supervisor"]]>
              </value>
            </param>
            <param index="1">
              <value>
                <![CDATA["Managemen Divisi"]]>
              </value>
            </param>
          </params>
          <reporter-output>
          </reporter-output>
        </test-method> <!-- runScenario -->
        <test-method signature="runScenario(io.cucumber.testng.PickleWrapper,io.cucumber.testng.FeatureWrapper)[pri:0, instance:com.juaracoding.cucumber.step_definitions.RunnerTest@2fb3536e]" started-at="2022-12-30T00:16:51 WIB" name="runScenario" description="Runs Cucumber Scenarios" data-provider="scenarios" finished-at="2022-12-30T00:16:53 WIB" duration-ms="1376" status="PASS">
          <params>
            <param index="0">
              <value>
                <![CDATA["TCC.TMS.018 Show Entries 10 md"]]>
              </value>
            </param>
            <param index="1">
              <value>
                <![CDATA["Managemen Divisi"]]>
              </value>
            </param>
          </params>
          <reporter-output>
          </reporter-output>
        </test-method> <!-- runScenario -->
        <test-method signature="runScenario(io.cucumber.testng.PickleWrapper,io.cucumber.testng.FeatureWrapper)[pri:0, instance:com.juaracoding.cucumber.step_definitions.RunnerTest@2fb3536e]" started-at="2022-12-30T00:16:53 WIB" name="runScenario" description="Runs Cucumber Scenarios" data-provider="scenarios" finished-at="2022-12-30T00:16:54 WIB" duration-ms="1466" status="PASS">
          <params>
            <param index="0">
              <value>
                <![CDATA["TCC.TMS.019 Show Entries 25 md"]]>
              </value>
            </param>
            <param index="1">
              <value>
                <![CDATA["Managemen Divisi"]]>
              </value>
            </param>
          </params>
          <reporter-output>
          </reporter-output>
        </test-method> <!-- runScenario -->
        <test-method signature="runScenario(io.cucumber.testng.PickleWrapper,io.cucumber.testng.FeatureWrapper)[pri:0, instance:com.juaracoding.cucumber.step_definitions.RunnerTest@2fb3536e]" started-at="2022-12-30T00:16:54 WIB" name="runScenario" description="Runs Cucumber Scenarios" data-provider="scenarios" finished-at="2022-12-30T00:16:56 WIB" duration-ms="1430" status="PASS">
          <params>
            <param index="0">
              <value>
                <![CDATA["TCC.TMS.020 Show Entries 50 md"]]>
              </value>
            </param>
            <param index="1">
              <value>
                <![CDATA["Managemen Divisi"]]>
              </value>
            </param>
          </params>
          <reporter-output>
          </reporter-output>
        </test-method> <!-- runScenario -->
        <test-method signature="runScenario(io.cucumber.testng.PickleWrapper,io.cucumber.testng.FeatureWrapper)[pri:0, instance:com.juaracoding.cucumber.step_definitions.RunnerTest@2fb3536e]" started-at="2022-12-30T00:16:56 WIB" name="runScenario" description="Runs Cucumber Scenarios" data-provider="scenarios" finished-at="2022-12-30T00:16:57 WIB" duration-ms="1458" status="PASS">
          <params>
            <param index="0">
              <value>
                <![CDATA["TCC.TMS.021 Show Entries 100 md"]]>
              </value>
            </param>
            <param index="1">
              <value>
                <![CDATA["Managemen Divisi"]]>
              </value>
            </param>
          </params>
          <reporter-output>
          </reporter-output>
        </test-method> <!-- runScenario -->
        <test-method signature="runScenario(io.cucumber.testng.PickleWrapper,io.cucumber.testng.FeatureWrapper)[pri:0, instance:com.juaracoding.cucumber.step_definitions.RunnerTest@2fb3536e]" started-at="2022-12-30T00:16:57 WIB" name="runScenario" description="Runs Cucumber Scenarios" data-provider="scenarios" finished-at="2022-12-30T00:16:58 WIB" duration-ms="1497" status="PASS">
          <params>
            <param index="0">
              <value>
                <![CDATA["TCC.TMS.022 Next Page md"]]>
              </value>
            </param>
            <param index="1">
              <value>
                <![CDATA["Managemen Divisi"]]>
              </value>
            </param>
          </params>
          <reporter-output>
          </reporter-output>
        </test-method> <!-- runScenario -->
        <test-method signature="runScenario(io.cucumber.testng.PickleWrapper,io.cucumber.testng.FeatureWrapper)[pri:0, instance:com.juaracoding.cucumber.step_definitions.RunnerTest@2fb3536e]" started-at="2022-12-30T00:16:58 WIB" name="runScenario" description="Runs Cucumber Scenarios" data-provider="scenarios" finished-at="2022-12-30T00:17:00 WIB" duration-ms="1455" status="PASS">
          <params>
            <param index="0">
              <value>
                <![CDATA["TCC.TMS.023 Nomor Page md"]]>
              </value>
            </param>
            <param index="1">
              <value>
                <![CDATA["Managemen Divisi"]]>
              </value>
            </param>
          </params>
          <reporter-output>
          </reporter-output>
        </test-method> <!-- runScenario -->
        <test-method signature="runScenario(io.cucumber.testng.PickleWrapper,io.cucumber.testng.FeatureWrapper)[pri:0, instance:com.juaracoding.cucumber.step_definitions.RunnerTest@2fb3536e]" started-at="2022-12-30T00:17:00 WIB" name="runScenario" description="Runs Cucumber Scenarios" data-provider="scenarios" finished-at="2022-12-30T00:17:01 WIB" duration-ms="1466" status="PASS">
          <params>
            <param index="0">
              <value>
                <![CDATA["TCC.TMS.024 Previous Page md"]]>
              </value>
            </param>
            <param index="1">
              <value>
                <![CDATA["Managemen Divisi"]]>
              </value>
            </param>
          </params>
          <reporter-output>
          </reporter-output>
        </test-method> <!-- runScenario -->
        <test-method signature="runScenario(io.cucumber.testng.PickleWrapper,io.cucumber.testng.FeatureWrapper)[pri:0, instance:com.juaracoding.cucumber.step_definitions.RunnerTest@2fb3536e]" started-at="2022-12-30T00:17:01 WIB" name="runScenario" description="Runs Cucumber Scenarios" data-provider="scenarios" finished-at="2022-12-30T00:17:07 WIB" duration-ms="5458" status="PASS">
          <params>
            <param index="0">
              <value>
                <![CDATA["TCC.TMS.025 Search Nama Divisi Ada md"]]>
              </value>
            </param>
            <param index="1">
              <value>
                <![CDATA["Managemen Divisi"]]>
              </value>
            </param>
          </params>
          <reporter-output>
          </reporter-output>
        </test-method> <!-- runScenario -->
        <test-method signature="runScenario(io.cucumber.testng.PickleWrapper,io.cucumber.testng.FeatureWrapper)[pri:0, instance:com.juaracoding.cucumber.step_definitions.RunnerTest@2fb3536e]" started-at="2022-12-30T00:17:07 WIB" name="runScenario" description="Runs Cucumber Scenarios" data-provider="scenarios" finished-at="2022-12-30T00:17:12 WIB" duration-ms="5466" status="PASS">
          <params>
            <param index="0">
              <value>
                <![CDATA["TCC.TMS.026 Search Nama Divisi Tidak Ada md"]]>
              </value>
            </param>
            <param index="1">
              <value>
                <![CDATA["Managemen Divisi"]]>
              </value>
            </param>
          </params>
          <reporter-output>
          </reporter-output>
        </test-method> <!-- runScenario -->
        <test-method signature="runScenario(io.cucumber.testng.PickleWrapper,io.cucumber.testng.FeatureWrapper)[pri:0, instance:com.juaracoding.cucumber.step_definitions.RunnerTest@2fb3536e]" started-at="2022-12-30T00:17:12 WIB" name="runScenario" description="Runs Cucumber Scenarios" data-provider="scenarios" finished-at="2022-12-30T00:17:17 WIB" duration-ms="4675" status="PASS">
          <params>
            <param index="0">
              <value>
                <![CDATA["TCC.TMS.027 Edit Division Name md"]]>
              </value>
            </param>
            <param index="1">
              <value>
                <![CDATA["Managemen Divisi"]]>
              </value>
            </param>
          </params>
          <reporter-output>
          </reporter-output>
        </test-method> <!-- runScenario -->
        <test-method signature="runScenario(io.cucumber.testng.PickleWrapper,io.cucumber.testng.FeatureWrapper)[pri:0, instance:com.juaracoding.cucumber.step_definitions.RunnerTest@2fb3536e]" started-at="2022-12-30T00:17:17 WIB" name="runScenario" description="Runs Cucumber Scenarios" data-provider="scenarios" finished-at="2022-12-30T00:17:20 WIB" duration-ms="3471" status="PASS">
          <params>
            <param index="0">
              <value>
                <![CDATA["TCC.TMS.028 Delete Division Name md"]]>
              </value>
            </param>
            <param index="1">
              <value>
                <![CDATA["Managemen Divisi"]]>
              </value>
            </param>
          </params>
          <reporter-output>
          </reporter-output>
        </test-method> <!-- runScenario -->
        <test-method is-config="true" signature="tearDownClass()[pri:0, instance:com.juaracoding.cucumber.step_definitions.RunnerTest@2fb3536e]" started-at="2022-12-30T00:17:20 WIB" name="tearDownClass" finished-at="2022-12-30T00:17:25 WIB" duration-ms="4983" status="PASS">
          <reporter-output>
          </reporter-output>
        </test-method> <!-- tearDownClass -->
      </class> <!-- com.juaracoding.cucumber.step_definitions.RunnerTest -->
    </test> <!-- Default test -->
  </suite> <!-- Default suite -->
</testng-results>
