<?xml version="1.0" encoding="UTF-8"?>
<testng-results ignored="0" total="44" passed="42" failed="2" skipped="0">
  <reporter-output>
  </reporter-output>
  <suite started-at="2023-01-01T17:21:51 WIB" name="Default suite" finished-at="2023-01-01T17:23:21 WIB" duration-ms="90590">
    <groups>
      <group name="cucumber">
        <method signature="AbstractTestNGCucumberTests.runScenario(io.cucumber.testng.PickleWrapper,io.cucumber.testng.FeatureWrapper)[pri:0, instance:com.juaracoding.cucumber.step_definitions.RunnerTest@56cdfb3b]" name="runScenario" class="io.cucumber.testng.AbstractTestNGCucumberTests"/>
      </group> <!-- cucumber -->
    </groups>
    <test started-at="2023-01-01T17:21:51 WIB" name="Default test" finished-at="2023-01-01T17:23:21 WIB" duration-ms="90590">
      <class name="com.juaracoding.cucumber.step_definitions.RunnerTest">
        <test-method is-config="true" signature="setUpClass(org.testng.ITestContext)[pri:0, instance:com.juaracoding.cucumber.step_definitions.RunnerTest@56cdfb3b]" started-at="2023-01-01T17:21:51 WIB" name="setUpClass" finished-at="2023-01-01T17:21:51 WIB" duration-ms="388" status="PASS">
          <params>
            <param index="0">
              <value>
                <![CDATA[org.testng.TestRunner@25e8e59]]>
              </value>
            </param>
          </params>
          <reporter-output>
          </reporter-output>
        </test-method> <!-- setUpClass -->
        <test-method signature="runScenario(io.cucumber.testng.PickleWrapper,io.cucumber.testng.FeatureWrapper)[pri:0, instance:com.juaracoding.cucumber.step_definitions.RunnerTest@56cdfb3b]" started-at="2023-01-01T17:21:51 WIB" name="runScenario" description="Runs Cucumber Scenarios" data-provider="scenarios" finished-at="2023-01-01T17:21:53 WIB" duration-ms="1419" status="PASS">
          <params>
            <param index="0">
              <value>
                <![CDATA["User go to invalid website"]]>
              </value>
            </param>
            <param index="1">
              <value>
                <![CDATA["Login User"]]>
              </value>
            </param>
          </params>
          <reporter-output>
          </reporter-output>
        </test-method> <!-- runScenario -->
        <test-method signature="runScenario(io.cucumber.testng.PickleWrapper,io.cucumber.testng.FeatureWrapper)[pri:0, instance:com.juaracoding.cucumber.step_definitions.RunnerTest@56cdfb3b]" started-at="2023-01-01T17:21:53 WIB" name="runScenario" description="Runs Cucumber Scenarios" data-provider="scenarios" finished-at="2023-01-01T17:21:54 WIB" duration-ms="1655" status="PASS">
          <params>
            <param index="0">
              <value>
                <![CDATA["User go to website"]]>
              </value>
            </param>
            <param index="1">
              <value>
                <![CDATA["Login User"]]>
              </value>
            </param>
          </params>
          <reporter-output>
          </reporter-output>
        </test-method> <!-- runScenario -->
        <test-method signature="runScenario(io.cucumber.testng.PickleWrapper,io.cucumber.testng.FeatureWrapper)[pri:0, instance:com.juaracoding.cucumber.step_definitions.RunnerTest@56cdfb3b]" started-at="2023-01-01T17:21:54 WIB" name="runScenario" description="Runs Cucumber Scenarios" data-provider="scenarios" finished-at="2023-01-01T17:21:55 WIB" duration-ms="251" status="PASS">
          <params>
            <param index="0">
              <value>
                <![CDATA["User login null username and null password"]]>
              </value>
            </param>
            <param index="1">
              <value>
                <![CDATA["Login User"]]>
              </value>
            </param>
          </params>
          <reporter-output>
          </reporter-output>
        </test-method> <!-- runScenario -->
        <test-method signature="runScenario(io.cucumber.testng.PickleWrapper,io.cucumber.testng.FeatureWrapper)[pri:0, instance:com.juaracoding.cucumber.step_definitions.RunnerTest@56cdfb3b]" started-at="2023-01-01T17:21:55 WIB" name="runScenario" description="Runs Cucumber Scenarios" data-provider="scenarios" finished-at="2023-01-01T17:21:55 WIB" duration-ms="236" status="PASS">
          <params>
            <param index="0">
              <value>
                <![CDATA["User login null username and invalid password"]]>
              </value>
            </param>
            <param index="1">
              <value>
                <![CDATA["Login User"]]>
              </value>
            </param>
          </params>
          <reporter-output>
          </reporter-output>
        </test-method> <!-- runScenario -->
        <test-method signature="runScenario(io.cucumber.testng.PickleWrapper,io.cucumber.testng.FeatureWrapper)[pri:0, instance:com.juaracoding.cucumber.step_definitions.RunnerTest@56cdfb3b]" started-at="2023-01-01T17:21:55 WIB" name="runScenario" description="Runs Cucumber Scenarios" data-provider="scenarios" finished-at="2023-01-01T17:21:55 WIB" duration-ms="223" status="PASS">
          <params>
            <param index="0">
              <value>
                <![CDATA["User login null username and valid password"]]>
              </value>
            </param>
            <param index="1">
              <value>
                <![CDATA["Login User"]]>
              </value>
            </param>
          </params>
          <reporter-output>
          </reporter-output>
        </test-method> <!-- runScenario -->
        <test-method signature="runScenario(io.cucumber.testng.PickleWrapper,io.cucumber.testng.FeatureWrapper)[pri:0, instance:com.juaracoding.cucumber.step_definitions.RunnerTest@56cdfb3b]" started-at="2023-01-01T17:21:55 WIB" name="runScenario" description="Runs Cucumber Scenarios" data-provider="scenarios" finished-at="2023-01-01T17:21:55 WIB" duration-ms="233" status="PASS">
          <params>
            <param index="0">
              <value>
                <![CDATA["User login invalid username and null password"]]>
              </value>
            </param>
            <param index="1">
              <value>
                <![CDATA["Login User"]]>
              </value>
            </param>
          </params>
          <reporter-output>
          </reporter-output>
        </test-method> <!-- runScenario -->
        <test-method signature="runScenario(io.cucumber.testng.PickleWrapper,io.cucumber.testng.FeatureWrapper)[pri:0, instance:com.juaracoding.cucumber.step_definitions.RunnerTest@56cdfb3b]" started-at="2023-01-01T17:21:55 WIB" name="runScenario" description="Runs Cucumber Scenarios" data-provider="scenarios" finished-at="2023-01-01T17:21:57 WIB" duration-ms="1334" status="PASS">
          <params>
            <param index="0">
              <value>
                <![CDATA["User login invalid username and invalid password"]]>
              </value>
            </param>
            <param index="1">
              <value>
                <![CDATA["Login User"]]>
              </value>
            </param>
          </params>
          <reporter-output>
          </reporter-output>
        </test-method> <!-- runScenario -->
        <test-method signature="runScenario(io.cucumber.testng.PickleWrapper,io.cucumber.testng.FeatureWrapper)[pri:0, instance:com.juaracoding.cucumber.step_definitions.RunnerTest@56cdfb3b]" started-at="2023-01-01T17:21:57 WIB" name="runScenario" description="Runs Cucumber Scenarios" data-provider="scenarios" finished-at="2023-01-01T17:21:58 WIB" duration-ms="1303" status="PASS">
          <params>
            <param index="0">
              <value>
                <![CDATA["User login invalid username and valid password"]]>
              </value>
            </param>
            <param index="1">
              <value>
                <![CDATA["Login User"]]>
              </value>
            </param>
          </params>
          <reporter-output>
          </reporter-output>
        </test-method> <!-- runScenario -->
        <test-method signature="runScenario(io.cucumber.testng.PickleWrapper,io.cucumber.testng.FeatureWrapper)[pri:0, instance:com.juaracoding.cucumber.step_definitions.RunnerTest@56cdfb3b]" started-at="2023-01-01T17:21:58 WIB" name="runScenario" description="Runs Cucumber Scenarios" data-provider="scenarios" finished-at="2023-01-01T17:21:58 WIB" duration-ms="236" status="PASS">
          <params>
            <param index="0">
              <value>
                <![CDATA["User login valid username and null password"]]>
              </value>
            </param>
            <param index="1">
              <value>
                <![CDATA["Login User"]]>
              </value>
            </param>
          </params>
          <reporter-output>
          </reporter-output>
        </test-method> <!-- runScenario -->
        <test-method signature="runScenario(io.cucumber.testng.PickleWrapper,io.cucumber.testng.FeatureWrapper)[pri:0, instance:com.juaracoding.cucumber.step_definitions.RunnerTest@56cdfb3b]" started-at="2023-01-01T17:21:58 WIB" name="runScenario" description="Runs Cucumber Scenarios" data-provider="scenarios" finished-at="2023-01-01T17:21:59 WIB" duration-ms="1317" status="PASS">
          <params>
            <param index="0">
              <value>
                <![CDATA["User login valid username and invalid password"]]>
              </value>
            </param>
            <param index="1">
              <value>
                <![CDATA["Login User"]]>
              </value>
            </param>
          </params>
          <reporter-output>
          </reporter-output>
        </test-method> <!-- runScenario -->
        <test-method signature="runScenario(io.cucumber.testng.PickleWrapper,io.cucumber.testng.FeatureWrapper)[pri:0, instance:com.juaracoding.cucumber.step_definitions.RunnerTest@56cdfb3b]" started-at="2023-01-01T17:21:59 WIB" name="runScenario" description="Runs Cucumber Scenarios" data-provider="scenarios" finished-at="2023-01-01T17:22:02 WIB" duration-ms="2873" status="PASS">
          <params>
            <param index="0">
              <value>
                <![CDATA["User valid login"]]>
              </value>
            </param>
            <param index="1">
              <value>
                <![CDATA["Login User"]]>
              </value>
            </param>
          </params>
          <reporter-output>
          </reporter-output>
        </test-method> <!-- runScenario -->
        <test-method signature="runScenario(io.cucumber.testng.PickleWrapper,io.cucumber.testng.FeatureWrapper)[pri:0, instance:com.juaracoding.cucumber.step_definitions.RunnerTest@56cdfb3b]" started-at="2023-01-01T17:22:02 WIB" name="runScenario" description="Runs Cucumber Scenarios" data-provider="scenarios" finished-at="2023-01-01T17:22:03 WIB" duration-ms="842" status="PASS">
          <params>
            <param index="0">
              <value>
                <![CDATA["User valid logout"]]>
              </value>
            </param>
            <param index="1">
              <value>
                <![CDATA["Login User"]]>
              </value>
            </param>
          </params>
          <reporter-output>
          </reporter-output>
        </test-method> <!-- runScenario -->
        <test-method signature="runScenario(io.cucumber.testng.PickleWrapper,io.cucumber.testng.FeatureWrapper)[pri:0, instance:com.juaracoding.cucumber.step_definitions.RunnerTest@56cdfb3b]" started-at="2023-01-01T17:22:03 WIB" name="runScenario" description="Runs Cucumber Scenarios" data-provider="scenarios" finished-at="2023-01-01T17:22:06 WIB" duration-ms="2512" status="PASS">
          <params>
            <param index="0">
              <value>
                <![CDATA["Add data parameter shifting invalid"]]>
              </value>
            </param>
            <param index="1">
              <value>
                <![CDATA["Parameter Shifting"]]>
              </value>
            </param>
          </params>
          <reporter-output>
          </reporter-output>
        </test-method> <!-- runScenario -->
        <test-method signature="runScenario(io.cucumber.testng.PickleWrapper,io.cucumber.testng.FeatureWrapper)[pri:0, instance:com.juaracoding.cucumber.step_definitions.RunnerTest@56cdfb3b]" started-at="2023-01-01T17:22:06 WIB" name="runScenario" description="Runs Cucumber Scenarios" data-provider="scenarios" finished-at="2023-01-01T17:22:09 WIB" duration-ms="3811" status="PASS">
          <params>
            <param index="0">
              <value>
                <![CDATA["Add data parameter shifting valid"]]>
              </value>
            </param>
            <param index="1">
              <value>
                <![CDATA["Parameter Shifting"]]>
              </value>
            </param>
          </params>
          <reporter-output>
          </reporter-output>
        </test-method> <!-- runScenario -->
        <test-method signature="runScenario(io.cucumber.testng.PickleWrapper,io.cucumber.testng.FeatureWrapper)[pri:0, instance:com.juaracoding.cucumber.step_definitions.RunnerTest@56cdfb3b]" started-at="2023-01-01T17:22:09 WIB" name="runScenario" description="Runs Cucumber Scenarios" data-provider="scenarios" finished-at="2023-01-01T17:22:12 WIB" duration-ms="2642" status="PASS">
          <params>
            <param index="0">
              <value>
                <![CDATA["Cancel Add data parameter shifting"]]>
              </value>
            </param>
            <param index="1">
              <value>
                <![CDATA["Parameter Shifting"]]>
              </value>
            </param>
          </params>
          <reporter-output>
          </reporter-output>
        </test-method> <!-- runScenario -->
        <test-method signature="runScenario(io.cucumber.testng.PickleWrapper,io.cucumber.testng.FeatureWrapper)[pri:0, instance:com.juaracoding.cucumber.step_definitions.RunnerTest@56cdfb3b]" started-at="2023-01-01T17:22:12 WIB" name="runScenario" description="Runs Cucumber Scenarios" data-provider="scenarios" finished-at="2023-01-01T17:22:16 WIB" duration-ms="3928" status="FAIL">
          <params>
            <param index="0">
              <value>
                <![CDATA["Edit data parameter shifting invalid"]]>
              </value>
            </param>
            <param index="1">
              <value>
                <![CDATA["Parameter Shifting"]]>
              </value>
            </param>
          </params>
          <exception class="java.lang.AssertionError">
            <message>
              <![CDATA[expected [Form Add] but found [Tambah]]]>
            </message>
            <full-stacktrace>
              <![CDATA[java.lang.AssertionError: expected [Form Add] but found [Tambah]
at org.testng.Assert.fail(Assert.java:99)
at org.testng.Assert.failNotEquals(Assert.java:1037)
at org.testng.Assert.assertEqualsImpl(Assert.java:140)
at org.testng.Assert.assertEquals(Assert.java:122)
at org.testng.Assert.assertEquals(Assert.java:629)
at org.testng.Assert.assertEquals(Assert.java:639)
at com.juaracoding.cucumber.step_definitions.TestParameterShifting.user_get_field_edit_null_alert_shifting(TestParameterShifting.java:91)
at ✽.User get field edit null alert shifting(file:///C:/Users/fauza/git/Kelompok-3-TMS/src/main/resources/features/07.ParameterShifting.feature:27)
]]>
            </full-stacktrace>
          </exception> <!-- java.lang.AssertionError -->
          <reporter-output>
          </reporter-output>
        </test-method> <!-- runScenario -->
        <test-method signature="runScenario(io.cucumber.testng.PickleWrapper,io.cucumber.testng.FeatureWrapper)[pri:0, instance:com.juaracoding.cucumber.step_definitions.RunnerTest@56cdfb3b]" started-at="2023-01-01T17:22:16 WIB" name="runScenario" description="Runs Cucumber Scenarios" data-provider="scenarios" finished-at="2023-01-01T17:22:21 WIB" duration-ms="4721" status="PASS">
          <params>
            <param index="0">
              <value>
                <![CDATA["Edit data parameter shifting valid"]]>
              </value>
            </param>
            <param index="1">
              <value>
                <![CDATA["Parameter Shifting"]]>
              </value>
            </param>
          </params>
          <reporter-output>
          </reporter-output>
        </test-method> <!-- runScenario -->
        <test-method signature="runScenario(io.cucumber.testng.PickleWrapper,io.cucumber.testng.FeatureWrapper)[pri:0, instance:com.juaracoding.cucumber.step_definitions.RunnerTest@56cdfb3b]" started-at="2023-01-01T17:22:21 WIB" name="runScenario" description="Runs Cucumber Scenarios" data-provider="scenarios" finished-at="2023-01-01T17:22:35 WIB" duration-ms="14320" status="PASS">
          <params>
            <param index="0">
              <value>
                <![CDATA["Delete data parameter shifting"]]>
              </value>
            </param>
            <param index="1">
              <value>
                <![CDATA["Parameter Shifting"]]>
              </value>
            </param>
          </params>
          <reporter-output>
          </reporter-output>
        </test-method> <!-- runScenario -->
        <test-method signature="runScenario(io.cucumber.testng.PickleWrapper,io.cucumber.testng.FeatureWrapper)[pri:0, instance:com.juaracoding.cucumber.step_definitions.RunnerTest@56cdfb3b]" started-at="2023-01-01T17:22:35 WIB" name="runScenario" description="Runs Cucumber Scenarios" data-provider="scenarios" finished-at="2023-01-01T17:22:36 WIB" duration-ms="1399" status="PASS">
          <params>
            <param index="0">
              <value>
                <![CDATA["Cancel delete data parameter shifting"]]>
              </value>
            </param>
            <param index="1">
              <value>
                <![CDATA["Parameter Shifting"]]>
              </value>
            </param>
          </params>
          <reporter-output>
          </reporter-output>
        </test-method> <!-- runScenario -->
        <test-method signature="runScenario(io.cucumber.testng.PickleWrapper,io.cucumber.testng.FeatureWrapper)[pri:0, instance:com.juaracoding.cucumber.step_definitions.RunnerTest@56cdfb3b]" started-at="2023-01-01T17:22:36 WIB" name="runScenario" description="Runs Cucumber Scenarios" data-provider="scenarios" finished-at="2023-01-01T17:22:38 WIB" duration-ms="1279" status="PASS">
          <params>
            <param index="0">
              <value>
                <![CDATA["Show 10 data parameter shifting"]]>
              </value>
            </param>
            <param index="1">
              <value>
                <![CDATA["Parameter Shifting"]]>
              </value>
            </param>
          </params>
          <reporter-output>
          </reporter-output>
        </test-method> <!-- runScenario -->
        <test-method signature="runScenario(io.cucumber.testng.PickleWrapper,io.cucumber.testng.FeatureWrapper)[pri:0, instance:com.juaracoding.cucumber.step_definitions.RunnerTest@56cdfb3b]" started-at="2023-01-01T17:22:38 WIB" name="runScenario" description="Runs Cucumber Scenarios" data-provider="scenarios" finished-at="2023-01-01T17:22:39 WIB" duration-ms="1257" status="PASS">
          <params>
            <param index="0">
              <value>
                <![CDATA["Show 25 data parameter shifting"]]>
              </value>
            </param>
            <param index="1">
              <value>
                <![CDATA["Parameter Shifting"]]>
              </value>
            </param>
          </params>
          <reporter-output>
          </reporter-output>
        </test-method> <!-- runScenario -->
        <test-method signature="runScenario(io.cucumber.testng.PickleWrapper,io.cucumber.testng.FeatureWrapper)[pri:0, instance:com.juaracoding.cucumber.step_definitions.RunnerTest@56cdfb3b]" started-at="2023-01-01T17:22:39 WIB" name="runScenario" description="Runs Cucumber Scenarios" data-provider="scenarios" finished-at="2023-01-01T17:22:40 WIB" duration-ms="1333" status="PASS">
          <params>
            <param index="0">
              <value>
                <![CDATA["Show 50 data parameter shifting"]]>
              </value>
            </param>
            <param index="1">
              <value>
                <![CDATA["Parameter Shifting"]]>
              </value>
            </param>
          </params>
          <reporter-output>
          </reporter-output>
        </test-method> <!-- runScenario -->
        <test-method signature="runScenario(io.cucumber.testng.PickleWrapper,io.cucumber.testng.FeatureWrapper)[pri:0, instance:com.juaracoding.cucumber.step_definitions.RunnerTest@56cdfb3b]" started-at="2023-01-01T17:22:40 WIB" name="runScenario" description="Runs Cucumber Scenarios" data-provider="scenarios" finished-at="2023-01-01T17:22:42 WIB" duration-ms="1375" status="PASS">
          <params>
            <param index="0">
              <value>
                <![CDATA["Show 100 data parameter shifting"]]>
              </value>
            </param>
            <param index="1">
              <value>
                <![CDATA["Parameter Shifting"]]>
              </value>
            </param>
          </params>
          <reporter-output>
          </reporter-output>
        </test-method> <!-- runScenario -->
        <test-method signature="runScenario(io.cucumber.testng.PickleWrapper,io.cucumber.testng.FeatureWrapper)[pri:0, instance:com.juaracoding.cucumber.step_definitions.RunnerTest@56cdfb3b]" started-at="2023-01-01T17:22:42 WIB" name="runScenario" description="Runs Cucumber Scenarios" data-provider="scenarios" finished-at="2023-01-01T17:22:43 WIB" duration-ms="1350" status="PASS">
          <params>
            <param index="0">
              <value>
                <![CDATA["Search data parameter shifting"]]>
              </value>
            </param>
            <param index="1">
              <value>
                <![CDATA["Parameter Shifting"]]>
              </value>
            </param>
          </params>
          <reporter-output>
          </reporter-output>
        </test-method> <!-- runScenario -->
        <test-method signature="runScenario(io.cucumber.testng.PickleWrapper,io.cucumber.testng.FeatureWrapper)[pri:0, instance:com.juaracoding.cucumber.step_definitions.RunnerTest@56cdfb3b]" started-at="2023-01-01T17:22:43 WIB" name="runScenario" description="Runs Cucumber Scenarios" data-provider="scenarios" finished-at="2023-01-01T17:22:44 WIB" duration-ms="1029" status="PASS">
          <params>
            <param index="0">
              <value>
                <![CDATA["Add data kerja penempatan invalid"]]>
              </value>
            </param>
            <param index="1">
              <value>
                <![CDATA["Kerja Penempatan"]]>
              </value>
            </param>
          </params>
          <reporter-output>
          </reporter-output>
        </test-method> <!-- runScenario -->
        <test-method signature="runScenario(io.cucumber.testng.PickleWrapper,io.cucumber.testng.FeatureWrapper)[pri:0, instance:com.juaracoding.cucumber.step_definitions.RunnerTest@56cdfb3b]" started-at="2023-01-01T17:22:44 WIB" name="runScenario" description="Runs Cucumber Scenarios" data-provider="scenarios" finished-at="2023-01-01T17:22:46 WIB" duration-ms="1475" status="PASS">
          <params>
            <param index="0">
              <value>
                <![CDATA["Add data kerja penempatan valid"]]>
              </value>
            </param>
            <param index="1">
              <value>
                <![CDATA["Kerja Penempatan"]]>
              </value>
            </param>
          </params>
          <reporter-output>
          </reporter-output>
        </test-method> <!-- runScenario -->
        <test-method signature="runScenario(io.cucumber.testng.PickleWrapper,io.cucumber.testng.FeatureWrapper)[pri:0, instance:com.juaracoding.cucumber.step_definitions.RunnerTest@56cdfb3b]" started-at="2023-01-01T17:22:46 WIB" name="runScenario" description="Runs Cucumber Scenarios" data-provider="scenarios" finished-at="2023-01-01T17:22:50 WIB" duration-ms="4861" status="PASS">
          <params>
            <param index="0">
              <value>
                <![CDATA["Edit data kerja penempatan invalid"]]>
              </value>
            </param>
            <param index="1">
              <value>
                <![CDATA["Kerja Penempatan"]]>
              </value>
            </param>
          </params>
          <reporter-output>
          </reporter-output>
        </test-method> <!-- runScenario -->
        <test-method signature="runScenario(io.cucumber.testng.PickleWrapper,io.cucumber.testng.FeatureWrapper)[pri:0, instance:com.juaracoding.cucumber.step_definitions.RunnerTest@56cdfb3b]" started-at="2023-01-01T17:22:50 WIB" name="runScenario" description="Runs Cucumber Scenarios" data-provider="scenarios" finished-at="2023-01-01T17:22:53 WIB" duration-ms="2472" status="PASS">
          <params>
            <param index="0">
              <value>
                <![CDATA["Edit data kerja penempatan valid"]]>
              </value>
            </param>
            <param index="1">
              <value>
                <![CDATA["Kerja Penempatan"]]>
              </value>
            </param>
          </params>
          <reporter-output>
          </reporter-output>
        </test-method> <!-- runScenario -->
        <test-method signature="runScenario(io.cucumber.testng.PickleWrapper,io.cucumber.testng.FeatureWrapper)[pri:0, instance:com.juaracoding.cucumber.step_definitions.RunnerTest@56cdfb3b]" started-at="2023-01-01T17:22:53 WIB" name="runScenario" description="Runs Cucumber Scenarios" data-provider="scenarios" finished-at="2023-01-01T17:22:57 WIB" duration-ms="3866" status="PASS">
          <params>
            <param index="0">
              <value>
                <![CDATA["Cancel edit data kerja penempatan"]]>
              </value>
            </param>
            <param index="1">
              <value>
                <![CDATA["Kerja Penempatan"]]>
              </value>
            </param>
          </params>
          <reporter-output>
          </reporter-output>
        </test-method> <!-- runScenario -->
        <test-method signature="runScenario(io.cucumber.testng.PickleWrapper,io.cucumber.testng.FeatureWrapper)[pri:0, instance:com.juaracoding.cucumber.step_definitions.RunnerTest@56cdfb3b]" started-at="2023-01-01T17:22:57 WIB" name="runScenario" description="Runs Cucumber Scenarios" data-provider="scenarios" finished-at="2023-01-01T17:22:59 WIB" duration-ms="1992" status="PASS">
          <params>
            <param index="0">
              <value>
                <![CDATA["Show 10 data kerja penempatan"]]>
              </value>
            </param>
            <param index="1">
              <value>
                <![CDATA["Kerja Penempatan"]]>
              </value>
            </param>
          </params>
          <reporter-output>
          </reporter-output>
        </test-method> <!-- runScenario -->
        <test-method signature="runScenario(io.cucumber.testng.PickleWrapper,io.cucumber.testng.FeatureWrapper)[pri:0, instance:com.juaracoding.cucumber.step_definitions.RunnerTest@56cdfb3b]" started-at="2023-01-01T17:22:59 WIB" name="runScenario" description="Runs Cucumber Scenarios" data-provider="scenarios" finished-at="2023-01-01T17:23:01 WIB" duration-ms="1997" status="PASS">
          <params>
            <param index="0">
              <value>
                <![CDATA["Show 25 data kerja penempatan"]]>
              </value>
            </param>
            <param index="1">
              <value>
                <![CDATA["Kerja Penempatan"]]>
              </value>
            </param>
          </params>
          <reporter-output>
          </reporter-output>
        </test-method> <!-- runScenario -->
        <test-method signature="runScenario(io.cucumber.testng.PickleWrapper,io.cucumber.testng.FeatureWrapper)[pri:0, instance:com.juaracoding.cucumber.step_definitions.RunnerTest@56cdfb3b]" started-at="2023-01-01T17:23:01 WIB" name="runScenario" description="Runs Cucumber Scenarios" data-provider="scenarios" finished-at="2023-01-01T17:23:03 WIB" duration-ms="2087" status="PASS">
          <params>
            <param index="0">
              <value>
                <![CDATA["Show 50 data kerja penempatan"]]>
              </value>
            </param>
            <param index="1">
              <value>
                <![CDATA["Kerja Penempatan"]]>
              </value>
            </param>
          </params>
          <reporter-output>
          </reporter-output>
        </test-method> <!-- runScenario -->
        <test-method signature="runScenario(io.cucumber.testng.PickleWrapper,io.cucumber.testng.FeatureWrapper)[pri:0, instance:com.juaracoding.cucumber.step_definitions.RunnerTest@56cdfb3b]" started-at="2023-01-01T17:23:03 WIB" name="runScenario" description="Runs Cucumber Scenarios" data-provider="scenarios" finished-at="2023-01-01T17:23:05 WIB" duration-ms="1930" status="PASS">
          <params>
            <param index="0">
              <value>
                <![CDATA["Show 100 data kerja penempatan"]]>
              </value>
            </param>
            <param index="1">
              <value>
                <![CDATA["Kerja Penempatan"]]>
              </value>
            </param>
          </params>
          <reporter-output>
          </reporter-output>
        </test-method> <!-- runScenario -->
        <test-method signature="runScenario(io.cucumber.testng.PickleWrapper,io.cucumber.testng.FeatureWrapper)[pri:0, instance:com.juaracoding.cucumber.step_definitions.RunnerTest@56cdfb3b]" started-at="2023-01-01T17:23:05 WIB" name="runScenario" description="Runs Cucumber Scenarios" data-provider="scenarios" finished-at="2023-01-01T17:23:06 WIB" duration-ms="1295" status="PASS">
          <params>
            <param index="0">
              <value>
                <![CDATA["Search data kerja penempatan"]]>
              </value>
            </param>
            <param index="1">
              <value>
                <![CDATA["Kerja Penempatan"]]>
              </value>
            </param>
          </params>
          <reporter-output>
          </reporter-output>
        </test-method> <!-- runScenario -->
        <test-method signature="runScenario(io.cucumber.testng.PickleWrapper,io.cucumber.testng.FeatureWrapper)[pri:0, instance:com.juaracoding.cucumber.step_definitions.RunnerTest@56cdfb3b]" started-at="2023-01-01T17:23:06 WIB" name="runScenario" description="Runs Cucumber Scenarios" data-provider="scenarios" finished-at="2023-01-01T17:23:08 WIB" duration-ms="2304" status="PASS">
          <params>
            <param index="0">
              <value>
                <![CDATA["Add data master position invalid"]]>
              </value>
            </param>
            <param index="1">
              <value>
                <![CDATA["Master Position"]]>
              </value>
            </param>
          </params>
          <reporter-output>
          </reporter-output>
        </test-method> <!-- runScenario -->
        <test-method signature="runScenario(io.cucumber.testng.PickleWrapper,io.cucumber.testng.FeatureWrapper)[pri:0, instance:com.juaracoding.cucumber.step_definitions.RunnerTest@56cdfb3b]" started-at="2023-01-01T17:23:08 WIB" name="runScenario" description="Runs Cucumber Scenarios" data-provider="scenarios" finished-at="2023-01-01T17:23:09 WIB" duration-ms="698" status="PASS">
          <params>
            <param index="0">
              <value>
                <![CDATA["Add data master position valid"]]>
              </value>
            </param>
            <param index="1">
              <value>
                <![CDATA["Master Position"]]>
              </value>
            </param>
          </params>
          <reporter-output>
          </reporter-output>
        </test-method> <!-- runScenario -->
        <test-method signature="runScenario(io.cucumber.testng.PickleWrapper,io.cucumber.testng.FeatureWrapper)[pri:0, instance:com.juaracoding.cucumber.step_definitions.RunnerTest@56cdfb3b]" started-at="2023-01-01T17:23:09 WIB" name="runScenario" description="Runs Cucumber Scenarios" data-provider="scenarios" finished-at="2023-01-01T17:23:10 WIB" duration-ms="860" status="PASS">
          <params>
            <param index="0">
              <value>
                <![CDATA["Edit data master position invalid"]]>
              </value>
            </param>
            <param index="1">
              <value>
                <![CDATA["Master Position"]]>
              </value>
            </param>
          </params>
          <reporter-output>
          </reporter-output>
        </test-method> <!-- runScenario -->
        <test-method signature="runScenario(io.cucumber.testng.PickleWrapper,io.cucumber.testng.FeatureWrapper)[pri:0, instance:com.juaracoding.cucumber.step_definitions.RunnerTest@56cdfb3b]" started-at="2023-01-01T17:23:10 WIB" name="runScenario" description="Runs Cucumber Scenarios" data-provider="scenarios" finished-at="2023-01-01T17:23:11 WIB" duration-ms="587" status="PASS">
          <params>
            <param index="0">
              <value>
                <![CDATA["Edit data master position valid"]]>
              </value>
            </param>
            <param index="1">
              <value>
                <![CDATA["Master Position"]]>
              </value>
            </param>
          </params>
          <reporter-output>
          </reporter-output>
        </test-method> <!-- runScenario -->
        <test-method signature="runScenario(io.cucumber.testng.PickleWrapper,io.cucumber.testng.FeatureWrapper)[pri:0, instance:com.juaracoding.cucumber.step_definitions.RunnerTest@56cdfb3b]" started-at="2023-01-01T17:23:11 WIB" name="runScenario" description="Runs Cucumber Scenarios" data-provider="scenarios" finished-at="2023-01-01T17:23:12 WIB" duration-ms="1037" status="FAIL">
          <params>
            <param index="0">
              <value>
                <![CDATA["Cancel edit data master position"]]>
              </value>
            </param>
            <param index="1">
              <value>
                <![CDATA["Master Position"]]>
              </value>
            </param>
          </params>
          <exception class="java.lang.AssertionError">
            <message>
              <![CDATA[expected [https://dev.ptdika.com/tiket.com/position_tms/master_p_tms] but found [https://dev.ptdika.com/tiket.com/position_tms]]]>
            </message>
            <full-stacktrace>
              <![CDATA[java.lang.AssertionError: expected [https://dev.ptdika.com/tiket.com/position_tms/master_p_tms] but found [https://dev.ptdika.com/tiket.com/position_tms]
at org.testng.Assert.fail(Assert.java:99)
at org.testng.Assert.failNotEquals(Assert.java:1037)
at org.testng.Assert.assertEqualsImpl(Assert.java:140)
at org.testng.Assert.assertEquals(Assert.java:122)
at org.testng.Assert.assertEquals(Assert.java:629)
at org.testng.Assert.assertEquals(Assert.java:639)
at com.juaracoding.cucumber.step_definitions.TestMasterPosition.user_back_to_master_position_page(TestMasterPosition.java:112)
at ✽.User back to master position page(file:///C:/Users/fauza/git/Kelompok-3-TMS/src/main/resources/features/09.MasterPosition.feature:33)
]]>
            </full-stacktrace>
          </exception> <!-- java.lang.AssertionError -->
          <reporter-output>
          </reporter-output>
        </test-method> <!-- runScenario -->
        <test-method signature="runScenario(io.cucumber.testng.PickleWrapper,io.cucumber.testng.FeatureWrapper)[pri:0, instance:com.juaracoding.cucumber.step_definitions.RunnerTest@56cdfb3b]" started-at="2023-01-01T17:23:12 WIB" name="runScenario" description="Runs Cucumber Scenarios" data-provider="scenarios" finished-at="2023-01-01T17:23:13 WIB" duration-ms="1364" status="PASS">
          <params>
            <param index="0">
              <value>
                <![CDATA["Show 10 data kerja position"]]>
              </value>
            </param>
            <param index="1">
              <value>
                <![CDATA["Master Position"]]>
              </value>
            </param>
          </params>
          <reporter-output>
          </reporter-output>
        </test-method> <!-- runScenario -->
        <test-method signature="runScenario(io.cucumber.testng.PickleWrapper,io.cucumber.testng.FeatureWrapper)[pri:0, instance:com.juaracoding.cucumber.step_definitions.RunnerTest@56cdfb3b]" started-at="2023-01-01T17:23:13 WIB" name="runScenario" description="Runs Cucumber Scenarios" data-provider="scenarios" finished-at="2023-01-01T17:23:14 WIB" duration-ms="1320" status="PASS">
          <params>
            <param index="0">
              <value>
                <![CDATA["Show 25 data kerja position"]]>
              </value>
            </param>
            <param index="1">
              <value>
                <![CDATA["Master Position"]]>
              </value>
            </param>
          </params>
          <reporter-output>
          </reporter-output>
        </test-method> <!-- runScenario -->
        <test-method signature="runScenario(io.cucumber.testng.PickleWrapper,io.cucumber.testng.FeatureWrapper)[pri:0, instance:com.juaracoding.cucumber.step_definitions.RunnerTest@56cdfb3b]" started-at="2023-01-01T17:23:14 WIB" name="runScenario" description="Runs Cucumber Scenarios" data-provider="scenarios" finished-at="2023-01-01T17:23:16 WIB" duration-ms="1283" status="PASS">
          <params>
            <param index="0">
              <value>
                <![CDATA["Show 50 data kerja position"]]>
              </value>
            </param>
            <param index="1">
              <value>
                <![CDATA["Master Position"]]>
              </value>
            </param>
          </params>
          <reporter-output>
          </reporter-output>
        </test-method> <!-- runScenario -->
        <test-method signature="runScenario(io.cucumber.testng.PickleWrapper,io.cucumber.testng.FeatureWrapper)[pri:0, instance:com.juaracoding.cucumber.step_definitions.RunnerTest@56cdfb3b]" started-at="2023-01-01T17:23:16 WIB" name="runScenario" description="Runs Cucumber Scenarios" data-provider="scenarios" finished-at="2023-01-01T17:23:17 WIB" duration-ms="1310" status="PASS">
          <params>
            <param index="0">
              <value>
                <![CDATA["Show 100 data kerja position"]]>
              </value>
            </param>
            <param index="1">
              <value>
                <![CDATA["Master Position"]]>
              </value>
            </param>
          </params>
          <reporter-output>
          </reporter-output>
        </test-method> <!-- runScenario -->
        <test-method signature="runScenario(io.cucumber.testng.PickleWrapper,io.cucumber.testng.FeatureWrapper)[pri:0, instance:com.juaracoding.cucumber.step_definitions.RunnerTest@56cdfb3b]" started-at="2023-01-01T17:23:17 WIB" name="runScenario" description="Runs Cucumber Scenarios" data-provider="scenarios" finished-at="2023-01-01T17:23:18 WIB" duration-ms="1326" status="PASS">
          <params>
            <param index="0">
              <value>
                <![CDATA["Search data kerja position"]]>
              </value>
            </param>
            <param index="1">
              <value>
                <![CDATA["Master Position"]]>
              </value>
            </param>
          </params>
          <reporter-output>
          </reporter-output>
        </test-method> <!-- runScenario -->
        <test-method is-config="true" signature="tearDownClass()[pri:0, instance:com.juaracoding.cucumber.step_definitions.RunnerTest@56cdfb3b]" started-at="2023-01-01T17:23:18 WIB" name="tearDownClass" finished-at="2023-01-01T17:23:21 WIB" duration-ms="3206" status="PASS">
          <reporter-output>
          </reporter-output>
        </test-method> <!-- tearDownClass -->
      </class> <!-- com.juaracoding.cucumber.step_definitions.RunnerTest -->
    </test> <!-- Default test -->
  </suite> <!-- Default suite -->
</testng-results>
