<?xml version="1.0" encoding="UTF-8"?>
<testng-results ignored="0" total="74" passed="72" failed="2" skipped="0">
  <reporter-output>
  </reporter-output>
  <suite started-at="2023-01-01T18:27:54 WIB" name="Default suite" finished-at="2023-01-01T18:30:45 WIB" duration-ms="170687">
    <groups>
      <group name="cucumber">
        <method signature="AbstractTestNGCucumberTests.runScenario(io.cucumber.testng.PickleWrapper,io.cucumber.testng.FeatureWrapper)[pri:0, instance:com.juaracoding.cucumber.step_definitions.RunnerTest@56cdfb3b]" name="runScenario" class="io.cucumber.testng.AbstractTestNGCucumberTests"/>
      </group> <!-- cucumber -->
    </groups>
    <test started-at="2023-01-01T18:27:54 WIB" name="Default test" finished-at="2023-01-01T18:30:45 WIB" duration-ms="170687">
      <class name="com.juaracoding.cucumber.step_definitions.RunnerTest">
        <test-method is-config="true" signature="setUpClass(org.testng.ITestContext)[pri:0, instance:com.juaracoding.cucumber.step_definitions.RunnerTest@56cdfb3b]" started-at="2023-01-01T18:27:54 WIB" name="setUpClass" finished-at="2023-01-01T18:27:55 WIB" duration-ms="402" status="PASS">
          <params>
            <param index="0">
              <value>
                <![CDATA[org.testng.TestRunner@43cf97a8]]>
              </value>
            </param>
          </params>
          <reporter-output>
          </reporter-output>
        </test-method> <!-- setUpClass -->
        <test-method signature="runScenario(io.cucumber.testng.PickleWrapper,io.cucumber.testng.FeatureWrapper)[pri:0, instance:com.juaracoding.cucumber.step_definitions.RunnerTest@56cdfb3b]" started-at="2023-01-01T18:27:55 WIB" name="runScenario" description="Runs Cucumber Scenarios" data-provider="scenarios" finished-at="2023-01-01T18:27:56 WIB" duration-ms="1781" status="PASS">
          <params>
            <param index="0">
              <value>
                <![CDATA["User go to invalid website"]]>
              </value>
            </param>
            <param index="1">
              <value>
                <![CDATA["Login User"]]>
              </value>
            </param>
          </params>
          <reporter-output>
          </reporter-output>
        </test-method> <!-- runScenario -->
        <test-method signature="runScenario(io.cucumber.testng.PickleWrapper,io.cucumber.testng.FeatureWrapper)[pri:0, instance:com.juaracoding.cucumber.step_definitions.RunnerTest@56cdfb3b]" started-at="2023-01-01T18:27:56 WIB" name="runScenario" description="Runs Cucumber Scenarios" data-provider="scenarios" finished-at="2023-01-01T18:27:59 WIB" duration-ms="2504" status="PASS">
          <params>
            <param index="0">
              <value>
                <![CDATA["User go to website"]]>
              </value>
            </param>
            <param index="1">
              <value>
                <![CDATA["Login User"]]>
              </value>
            </param>
          </params>
          <reporter-output>
          </reporter-output>
        </test-method> <!-- runScenario -->
        <test-method signature="runScenario(io.cucumber.testng.PickleWrapper,io.cucumber.testng.FeatureWrapper)[pri:0, instance:com.juaracoding.cucumber.step_definitions.RunnerTest@56cdfb3b]" started-at="2023-01-01T18:27:59 WIB" name="runScenario" description="Runs Cucumber Scenarios" data-provider="scenarios" finished-at="2023-01-01T18:27:59 WIB" duration-ms="266" status="PASS">
          <params>
            <param index="0">
              <value>
                <![CDATA["User login null username and null password"]]>
              </value>
            </param>
            <param index="1">
              <value>
                <![CDATA["Login User"]]>
              </value>
            </param>
          </params>
          <reporter-output>
          </reporter-output>
        </test-method> <!-- runScenario -->
        <test-method signature="runScenario(io.cucumber.testng.PickleWrapper,io.cucumber.testng.FeatureWrapper)[pri:0, instance:com.juaracoding.cucumber.step_definitions.RunnerTest@56cdfb3b]" started-at="2023-01-01T18:27:59 WIB" name="runScenario" description="Runs Cucumber Scenarios" data-provider="scenarios" finished-at="2023-01-01T18:27:59 WIB" duration-ms="222" status="PASS">
          <params>
            <param index="0">
              <value>
                <![CDATA["User login null username and invalid password"]]>
              </value>
            </param>
            <param index="1">
              <value>
                <![CDATA["Login User"]]>
              </value>
            </param>
          </params>
          <reporter-output>
          </reporter-output>
        </test-method> <!-- runScenario -->
        <test-method signature="runScenario(io.cucumber.testng.PickleWrapper,io.cucumber.testng.FeatureWrapper)[pri:0, instance:com.juaracoding.cucumber.step_definitions.RunnerTest@56cdfb3b]" started-at="2023-01-01T18:27:59 WIB" name="runScenario" description="Runs Cucumber Scenarios" data-provider="scenarios" finished-at="2023-01-01T18:28:00 WIB" duration-ms="264" status="PASS">
          <params>
            <param index="0">
              <value>
                <![CDATA["User login null username and valid password"]]>
              </value>
            </param>
            <param index="1">
              <value>
                <![CDATA["Login User"]]>
              </value>
            </param>
          </params>
          <reporter-output>
          </reporter-output>
        </test-method> <!-- runScenario -->
        <test-method signature="runScenario(io.cucumber.testng.PickleWrapper,io.cucumber.testng.FeatureWrapper)[pri:0, instance:com.juaracoding.cucumber.step_definitions.RunnerTest@56cdfb3b]" started-at="2023-01-01T18:28:00 WIB" name="runScenario" description="Runs Cucumber Scenarios" data-provider="scenarios" finished-at="2023-01-01T18:28:00 WIB" duration-ms="228" status="PASS">
          <params>
            <param index="0">
              <value>
                <![CDATA["User login invalid username and null password"]]>
              </value>
            </param>
            <param index="1">
              <value>
                <![CDATA["Login User"]]>
              </value>
            </param>
          </params>
          <reporter-output>
          </reporter-output>
        </test-method> <!-- runScenario -->
        <test-method signature="runScenario(io.cucumber.testng.PickleWrapper,io.cucumber.testng.FeatureWrapper)[pri:0, instance:com.juaracoding.cucumber.step_definitions.RunnerTest@56cdfb3b]" started-at="2023-01-01T18:28:00 WIB" name="runScenario" description="Runs Cucumber Scenarios" data-provider="scenarios" finished-at="2023-01-01T18:28:01 WIB" duration-ms="1330" status="PASS">
          <params>
            <param index="0">
              <value>
                <![CDATA["User login invalid username and invalid password"]]>
              </value>
            </param>
            <param index="1">
              <value>
                <![CDATA["Login User"]]>
              </value>
            </param>
          </params>
          <reporter-output>
          </reporter-output>
        </test-method> <!-- runScenario -->
        <test-method signature="runScenario(io.cucumber.testng.PickleWrapper,io.cucumber.testng.FeatureWrapper)[pri:0, instance:com.juaracoding.cucumber.step_definitions.RunnerTest@56cdfb3b]" started-at="2023-01-01T18:28:01 WIB" name="runScenario" description="Runs Cucumber Scenarios" data-provider="scenarios" finished-at="2023-01-01T18:28:02 WIB" duration-ms="1305" status="PASS">
          <params>
            <param index="0">
              <value>
                <![CDATA["User login invalid username and valid password"]]>
              </value>
            </param>
            <param index="1">
              <value>
                <![CDATA["Login User"]]>
              </value>
            </param>
          </params>
          <reporter-output>
          </reporter-output>
        </test-method> <!-- runScenario -->
        <test-method signature="runScenario(io.cucumber.testng.PickleWrapper,io.cucumber.testng.FeatureWrapper)[pri:0, instance:com.juaracoding.cucumber.step_definitions.RunnerTest@56cdfb3b]" started-at="2023-01-01T18:28:02 WIB" name="runScenario" description="Runs Cucumber Scenarios" data-provider="scenarios" finished-at="2023-01-01T18:28:03 WIB" duration-ms="212" status="PASS">
          <params>
            <param index="0">
              <value>
                <![CDATA["User login valid username and null password"]]>
              </value>
            </param>
            <param index="1">
              <value>
                <![CDATA["Login User"]]>
              </value>
            </param>
          </params>
          <reporter-output>
          </reporter-output>
        </test-method> <!-- runScenario -->
        <test-method signature="runScenario(io.cucumber.testng.PickleWrapper,io.cucumber.testng.FeatureWrapper)[pri:0, instance:com.juaracoding.cucumber.step_definitions.RunnerTest@56cdfb3b]" started-at="2023-01-01T18:28:03 WIB" name="runScenario" description="Runs Cucumber Scenarios" data-provider="scenarios" finished-at="2023-01-01T18:28:04 WIB" duration-ms="1298" status="PASS">
          <params>
            <param index="0">
              <value>
                <![CDATA["User login valid username and invalid password"]]>
              </value>
            </param>
            <param index="1">
              <value>
                <![CDATA["Login User"]]>
              </value>
            </param>
          </params>
          <reporter-output>
          </reporter-output>
        </test-method> <!-- runScenario -->
        <test-method signature="runScenario(io.cucumber.testng.PickleWrapper,io.cucumber.testng.FeatureWrapper)[pri:0, instance:com.juaracoding.cucumber.step_definitions.RunnerTest@56cdfb3b]" started-at="2023-01-01T18:28:04 WIB" name="runScenario" description="Runs Cucumber Scenarios" data-provider="scenarios" finished-at="2023-01-01T18:28:07 WIB" duration-ms="3330" status="PASS">
          <params>
            <param index="0">
              <value>
                <![CDATA["User valid login"]]>
              </value>
            </param>
            <param index="1">
              <value>
                <![CDATA["Login User"]]>
              </value>
            </param>
          </params>
          <reporter-output>
          </reporter-output>
        </test-method> <!-- runScenario -->
        <test-method signature="runScenario(io.cucumber.testng.PickleWrapper,io.cucumber.testng.FeatureWrapper)[pri:0, instance:com.juaracoding.cucumber.step_definitions.RunnerTest@56cdfb3b]" started-at="2023-01-01T18:28:07 WIB" name="runScenario" description="Runs Cucumber Scenarios" data-provider="scenarios" finished-at="2023-01-01T18:28:08 WIB" duration-ms="933" status="PASS">
          <params>
            <param index="0">
              <value>
                <![CDATA["User valid logout"]]>
              </value>
            </param>
            <param index="1">
              <value>
                <![CDATA["Login User"]]>
              </value>
            </param>
          </params>
          <reporter-output>
          </reporter-output>
        </test-method> <!-- runScenario -->
        <test-method signature="runScenario(io.cucumber.testng.PickleWrapper,io.cucumber.testng.FeatureWrapper)[pri:0, instance:com.juaracoding.cucumber.step_definitions.RunnerTest@56cdfb3b]" started-at="2023-01-01T18:28:08 WIB" name="runScenario" description="Runs Cucumber Scenarios" data-provider="scenarios" finished-at="2023-01-01T18:28:12 WIB" duration-ms="3630" status="PASS">
          <params>
            <param index="0">
              <value>
                <![CDATA["TCC.TMS.001 user invalid absen"]]>
              </value>
            </param>
            <param index="1">
              <value>
                <![CDATA["Absen Admin Masuk"]]>
              </value>
            </param>
          </params>
          <reporter-output>
          </reporter-output>
        </test-method> <!-- runScenario -->
        <test-method signature="runScenario(io.cucumber.testng.PickleWrapper,io.cucumber.testng.FeatureWrapper)[pri:0, instance:com.juaracoding.cucumber.step_definitions.RunnerTest@56cdfb3b]" started-at="2023-01-01T18:28:12 WIB" name="runScenario" description="Runs Cucumber Scenarios" data-provider="scenarios" finished-at="2023-01-01T18:28:14 WIB" duration-ms="2372" status="PASS">
          <params>
            <param index="0">
              <value>
                <![CDATA["TCC.TMS.002 user invalid absen"]]>
              </value>
            </param>
            <param index="1">
              <value>
                <![CDATA["Absen Admin Masuk"]]>
              </value>
            </param>
          </params>
          <reporter-output>
          </reporter-output>
        </test-method> <!-- runScenario -->
        <test-method signature="runScenario(io.cucumber.testng.PickleWrapper,io.cucumber.testng.FeatureWrapper)[pri:0, instance:com.juaracoding.cucumber.step_definitions.RunnerTest@56cdfb3b]" started-at="2023-01-01T18:28:14 WIB" name="runScenario" description="Runs Cucumber Scenarios" data-provider="scenarios" finished-at="2023-01-01T18:28:17 WIB" duration-ms="2485" status="PASS">
          <params>
            <param index="0">
              <value>
                <![CDATA["TCC.TMS.003 user invalid absen"]]>
              </value>
            </param>
            <param index="1">
              <value>
                <![CDATA["Absen Admin Masuk"]]>
              </value>
            </param>
          </params>
          <reporter-output>
          </reporter-output>
        </test-method> <!-- runScenario -->
        <test-method signature="runScenario(io.cucumber.testng.PickleWrapper,io.cucumber.testng.FeatureWrapper)[pri:0, instance:com.juaracoding.cucumber.step_definitions.RunnerTest@56cdfb3b]" started-at="2023-01-01T18:28:17 WIB" name="runScenario" description="Runs Cucumber Scenarios" data-provider="scenarios" finished-at="2023-01-01T18:28:19 WIB" duration-ms="2271" status="PASS">
          <params>
            <param index="0">
              <value>
                <![CDATA["TCC.TMS.004 user invalid absen"]]>
              </value>
            </param>
            <param index="1">
              <value>
                <![CDATA["Absen Admin Masuk"]]>
              </value>
            </param>
          </params>
          <reporter-output>
          </reporter-output>
        </test-method> <!-- runScenario -->
        <test-method signature="runScenario(io.cucumber.testng.PickleWrapper,io.cucumber.testng.FeatureWrapper)[pri:0, instance:com.juaracoding.cucumber.step_definitions.RunnerTest@56cdfb3b]" started-at="2023-01-01T18:28:19 WIB" name="runScenario" description="Runs Cucumber Scenarios" data-provider="scenarios" finished-at="2023-01-01T18:28:20 WIB" duration-ms="1476" status="PASS">
          <params>
            <param index="0">
              <value>
                <![CDATA["TCC.TMS.005 user invalid absen"]]>
              </value>
            </param>
            <param index="1">
              <value>
                <![CDATA["Absen Admin Masuk"]]>
              </value>
            </param>
          </params>
          <reporter-output>
          </reporter-output>
        </test-method> <!-- runScenario -->
        <test-method signature="runScenario(io.cucumber.testng.PickleWrapper,io.cucumber.testng.FeatureWrapper)[pri:0, instance:com.juaracoding.cucumber.step_definitions.RunnerTest@56cdfb3b]" started-at="2023-01-01T18:28:20 WIB" name="runScenario" description="Runs Cucumber Scenarios" data-provider="scenarios" finished-at="2023-01-01T18:28:32 WIB" duration-ms="11724" status="PASS">
          <params>
            <param index="0">
              <value>
                <![CDATA["TCC.TMS.006 user invalid absen"]]>
              </value>
            </param>
            <param index="1">
              <value>
                <![CDATA["Absen Admin Masuk"]]>
              </value>
            </param>
          </params>
          <reporter-output>
          </reporter-output>
        </test-method> <!-- runScenario -->
        <test-method signature="runScenario(io.cucumber.testng.PickleWrapper,io.cucumber.testng.FeatureWrapper)[pri:0, instance:com.juaracoding.cucumber.step_definitions.RunnerTest@56cdfb3b]" started-at="2023-01-01T18:28:32 WIB" name="runScenario" description="Runs Cucumber Scenarios" data-provider="scenarios" finished-at="2023-01-01T18:28:35 WIB" duration-ms="2880" status="PASS">
          <params>
            <param index="0">
              <value>
                <![CDATA["TCC.TMS.007 user invalid absen"]]>
              </value>
            </param>
            <param index="1">
              <value>
                <![CDATA["Absen Admin Masuk"]]>
              </value>
            </param>
          </params>
          <reporter-output>
          </reporter-output>
        </test-method> <!-- runScenario -->
        <test-method signature="runScenario(io.cucumber.testng.PickleWrapper,io.cucumber.testng.FeatureWrapper)[pri:0, instance:com.juaracoding.cucumber.step_definitions.RunnerTest@56cdfb3b]" started-at="2023-01-01T18:28:35 WIB" name="runScenario" description="Runs Cucumber Scenarios" data-provider="scenarios" finished-at="2023-01-01T18:28:38 WIB" duration-ms="2530" status="PASS">
          <params>
            <param index="0">
              <value>
                <![CDATA["TCC.TMS.001 user valid absen masuk"]]>
              </value>
            </param>
            <param index="1">
              <value>
                <![CDATA["Absen Admin Masuk"]]>
              </value>
            </param>
          </params>
          <reporter-output>
          </reporter-output>
        </test-method> <!-- runScenario -->
        <test-method signature="runScenario(io.cucumber.testng.PickleWrapper,io.cucumber.testng.FeatureWrapper)[pri:0, instance:com.juaracoding.cucumber.step_definitions.RunnerTest@56cdfb3b]" started-at="2023-01-01T18:28:38 WIB" name="runScenario" description="Runs Cucumber Scenarios" data-provider="scenarios" finished-at="2023-01-01T18:28:40 WIB" duration-ms="2886" status="PASS">
          <params>
            <param index="0">
              <value>
                <![CDATA["TCC.TMS.002 admin search user"]]>
              </value>
            </param>
            <param index="1">
              <value>
                <![CDATA["Absen Admin Masuk"]]>
              </value>
            </param>
          </params>
          <reporter-output>
          </reporter-output>
        </test-method> <!-- runScenario -->
        <test-method signature="runScenario(io.cucumber.testng.PickleWrapper,io.cucumber.testng.FeatureWrapper)[pri:0, instance:com.juaracoding.cucumber.step_definitions.RunnerTest@56cdfb3b]" started-at="2023-01-01T18:28:40 WIB" name="runScenario" description="Runs Cucumber Scenarios" data-provider="scenarios" finished-at="2023-01-01T18:28:42 WIB" duration-ms="1737" status="PASS">
          <params>
            <param index="0">
              <value>
                <![CDATA["TCC.TMS.003 admin branch position spesifik"]]>
              </value>
            </param>
            <param index="1">
              <value>
                <![CDATA["Absen Admin Masuk"]]>
              </value>
            </param>
          </params>
          <reporter-output>
          </reporter-output>
        </test-method> <!-- runScenario -->
        <test-method signature="runScenario(io.cucumber.testng.PickleWrapper,io.cucumber.testng.FeatureWrapper)[pri:0, instance:com.juaracoding.cucumber.step_definitions.RunnerTest@56cdfb3b]" started-at="2023-01-01T18:28:42 WIB" name="runScenario" description="Runs Cucumber Scenarios" data-provider="scenarios" finished-at="2023-01-01T18:28:44 WIB" duration-ms="1699" status="PASS">
          <params>
            <param index="0">
              <value>
                <![CDATA["TCC.TMS.001 user invalid absen pulang"]]>
              </value>
            </param>
            <param index="1">
              <value>
                <![CDATA["Absen Admin Pulang"]]>
              </value>
            </param>
          </params>
          <reporter-output>
          </reporter-output>
        </test-method> <!-- runScenario -->
        <test-method signature="runScenario(io.cucumber.testng.PickleWrapper,io.cucumber.testng.FeatureWrapper)[pri:0, instance:com.juaracoding.cucumber.step_definitions.RunnerTest@56cdfb3b]" started-at="2023-01-01T18:28:44 WIB" name="runScenario" description="Runs Cucumber Scenarios" data-provider="scenarios" finished-at="2023-01-01T18:28:46 WIB" duration-ms="2485" status="PASS">
          <params>
            <param index="0">
              <value>
                <![CDATA["TCC.TMS.002 user invalid absen pulang"]]>
              </value>
            </param>
            <param index="1">
              <value>
                <![CDATA["Absen Admin Pulang"]]>
              </value>
            </param>
          </params>
          <reporter-output>
          </reporter-output>
        </test-method> <!-- runScenario -->
        <test-method signature="runScenario(io.cucumber.testng.PickleWrapper,io.cucumber.testng.FeatureWrapper)[pri:0, instance:com.juaracoding.cucumber.step_definitions.RunnerTest@56cdfb3b]" started-at="2023-01-01T18:28:46 WIB" name="runScenario" description="Runs Cucumber Scenarios" data-provider="scenarios" finished-at="2023-01-01T18:28:49 WIB" duration-ms="2374" status="PASS">
          <params>
            <param index="0">
              <value>
                <![CDATA["TCC.TMS.003 user invalid absen pulang"]]>
              </value>
            </param>
            <param index="1">
              <value>
                <![CDATA["Absen Admin Pulang"]]>
              </value>
            </param>
          </params>
          <reporter-output>
          </reporter-output>
        </test-method> <!-- runScenario -->
        <test-method signature="runScenario(io.cucumber.testng.PickleWrapper,io.cucumber.testng.FeatureWrapper)[pri:0, instance:com.juaracoding.cucumber.step_definitions.RunnerTest@56cdfb3b]" started-at="2023-01-01T18:28:49 WIB" name="runScenario" description="Runs Cucumber Scenarios" data-provider="scenarios" finished-at="2023-01-01T18:28:51 WIB" duration-ms="2167" status="PASS">
          <params>
            <param index="0">
              <value>
                <![CDATA["TCC.TMS.004 user invalid absen pulang"]]>
              </value>
            </param>
            <param index="1">
              <value>
                <![CDATA["Absen Admin Pulang"]]>
              </value>
            </param>
          </params>
          <reporter-output>
          </reporter-output>
        </test-method> <!-- runScenario -->
        <test-method signature="runScenario(io.cucumber.testng.PickleWrapper,io.cucumber.testng.FeatureWrapper)[pri:0, instance:com.juaracoding.cucumber.step_definitions.RunnerTest@56cdfb3b]" started-at="2023-01-01T18:28:51 WIB" name="runScenario" description="Runs Cucumber Scenarios" data-provider="scenarios" finished-at="2023-01-01T18:28:53 WIB" duration-ms="2389" status="PASS">
          <params>
            <param index="0">
              <value>
                <![CDATA["TCC.TMS.005 user invalid absen pulang"]]>
              </value>
            </param>
            <param index="1">
              <value>
                <![CDATA["Absen Admin Pulang"]]>
              </value>
            </param>
          </params>
          <reporter-output>
          </reporter-output>
        </test-method> <!-- runScenario -->
        <test-method signature="runScenario(io.cucumber.testng.PickleWrapper,io.cucumber.testng.FeatureWrapper)[pri:0, instance:com.juaracoding.cucumber.step_definitions.RunnerTest@56cdfb3b]" started-at="2023-01-01T18:28:53 WIB" name="runScenario" description="Runs Cucumber Scenarios" data-provider="scenarios" finished-at="2023-01-01T18:28:56 WIB" duration-ms="2302" status="PASS">
          <params>
            <param index="0">
              <value>
                <![CDATA["TCC.TMS.006 user invalid absen pulang"]]>
              </value>
            </param>
            <param index="1">
              <value>
                <![CDATA["Absen Admin Pulang"]]>
              </value>
            </param>
          </params>
          <reporter-output>
          </reporter-output>
        </test-method> <!-- runScenario -->
        <test-method signature="runScenario(io.cucumber.testng.PickleWrapper,io.cucumber.testng.FeatureWrapper)[pri:0, instance:com.juaracoding.cucumber.step_definitions.RunnerTest@56cdfb3b]" started-at="2023-01-01T18:28:56 WIB" name="runScenario" description="Runs Cucumber Scenarios" data-provider="scenarios" finished-at="2023-01-01T18:28:58 WIB" duration-ms="2791" status="PASS">
          <params>
            <param index="0">
              <value>
                <![CDATA["TCC.TMS.007 user invalid absen pulang"]]>
              </value>
            </param>
            <param index="1">
              <value>
                <![CDATA["Absen Admin Pulang"]]>
              </value>
            </param>
          </params>
          <reporter-output>
          </reporter-output>
        </test-method> <!-- runScenario -->
        <test-method signature="runScenario(io.cucumber.testng.PickleWrapper,io.cucumber.testng.FeatureWrapper)[pri:0, instance:com.juaracoding.cucumber.step_definitions.RunnerTest@56cdfb3b]" started-at="2023-01-01T18:28:58 WIB" name="runScenario" description="Runs Cucumber Scenarios" data-provider="scenarios" finished-at="2023-01-01T18:29:01 WIB" duration-ms="2453" status="PASS">
          <params>
            <param index="0">
              <value>
                <![CDATA["TCC.TMS.001 user valid absen pulang"]]>
              </value>
            </param>
            <param index="1">
              <value>
                <![CDATA["Absen Admin Pulang"]]>
              </value>
            </param>
          </params>
          <reporter-output>
          </reporter-output>
        </test-method> <!-- runScenario -->
        <test-method signature="runScenario(io.cucumber.testng.PickleWrapper,io.cucumber.testng.FeatureWrapper)[pri:0, instance:com.juaracoding.cucumber.step_definitions.RunnerTest@56cdfb3b]" started-at="2023-01-01T18:29:01 WIB" name="runScenario" description="Runs Cucumber Scenarios" data-provider="scenarios" finished-at="2023-01-01T18:29:04 WIB" duration-ms="3022" status="PASS">
          <params>
            <param index="0">
              <value>
                <![CDATA["TCC.TMS.002 admin search user pulang"]]>
              </value>
            </param>
            <param index="1">
              <value>
                <![CDATA["Absen Admin Pulang"]]>
              </value>
            </param>
          </params>
          <reporter-output>
          </reporter-output>
        </test-method> <!-- runScenario -->
        <test-method signature="runScenario(io.cucumber.testng.PickleWrapper,io.cucumber.testng.FeatureWrapper)[pri:0, instance:com.juaracoding.cucumber.step_definitions.RunnerTest@56cdfb3b]" started-at="2023-01-01T18:29:04 WIB" name="runScenario" description="Runs Cucumber Scenarios" data-provider="scenarios" finished-at="2023-01-01T18:29:06 WIB" duration-ms="1693" status="PASS">
          <params>
            <param index="0">
              <value>
                <![CDATA["TCC.TMS.003 user valid absen pulang branch spesifik"]]>
              </value>
            </param>
            <param index="1">
              <value>
                <![CDATA["Absen Admin Pulang"]]>
              </value>
            </param>
          </params>
          <reporter-output>
          </reporter-output>
        </test-method> <!-- runScenario -->
        <test-method signature="runScenario(io.cucumber.testng.PickleWrapper,io.cucumber.testng.FeatureWrapper)[pri:0, instance:com.juaracoding.cucumber.step_definitions.RunnerTest@56cdfb3b]" started-at="2023-01-01T18:29:06 WIB" name="runScenario" description="Runs Cucumber Scenarios" data-provider="scenarios" finished-at="2023-01-01T18:29:07 WIB" duration-ms="1616" status="PASS">
          <params>
            <param index="0">
              <value>
                <![CDATA["TCC.TMS.001 user invalid absen sakit"]]>
              </value>
            </param>
            <param index="1">
              <value>
                <![CDATA["Absen Admin Sakit"]]>
              </value>
            </param>
          </params>
          <reporter-output>
          </reporter-output>
        </test-method> <!-- runScenario -->
        <test-method signature="runScenario(io.cucumber.testng.PickleWrapper,io.cucumber.testng.FeatureWrapper)[pri:0, instance:com.juaracoding.cucumber.step_definitions.RunnerTest@56cdfb3b]" started-at="2023-01-01T18:29:07 WIB" name="runScenario" description="Runs Cucumber Scenarios" data-provider="scenarios" finished-at="2023-01-01T18:29:10 WIB" duration-ms="2342" status="PASS">
          <params>
            <param index="0">
              <value>
                <![CDATA["TCC.TMS.002 user invalid absen sakit"]]>
              </value>
            </param>
            <param index="1">
              <value>
                <![CDATA["Absen Admin Sakit"]]>
              </value>
            </param>
          </params>
          <reporter-output>
          </reporter-output>
        </test-method> <!-- runScenario -->
        <test-method signature="runScenario(io.cucumber.testng.PickleWrapper,io.cucumber.testng.FeatureWrapper)[pri:0, instance:com.juaracoding.cucumber.step_definitions.RunnerTest@56cdfb3b]" started-at="2023-01-01T18:29:10 WIB" name="runScenario" description="Runs Cucumber Scenarios" data-provider="scenarios" finished-at="2023-01-01T18:29:12 WIB" duration-ms="2574" status="PASS">
          <params>
            <param index="0">
              <value>
                <![CDATA["TCC.TMS.003 user invalid absen sakit"]]>
              </value>
            </param>
            <param index="1">
              <value>
                <![CDATA["Absen Admin Sakit"]]>
              </value>
            </param>
          </params>
          <reporter-output>
          </reporter-output>
        </test-method> <!-- runScenario -->
        <test-method signature="runScenario(io.cucumber.testng.PickleWrapper,io.cucumber.testng.FeatureWrapper)[pri:0, instance:com.juaracoding.cucumber.step_definitions.RunnerTest@56cdfb3b]" started-at="2023-01-01T18:29:12 WIB" name="runScenario" description="Runs Cucumber Scenarios" data-provider="scenarios" finished-at="2023-01-01T18:29:14 WIB" duration-ms="2116" status="PASS">
          <params>
            <param index="0">
              <value>
                <![CDATA["TCC.TMS.004 user valid absen sakit"]]>
              </value>
            </param>
            <param index="1">
              <value>
                <![CDATA["Absen Admin Sakit"]]>
              </value>
            </param>
          </params>
          <reporter-output>
          </reporter-output>
        </test-method> <!-- runScenario -->
        <test-method signature="runScenario(io.cucumber.testng.PickleWrapper,io.cucumber.testng.FeatureWrapper)[pri:0, instance:com.juaracoding.cucumber.step_definitions.RunnerTest@56cdfb3b]" started-at="2023-01-01T18:29:14 WIB" name="runScenario" description="Runs Cucumber Scenarios" data-provider="scenarios" finished-at="2023-01-01T18:29:17 WIB" duration-ms="2367" status="PASS">
          <params>
            <param index="0">
              <value>
                <![CDATA["TCC.TMS.005 user invalid absen sakit"]]>
              </value>
            </param>
            <param index="1">
              <value>
                <![CDATA["Absen Admin Sakit"]]>
              </value>
            </param>
          </params>
          <reporter-output>
          </reporter-output>
        </test-method> <!-- runScenario -->
        <test-method signature="runScenario(io.cucumber.testng.PickleWrapper,io.cucumber.testng.FeatureWrapper)[pri:0, instance:com.juaracoding.cucumber.step_definitions.RunnerTest@56cdfb3b]" started-at="2023-01-01T18:29:17 WIB" name="runScenario" description="Runs Cucumber Scenarios" data-provider="scenarios" finished-at="2023-01-01T18:29:19 WIB" duration-ms="1951" status="PASS">
          <params>
            <param index="0">
              <value>
                <![CDATA["TCC.TMS.006 user invalid absen sakit"]]>
              </value>
            </param>
            <param index="1">
              <value>
                <![CDATA["Absen Admin Sakit"]]>
              </value>
            </param>
          </params>
          <reporter-output>
          </reporter-output>
        </test-method> <!-- runScenario -->
        <test-method signature="runScenario(io.cucumber.testng.PickleWrapper,io.cucumber.testng.FeatureWrapper)[pri:0, instance:com.juaracoding.cucumber.step_definitions.RunnerTest@56cdfb3b]" started-at="2023-01-01T18:29:19 WIB" name="runScenario" description="Runs Cucumber Scenarios" data-provider="scenarios" finished-at="2023-01-01T18:29:21 WIB" duration-ms="2400" status="PASS">
          <params>
            <param index="0">
              <value>
                <![CDATA["TCC.TMS.007 user invalid absen sakit"]]>
              </value>
            </param>
            <param index="1">
              <value>
                <![CDATA["Absen Admin Sakit"]]>
              </value>
            </param>
          </params>
          <reporter-output>
          </reporter-output>
        </test-method> <!-- runScenario -->
        <test-method signature="runScenario(io.cucumber.testng.PickleWrapper,io.cucumber.testng.FeatureWrapper)[pri:0, instance:com.juaracoding.cucumber.step_definitions.RunnerTest@56cdfb3b]" started-at="2023-01-01T18:29:21 WIB" name="runScenario" description="Runs Cucumber Scenarios" data-provider="scenarios" finished-at="2023-01-01T18:29:23 WIB" duration-ms="2371" status="PASS">
          <params>
            <param index="0">
              <value>
                <![CDATA["TCC.TMS.001 user valid absen sakit"]]>
              </value>
            </param>
            <param index="1">
              <value>
                <![CDATA["Absen Admin Sakit"]]>
              </value>
            </param>
          </params>
          <reporter-output>
          </reporter-output>
        </test-method> <!-- runScenario -->
        <test-method signature="runScenario(io.cucumber.testng.PickleWrapper,io.cucumber.testng.FeatureWrapper)[pri:0, instance:com.juaracoding.cucumber.step_definitions.RunnerTest@56cdfb3b]" started-at="2023-01-01T18:29:23 WIB" name="runScenario" description="Runs Cucumber Scenarios" data-provider="scenarios" finished-at="2023-01-01T18:29:26 WIB" duration-ms="3079" status="PASS">
          <params>
            <param index="0">
              <value>
                <![CDATA["TCC.TMS.002 admin search user sakit"]]>
              </value>
            </param>
            <param index="1">
              <value>
                <![CDATA["Absen Admin Sakit"]]>
              </value>
            </param>
          </params>
          <reporter-output>
          </reporter-output>
        </test-method> <!-- runScenario -->
        <test-method signature="runScenario(io.cucumber.testng.PickleWrapper,io.cucumber.testng.FeatureWrapper)[pri:0, instance:com.juaracoding.cucumber.step_definitions.RunnerTest@56cdfb3b]" started-at="2023-01-01T18:29:26 WIB" name="runScenario" description="Runs Cucumber Scenarios" data-provider="scenarios" finished-at="2023-01-01T18:29:28 WIB" duration-ms="1558" status="PASS">
          <params>
            <param index="0">
              <value>
                <![CDATA["TCC.TMS.003 user valid absen sakit branch spesifik"]]>
              </value>
            </param>
            <param index="1">
              <value>
                <![CDATA["Absen Admin Sakit"]]>
              </value>
            </param>
          </params>
          <reporter-output>
          </reporter-output>
        </test-method> <!-- runScenario -->
        <test-method signature="runScenario(io.cucumber.testng.PickleWrapper,io.cucumber.testng.FeatureWrapper)[pri:0, instance:com.juaracoding.cucumber.step_definitions.RunnerTest@56cdfb3b]" started-at="2023-01-01T18:29:28 WIB" name="runScenario" description="Runs Cucumber Scenarios" data-provider="scenarios" finished-at="2023-01-01T18:29:31 WIB" duration-ms="2864" status="PASS">
          <params>
            <param index="0">
              <value>
                <![CDATA["Add data parameter shifting invalid"]]>
              </value>
            </param>
            <param index="1">
              <value>
                <![CDATA["Parameter Shifting"]]>
              </value>
            </param>
          </params>
          <reporter-output>
          </reporter-output>
        </test-method> <!-- runScenario -->
        <test-method signature="runScenario(io.cucumber.testng.PickleWrapper,io.cucumber.testng.FeatureWrapper)[pri:0, instance:com.juaracoding.cucumber.step_definitions.RunnerTest@56cdfb3b]" started-at="2023-01-01T18:29:31 WIB" name="runScenario" description="Runs Cucumber Scenarios" data-provider="scenarios" finished-at="2023-01-01T18:29:35 WIB" duration-ms="4069" status="PASS">
          <params>
            <param index="0">
              <value>
                <![CDATA["Add data parameter shifting valid"]]>
              </value>
            </param>
            <param index="1">
              <value>
                <![CDATA["Parameter Shifting"]]>
              </value>
            </param>
          </params>
          <reporter-output>
          </reporter-output>
        </test-method> <!-- runScenario -->
        <test-method signature="runScenario(io.cucumber.testng.PickleWrapper,io.cucumber.testng.FeatureWrapper)[pri:0, instance:com.juaracoding.cucumber.step_definitions.RunnerTest@56cdfb3b]" started-at="2023-01-01T18:29:35 WIB" name="runScenario" description="Runs Cucumber Scenarios" data-provider="scenarios" finished-at="2023-01-01T18:29:38 WIB" duration-ms="3104" status="PASS">
          <params>
            <param index="0">
              <value>
                <![CDATA["Cancel Add data parameter shifting"]]>
              </value>
            </param>
            <param index="1">
              <value>
                <![CDATA["Parameter Shifting"]]>
              </value>
            </param>
          </params>
          <reporter-output>
          </reporter-output>
        </test-method> <!-- runScenario -->
        <test-method signature="runScenario(io.cucumber.testng.PickleWrapper,io.cucumber.testng.FeatureWrapper)[pri:0, instance:com.juaracoding.cucumber.step_definitions.RunnerTest@56cdfb3b]" started-at="2023-01-01T18:29:38 WIB" name="runScenario" description="Runs Cucumber Scenarios" data-provider="scenarios" finished-at="2023-01-01T18:29:42 WIB" duration-ms="4250" status="FAIL">
          <params>
            <param index="0">
              <value>
                <![CDATA["Edit data parameter shifting invalid"]]>
              </value>
            </param>
            <param index="1">
              <value>
                <![CDATA["Parameter Shifting"]]>
              </value>
            </param>
          </params>
          <exception class="java.lang.AssertionError">
            <message>
              <![CDATA[expected [Form Add] but found [Tambah]]]>
            </message>
            <full-stacktrace>
              <![CDATA[java.lang.AssertionError: expected [Form Add] but found [Tambah]
at org.testng.Assert.fail(Assert.java:99)
at org.testng.Assert.failNotEquals(Assert.java:1037)
at org.testng.Assert.assertEqualsImpl(Assert.java:140)
at org.testng.Assert.assertEquals(Assert.java:122)
at org.testng.Assert.assertEquals(Assert.java:629)
at org.testng.Assert.assertEquals(Assert.java:639)
at com.juaracoding.cucumber.step_definitions.TestParameterShifting.user_get_field_edit_null_alert_shifting(TestParameterShifting.java:91)
at ✽.User get field edit null alert shifting(file:///C:/Users/fauza/git/Kelompok-3-TMS/src/main/resources/features/07.ParameterShifting.feature:27)
]]>
            </full-stacktrace>
          </exception> <!-- java.lang.AssertionError -->
          <reporter-output>
          </reporter-output>
        </test-method> <!-- runScenario -->
        <test-method signature="runScenario(io.cucumber.testng.PickleWrapper,io.cucumber.testng.FeatureWrapper)[pri:0, instance:com.juaracoding.cucumber.step_definitions.RunnerTest@56cdfb3b]" started-at="2023-01-01T18:29:42 WIB" name="runScenario" description="Runs Cucumber Scenarios" data-provider="scenarios" finished-at="2023-01-01T18:29:47 WIB" duration-ms="5019" status="PASS">
          <params>
            <param index="0">
              <value>
                <![CDATA["Edit data parameter shifting valid"]]>
              </value>
            </param>
            <param index="1">
              <value>
                <![CDATA["Parameter Shifting"]]>
              </value>
            </param>
          </params>
          <reporter-output>
          </reporter-output>
        </test-method> <!-- runScenario -->
        <test-method signature="runScenario(io.cucumber.testng.PickleWrapper,io.cucumber.testng.FeatureWrapper)[pri:0, instance:com.juaracoding.cucumber.step_definitions.RunnerTest@56cdfb3b]" started-at="2023-01-01T18:29:47 WIB" name="runScenario" description="Runs Cucumber Scenarios" data-provider="scenarios" finished-at="2023-01-01T18:29:52 WIB" duration-ms="4340" status="PASS">
          <params>
            <param index="0">
              <value>
                <![CDATA["Delete data parameter shifting"]]>
              </value>
            </param>
            <param index="1">
              <value>
                <![CDATA["Parameter Shifting"]]>
              </value>
            </param>
          </params>
          <reporter-output>
          </reporter-output>
        </test-method> <!-- runScenario -->
        <test-method signature="runScenario(io.cucumber.testng.PickleWrapper,io.cucumber.testng.FeatureWrapper)[pri:0, instance:com.juaracoding.cucumber.step_definitions.RunnerTest@56cdfb3b]" started-at="2023-01-01T18:29:52 WIB" name="runScenario" description="Runs Cucumber Scenarios" data-provider="scenarios" finished-at="2023-01-01T18:29:53 WIB" duration-ms="1323" status="PASS">
          <params>
            <param index="0">
              <value>
                <![CDATA["Cancel delete data parameter shifting"]]>
              </value>
            </param>
            <param index="1">
              <value>
                <![CDATA["Parameter Shifting"]]>
              </value>
            </param>
          </params>
          <reporter-output>
          </reporter-output>
        </test-method> <!-- runScenario -->
        <test-method signature="runScenario(io.cucumber.testng.PickleWrapper,io.cucumber.testng.FeatureWrapper)[pri:0, instance:com.juaracoding.cucumber.step_definitions.RunnerTest@56cdfb3b]" started-at="2023-01-01T18:29:53 WIB" name="runScenario" description="Runs Cucumber Scenarios" data-provider="scenarios" finished-at="2023-01-01T18:29:54 WIB" duration-ms="1306" status="PASS">
          <params>
            <param index="0">
              <value>
                <![CDATA["Show 10 data parameter shifting"]]>
              </value>
            </param>
            <param index="1">
              <value>
                <![CDATA["Parameter Shifting"]]>
              </value>
            </param>
          </params>
          <reporter-output>
          </reporter-output>
        </test-method> <!-- runScenario -->
        <test-method signature="runScenario(io.cucumber.testng.PickleWrapper,io.cucumber.testng.FeatureWrapper)[pri:0, instance:com.juaracoding.cucumber.step_definitions.RunnerTest@56cdfb3b]" started-at="2023-01-01T18:29:54 WIB" name="runScenario" description="Runs Cucumber Scenarios" data-provider="scenarios" finished-at="2023-01-01T18:29:56 WIB" duration-ms="1570" status="PASS">
          <params>
            <param index="0">
              <value>
                <![CDATA["Show 25 data parameter shifting"]]>
              </value>
            </param>
            <param index="1">
              <value>
                <![CDATA["Parameter Shifting"]]>
              </value>
            </param>
          </params>
          <reporter-output>
          </reporter-output>
        </test-method> <!-- runScenario -->
        <test-method signature="runScenario(io.cucumber.testng.PickleWrapper,io.cucumber.testng.FeatureWrapper)[pri:0, instance:com.juaracoding.cucumber.step_definitions.RunnerTest@56cdfb3b]" started-at="2023-01-01T18:29:56 WIB" name="runScenario" description="Runs Cucumber Scenarios" data-provider="scenarios" finished-at="2023-01-01T18:29:58 WIB" duration-ms="1705" status="PASS">
          <params>
            <param index="0">
              <value>
                <![CDATA["Show 50 data parameter shifting"]]>
              </value>
            </param>
            <param index="1">
              <value>
                <![CDATA["Parameter Shifting"]]>
              </value>
            </param>
          </params>
          <reporter-output>
          </reporter-output>
        </test-method> <!-- runScenario -->
        <test-method signature="runScenario(io.cucumber.testng.PickleWrapper,io.cucumber.testng.FeatureWrapper)[pri:0, instance:com.juaracoding.cucumber.step_definitions.RunnerTest@56cdfb3b]" started-at="2023-01-01T18:29:58 WIB" name="runScenario" description="Runs Cucumber Scenarios" data-provider="scenarios" finished-at="2023-01-01T18:29:59 WIB" duration-ms="1389" status="PASS">
          <params>
            <param index="0">
              <value>
                <![CDATA["Show 100 data parameter shifting"]]>
              </value>
            </param>
            <param index="1">
              <value>
                <![CDATA["Parameter Shifting"]]>
              </value>
            </param>
          </params>
          <reporter-output>
          </reporter-output>
        </test-method> <!-- runScenario -->
        <test-method signature="runScenario(io.cucumber.testng.PickleWrapper,io.cucumber.testng.FeatureWrapper)[pri:0, instance:com.juaracoding.cucumber.step_definitions.RunnerTest@56cdfb3b]" started-at="2023-01-01T18:29:59 WIB" name="runScenario" description="Runs Cucumber Scenarios" data-provider="scenarios" finished-at="2023-01-01T18:30:00 WIB" duration-ms="1474" status="PASS">
          <params>
            <param index="0">
              <value>
                <![CDATA["Search data parameter shifting"]]>
              </value>
            </param>
            <param index="1">
              <value>
                <![CDATA["Parameter Shifting"]]>
              </value>
            </param>
          </params>
          <reporter-output>
          </reporter-output>
        </test-method> <!-- runScenario -->
        <test-method signature="runScenario(io.cucumber.testng.PickleWrapper,io.cucumber.testng.FeatureWrapper)[pri:0, instance:com.juaracoding.cucumber.step_definitions.RunnerTest@56cdfb3b]" started-at="2023-01-01T18:30:00 WIB" name="runScenario" description="Runs Cucumber Scenarios" data-provider="scenarios" finished-at="2023-01-01T18:30:02 WIB" duration-ms="1858" status="PASS">
          <params>
            <param index="0">
              <value>
                <![CDATA["Add data kerja penempatan invalid"]]>
              </value>
            </param>
            <param index="1">
              <value>
                <![CDATA["Kerja Penempatan"]]>
              </value>
            </param>
          </params>
          <reporter-output>
          </reporter-output>
        </test-method> <!-- runScenario -->
        <test-method signature="runScenario(io.cucumber.testng.PickleWrapper,io.cucumber.testng.FeatureWrapper)[pri:0, instance:com.juaracoding.cucumber.step_definitions.RunnerTest@56cdfb3b]" started-at="2023-01-01T18:30:02 WIB" name="runScenario" description="Runs Cucumber Scenarios" data-provider="scenarios" finished-at="2023-01-01T18:30:04 WIB" duration-ms="1688" status="PASS">
          <params>
            <param index="0">
              <value>
                <![CDATA["Add data kerja penempatan valid"]]>
              </value>
            </param>
            <param index="1">
              <value>
                <![CDATA["Kerja Penempatan"]]>
              </value>
            </param>
          </params>
          <reporter-output>
          </reporter-output>
        </test-method> <!-- runScenario -->
        <test-method signature="runScenario(io.cucumber.testng.PickleWrapper,io.cucumber.testng.FeatureWrapper)[pri:0, instance:com.juaracoding.cucumber.step_definitions.RunnerTest@56cdfb3b]" started-at="2023-01-01T18:30:04 WIB" name="runScenario" description="Runs Cucumber Scenarios" data-provider="scenarios" finished-at="2023-01-01T18:30:07 WIB" duration-ms="3335" status="PASS">
          <params>
            <param index="0">
              <value>
                <![CDATA["Edit data kerja penempatan invalid"]]>
              </value>
            </param>
            <param index="1">
              <value>
                <![CDATA["Kerja Penempatan"]]>
              </value>
            </param>
          </params>
          <reporter-output>
          </reporter-output>
        </test-method> <!-- runScenario -->
        <test-method signature="runScenario(io.cucumber.testng.PickleWrapper,io.cucumber.testng.FeatureWrapper)[pri:0, instance:com.juaracoding.cucumber.step_definitions.RunnerTest@56cdfb3b]" started-at="2023-01-01T18:30:07 WIB" name="runScenario" description="Runs Cucumber Scenarios" data-provider="scenarios" finished-at="2023-01-01T18:30:10 WIB" duration-ms="2265" status="PASS">
          <params>
            <param index="0">
              <value>
                <![CDATA["Edit data kerja penempatan valid"]]>
              </value>
            </param>
            <param index="1">
              <value>
                <![CDATA["Kerja Penempatan"]]>
              </value>
            </param>
          </params>
          <reporter-output>
          </reporter-output>
        </test-method> <!-- runScenario -->
        <test-method signature="runScenario(io.cucumber.testng.PickleWrapper,io.cucumber.testng.FeatureWrapper)[pri:0, instance:com.juaracoding.cucumber.step_definitions.RunnerTest@56cdfb3b]" started-at="2023-01-01T18:30:10 WIB" name="runScenario" description="Runs Cucumber Scenarios" data-provider="scenarios" finished-at="2023-01-01T18:30:17 WIB" duration-ms="7862" status="PASS">
          <params>
            <param index="0">
              <value>
                <![CDATA["Cancel edit data kerja penempatan"]]>
              </value>
            </param>
            <param index="1">
              <value>
                <![CDATA["Kerja Penempatan"]]>
              </value>
            </param>
          </params>
          <reporter-output>
          </reporter-output>
        </test-method> <!-- runScenario -->
        <test-method signature="runScenario(io.cucumber.testng.PickleWrapper,io.cucumber.testng.FeatureWrapper)[pri:0, instance:com.juaracoding.cucumber.step_definitions.RunnerTest@56cdfb3b]" started-at="2023-01-01T18:30:17 WIB" name="runScenario" description="Runs Cucumber Scenarios" data-provider="scenarios" finished-at="2023-01-01T18:30:20 WIB" duration-ms="2310" status="PASS">
          <params>
            <param index="0">
              <value>
                <![CDATA["Show 10 data kerja penempatan"]]>
              </value>
            </param>
            <param index="1">
              <value>
                <![CDATA["Kerja Penempatan"]]>
              </value>
            </param>
          </params>
          <reporter-output>
          </reporter-output>
        </test-method> <!-- runScenario -->
        <test-method signature="runScenario(io.cucumber.testng.PickleWrapper,io.cucumber.testng.FeatureWrapper)[pri:0, instance:com.juaracoding.cucumber.step_definitions.RunnerTest@56cdfb3b]" started-at="2023-01-01T18:30:20 WIB" name="runScenario" description="Runs Cucumber Scenarios" data-provider="scenarios" finished-at="2023-01-01T18:30:22 WIB" duration-ms="2686" status="PASS">
          <params>
            <param index="0">
              <value>
                <![CDATA["Show 25 data kerja penempatan"]]>
              </value>
            </param>
            <param index="1">
              <value>
                <![CDATA["Kerja Penempatan"]]>
              </value>
            </param>
          </params>
          <reporter-output>
          </reporter-output>
        </test-method> <!-- runScenario -->
        <test-method signature="runScenario(io.cucumber.testng.PickleWrapper,io.cucumber.testng.FeatureWrapper)[pri:0, instance:com.juaracoding.cucumber.step_definitions.RunnerTest@56cdfb3b]" started-at="2023-01-01T18:30:22 WIB" name="runScenario" description="Runs Cucumber Scenarios" data-provider="scenarios" finished-at="2023-01-01T18:30:24 WIB" duration-ms="1993" status="PASS">
          <params>
            <param index="0">
              <value>
                <![CDATA["Show 50 data kerja penempatan"]]>
              </value>
            </param>
            <param index="1">
              <value>
                <![CDATA["Kerja Penempatan"]]>
              </value>
            </param>
          </params>
          <reporter-output>
          </reporter-output>
        </test-method> <!-- runScenario -->
        <test-method signature="runScenario(io.cucumber.testng.PickleWrapper,io.cucumber.testng.FeatureWrapper)[pri:0, instance:com.juaracoding.cucumber.step_definitions.RunnerTest@56cdfb3b]" started-at="2023-01-01T18:30:24 WIB" name="runScenario" description="Runs Cucumber Scenarios" data-provider="scenarios" finished-at="2023-01-01T18:30:27 WIB" duration-ms="2160" status="PASS">
          <params>
            <param index="0">
              <value>
                <![CDATA["Show 100 data kerja penempatan"]]>
              </value>
            </param>
            <param index="1">
              <value>
                <![CDATA["Kerja Penempatan"]]>
              </value>
            </param>
          </params>
          <reporter-output>
          </reporter-output>
        </test-method> <!-- runScenario -->
        <test-method signature="runScenario(io.cucumber.testng.PickleWrapper,io.cucumber.testng.FeatureWrapper)[pri:0, instance:com.juaracoding.cucumber.step_definitions.RunnerTest@56cdfb3b]" started-at="2023-01-01T18:30:27 WIB" name="runScenario" description="Runs Cucumber Scenarios" data-provider="scenarios" finished-at="2023-01-01T18:30:28 WIB" duration-ms="1120" status="PASS">
          <params>
            <param index="0">
              <value>
                <![CDATA["Search data kerja penempatan"]]>
              </value>
            </param>
            <param index="1">
              <value>
                <![CDATA["Kerja Penempatan"]]>
              </value>
            </param>
          </params>
          <reporter-output>
          </reporter-output>
        </test-method> <!-- runScenario -->
        <test-method signature="runScenario(io.cucumber.testng.PickleWrapper,io.cucumber.testng.FeatureWrapper)[pri:0, instance:com.juaracoding.cucumber.step_definitions.RunnerTest@56cdfb3b]" started-at="2023-01-01T18:30:28 WIB" name="runScenario" description="Runs Cucumber Scenarios" data-provider="scenarios" finished-at="2023-01-01T18:30:30 WIB" duration-ms="2405" status="PASS">
          <params>
            <param index="0">
              <value>
                <![CDATA["Add data master position invalid"]]>
              </value>
            </param>
            <param index="1">
              <value>
                <![CDATA["Master Position"]]>
              </value>
            </param>
          </params>
          <reporter-output>
          </reporter-output>
        </test-method> <!-- runScenario -->
        <test-method signature="runScenario(io.cucumber.testng.PickleWrapper,io.cucumber.testng.FeatureWrapper)[pri:0, instance:com.juaracoding.cucumber.step_definitions.RunnerTest@56cdfb3b]" started-at="2023-01-01T18:30:30 WIB" name="runScenario" description="Runs Cucumber Scenarios" data-provider="scenarios" finished-at="2023-01-01T18:30:31 WIB" duration-ms="684" status="PASS">
          <params>
            <param index="0">
              <value>
                <![CDATA["Add data master position valid"]]>
              </value>
            </param>
            <param index="1">
              <value>
                <![CDATA["Master Position"]]>
              </value>
            </param>
          </params>
          <reporter-output>
          </reporter-output>
        </test-method> <!-- runScenario -->
        <test-method signature="runScenario(io.cucumber.testng.PickleWrapper,io.cucumber.testng.FeatureWrapper)[pri:0, instance:com.juaracoding.cucumber.step_definitions.RunnerTest@56cdfb3b]" started-at="2023-01-01T18:30:31 WIB" name="runScenario" description="Runs Cucumber Scenarios" data-provider="scenarios" finished-at="2023-01-01T18:30:32 WIB" duration-ms="1199" status="PASS">
          <params>
            <param index="0">
              <value>
                <![CDATA["Edit data master position invalid"]]>
              </value>
            </param>
            <param index="1">
              <value>
                <![CDATA["Master Position"]]>
              </value>
            </param>
          </params>
          <reporter-output>
          </reporter-output>
        </test-method> <!-- runScenario -->
        <test-method signature="runScenario(io.cucumber.testng.PickleWrapper,io.cucumber.testng.FeatureWrapper)[pri:0, instance:com.juaracoding.cucumber.step_definitions.RunnerTest@56cdfb3b]" started-at="2023-01-01T18:30:32 WIB" name="runScenario" description="Runs Cucumber Scenarios" data-provider="scenarios" finished-at="2023-01-01T18:30:33 WIB" duration-ms="977" status="PASS">
          <params>
            <param index="0">
              <value>
                <![CDATA["Edit data master position valid"]]>
              </value>
            </param>
            <param index="1">
              <value>
                <![CDATA["Master Position"]]>
              </value>
            </param>
          </params>
          <reporter-output>
          </reporter-output>
        </test-method> <!-- runScenario -->
        <test-method signature="runScenario(io.cucumber.testng.PickleWrapper,io.cucumber.testng.FeatureWrapper)[pri:0, instance:com.juaracoding.cucumber.step_definitions.RunnerTest@56cdfb3b]" started-at="2023-01-01T18:30:33 WIB" name="runScenario" description="Runs Cucumber Scenarios" data-provider="scenarios" finished-at="2023-01-01T18:30:34 WIB" duration-ms="1247" status="FAIL">
          <params>
            <param index="0">
              <value>
                <![CDATA["Cancel edit data master position"]]>
              </value>
            </param>
            <param index="1">
              <value>
                <![CDATA["Master Position"]]>
              </value>
            </param>
          </params>
          <exception class="java.lang.AssertionError">
            <message>
              <![CDATA[expected [https://dev.ptdika.com/tiket.com/position_tms/master_p_tms] but found [https://dev.ptdika.com/tiket.com/position_tms]]]>
            </message>
            <full-stacktrace>
              <![CDATA[java.lang.AssertionError: expected [https://dev.ptdika.com/tiket.com/position_tms/master_p_tms] but found [https://dev.ptdika.com/tiket.com/position_tms]
at org.testng.Assert.fail(Assert.java:99)
at org.testng.Assert.failNotEquals(Assert.java:1037)
at org.testng.Assert.assertEqualsImpl(Assert.java:140)
at org.testng.Assert.assertEquals(Assert.java:122)
at org.testng.Assert.assertEquals(Assert.java:629)
at org.testng.Assert.assertEquals(Assert.java:639)
at com.juaracoding.cucumber.step_definitions.TestMasterPosition.user_back_to_master_position_page(TestMasterPosition.java:112)
at ✽.User back to master position page(file:///C:/Users/fauza/git/Kelompok-3-TMS/src/main/resources/features/09.MasterPosition.feature:33)
]]>
            </full-stacktrace>
          </exception> <!-- java.lang.AssertionError -->
          <reporter-output>
          </reporter-output>
        </test-method> <!-- runScenario -->
        <test-method signature="runScenario(io.cucumber.testng.PickleWrapper,io.cucumber.testng.FeatureWrapper)[pri:0, instance:com.juaracoding.cucumber.step_definitions.RunnerTest@56cdfb3b]" started-at="2023-01-01T18:30:34 WIB" name="runScenario" description="Runs Cucumber Scenarios" data-provider="scenarios" finished-at="2023-01-01T18:30:36 WIB" duration-ms="1584" status="PASS">
          <params>
            <param index="0">
              <value>
                <![CDATA["Show 10 data kerja position"]]>
              </value>
            </param>
            <param index="1">
              <value>
                <![CDATA["Master Position"]]>
              </value>
            </param>
          </params>
          <reporter-output>
          </reporter-output>
        </test-method> <!-- runScenario -->
        <test-method signature="runScenario(io.cucumber.testng.PickleWrapper,io.cucumber.testng.FeatureWrapper)[pri:0, instance:com.juaracoding.cucumber.step_definitions.RunnerTest@56cdfb3b]" started-at="2023-01-01T18:30:36 WIB" name="runScenario" description="Runs Cucumber Scenarios" data-provider="scenarios" finished-at="2023-01-01T18:30:37 WIB" duration-ms="1459" status="PASS">
          <params>
            <param index="0">
              <value>
                <![CDATA["Show 25 data kerja position"]]>
              </value>
            </param>
            <param index="1">
              <value>
                <![CDATA["Master Position"]]>
              </value>
            </param>
          </params>
          <reporter-output>
          </reporter-output>
        </test-method> <!-- runScenario -->
        <test-method signature="runScenario(io.cucumber.testng.PickleWrapper,io.cucumber.testng.FeatureWrapper)[pri:0, instance:com.juaracoding.cucumber.step_definitions.RunnerTest@56cdfb3b]" started-at="2023-01-01T18:30:37 WIB" name="runScenario" description="Runs Cucumber Scenarios" data-provider="scenarios" finished-at="2023-01-01T18:30:39 WIB" duration-ms="1401" status="PASS">
          <params>
            <param index="0">
              <value>
                <![CDATA["Show 50 data kerja position"]]>
              </value>
            </param>
            <param index="1">
              <value>
                <![CDATA["Master Position"]]>
              </value>
            </param>
          </params>
          <reporter-output>
          </reporter-output>
        </test-method> <!-- runScenario -->
        <test-method signature="runScenario(io.cucumber.testng.PickleWrapper,io.cucumber.testng.FeatureWrapper)[pri:0, instance:com.juaracoding.cucumber.step_definitions.RunnerTest@56cdfb3b]" started-at="2023-01-01T18:30:39 WIB" name="runScenario" description="Runs Cucumber Scenarios" data-provider="scenarios" finished-at="2023-01-01T18:30:40 WIB" duration-ms="1559" status="PASS">
          <params>
            <param index="0">
              <value>
                <![CDATA["Show 100 data kerja position"]]>
              </value>
            </param>
            <param index="1">
              <value>
                <![CDATA["Master Position"]]>
              </value>
            </param>
          </params>
          <reporter-output>
          </reporter-output>
        </test-method> <!-- runScenario -->
        <test-method signature="runScenario(io.cucumber.testng.PickleWrapper,io.cucumber.testng.FeatureWrapper)[pri:0, instance:com.juaracoding.cucumber.step_definitions.RunnerTest@56cdfb3b]" started-at="2023-01-01T18:30:40 WIB" name="runScenario" description="Runs Cucumber Scenarios" data-provider="scenarios" finished-at="2023-01-01T18:30:42 WIB" duration-ms="1413" status="PASS">
          <params>
            <param index="0">
              <value>
                <![CDATA["Search data kerja position"]]>
              </value>
            </param>
            <param index="1">
              <value>
                <![CDATA["Master Position"]]>
              </value>
            </param>
          </params>
          <reporter-output>
          </reporter-output>
        </test-method> <!-- runScenario -->
        <test-method is-config="true" signature="tearDownClass()[pri:0, instance:com.juaracoding.cucumber.step_definitions.RunnerTest@56cdfb3b]" started-at="2023-01-01T18:30:42 WIB" name="tearDownClass" finished-at="2023-01-01T18:30:45 WIB" duration-ms="3165" status="PASS">
          <reporter-output>
          </reporter-output>
        </test-method> <!-- tearDownClass -->
      </class> <!-- com.juaracoding.cucumber.step_definitions.RunnerTest -->
    </test> <!-- Default test -->
  </suite> <!-- Default suite -->
</testng-results>
