<?xml version="1.0" encoding="UTF-8"?>
<testng-results ignored="0" total="43" passed="41" failed="2" skipped="0">
  <reporter-output>
  </reporter-output>
  <suite started-at="2022-12-30T03:30:52 WIB" name="Default suite" finished-at="2022-12-30T03:32:14 WIB" duration-ms="81305">
    <groups>
      <group name="cucumber">
        <method signature="AbstractTestNGCucumberTests.runScenario(io.cucumber.testng.PickleWrapper,io.cucumber.testng.FeatureWrapper)[pri:0, instance:com.juaracoding.cucumber.step_definitions.RunnerTest@56cdfb3b]" name="runScenario" class="io.cucumber.testng.AbstractTestNGCucumberTests"/>
      </group> <!-- cucumber -->
    </groups>
    <test started-at="2022-12-30T03:30:52 WIB" name="Default test" finished-at="2022-12-30T03:32:14 WIB" duration-ms="81305">
      <class name="com.juaracoding.cucumber.step_definitions.RunnerTest">
        <test-method is-config="true" signature="setUpClass(org.testng.ITestContext)[pri:0, instance:com.juaracoding.cucumber.step_definitions.RunnerTest@56cdfb3b]" started-at="2022-12-30T03:30:52 WIB" name="setUpClass" finished-at="2022-12-30T03:30:53 WIB" duration-ms="383" status="PASS">
          <params>
            <param index="0">
              <value>
                <![CDATA[org.testng.TestRunner@4567fb2b]]>
              </value>
            </param>
          </params>
          <reporter-output>
          </reporter-output>
        </test-method> <!-- setUpClass -->
        <test-method signature="runScenario(io.cucumber.testng.PickleWrapper,io.cucumber.testng.FeatureWrapper)[pri:0, instance:com.juaracoding.cucumber.step_definitions.RunnerTest@56cdfb3b]" started-at="2022-12-30T03:30:53 WIB" name="runScenario" description="Runs Cucumber Scenarios" data-provider="scenarios" finished-at="2022-12-30T03:30:54 WIB" duration-ms="1577" status="PASS">
          <params>
            <param index="0">
              <value>
                <![CDATA["User go to invalid website"]]>
              </value>
            </param>
            <param index="1">
              <value>
                <![CDATA["Login User"]]>
              </value>
            </param>
          </params>
          <reporter-output>
          </reporter-output>
        </test-method> <!-- runScenario -->
        <test-method signature="runScenario(io.cucumber.testng.PickleWrapper,io.cucumber.testng.FeatureWrapper)[pri:0, instance:com.juaracoding.cucumber.step_definitions.RunnerTest@56cdfb3b]" started-at="2022-12-30T03:30:54 WIB" name="runScenario" description="Runs Cucumber Scenarios" data-provider="scenarios" finished-at="2022-12-30T03:30:56 WIB" duration-ms="1724" status="PASS">
          <params>
            <param index="0">
              <value>
                <![CDATA["User go to website"]]>
              </value>
            </param>
            <param index="1">
              <value>
                <![CDATA["Login User"]]>
              </value>
            </param>
          </params>
          <reporter-output>
          </reporter-output>
        </test-method> <!-- runScenario -->
        <test-method signature="runScenario(io.cucumber.testng.PickleWrapper,io.cucumber.testng.FeatureWrapper)[pri:0, instance:com.juaracoding.cucumber.step_definitions.RunnerTest@56cdfb3b]" started-at="2022-12-30T03:30:56 WIB" name="runScenario" description="Runs Cucumber Scenarios" data-provider="scenarios" finished-at="2022-12-30T03:30:56 WIB" duration-ms="232" status="PASS">
          <params>
            <param index="0">
              <value>
                <![CDATA["User login null username and null password"]]>
              </value>
            </param>
            <param index="1">
              <value>
                <![CDATA["Login User"]]>
              </value>
            </param>
          </params>
          <reporter-output>
          </reporter-output>
        </test-method> <!-- runScenario -->
        <test-method signature="runScenario(io.cucumber.testng.PickleWrapper,io.cucumber.testng.FeatureWrapper)[pri:0, instance:com.juaracoding.cucumber.step_definitions.RunnerTest@56cdfb3b]" started-at="2022-12-30T03:30:56 WIB" name="runScenario" description="Runs Cucumber Scenarios" data-provider="scenarios" finished-at="2022-12-30T03:30:57 WIB" duration-ms="309" status="PASS">
          <params>
            <param index="0">
              <value>
                <![CDATA["User login null username and invalid password"]]>
              </value>
            </param>
            <param index="1">
              <value>
                <![CDATA["Login User"]]>
              </value>
            </param>
          </params>
          <reporter-output>
          </reporter-output>
        </test-method> <!-- runScenario -->
        <test-method signature="runScenario(io.cucumber.testng.PickleWrapper,io.cucumber.testng.FeatureWrapper)[pri:0, instance:com.juaracoding.cucumber.step_definitions.RunnerTest@56cdfb3b]" started-at="2022-12-30T03:30:57 WIB" name="runScenario" description="Runs Cucumber Scenarios" data-provider="scenarios" finished-at="2022-12-30T03:30:57 WIB" duration-ms="273" status="PASS">
          <params>
            <param index="0">
              <value>
                <![CDATA["User login null username and valid password"]]>
              </value>
            </param>
            <param index="1">
              <value>
                <![CDATA["Login User"]]>
              </value>
            </param>
          </params>
          <reporter-output>
          </reporter-output>
        </test-method> <!-- runScenario -->
        <test-method signature="runScenario(io.cucumber.testng.PickleWrapper,io.cucumber.testng.FeatureWrapper)[pri:0, instance:com.juaracoding.cucumber.step_definitions.RunnerTest@56cdfb3b]" started-at="2022-12-30T03:30:57 WIB" name="runScenario" description="Runs Cucumber Scenarios" data-provider="scenarios" finished-at="2022-12-30T03:30:57 WIB" duration-ms="238" status="PASS">
          <params>
            <param index="0">
              <value>
                <![CDATA["User login invalid username and null password"]]>
              </value>
            </param>
            <param index="1">
              <value>
                <![CDATA["Login User"]]>
              </value>
            </param>
          </params>
          <reporter-output>
          </reporter-output>
        </test-method> <!-- runScenario -->
        <test-method signature="runScenario(io.cucumber.testng.PickleWrapper,io.cucumber.testng.FeatureWrapper)[pri:0, instance:com.juaracoding.cucumber.step_definitions.RunnerTest@56cdfb3b]" started-at="2022-12-30T03:30:57 WIB" name="runScenario" description="Runs Cucumber Scenarios" data-provider="scenarios" finished-at="2022-12-30T03:30:58 WIB" duration-ms="1276" status="PASS">
          <params>
            <param index="0">
              <value>
                <![CDATA["User login invalid username and invalid password"]]>
              </value>
            </param>
            <param index="1">
              <value>
                <![CDATA["Login User"]]>
              </value>
            </param>
          </params>
          <reporter-output>
          </reporter-output>
        </test-method> <!-- runScenario -->
        <test-method signature="runScenario(io.cucumber.testng.PickleWrapper,io.cucumber.testng.FeatureWrapper)[pri:0, instance:com.juaracoding.cucumber.step_definitions.RunnerTest@56cdfb3b]" started-at="2022-12-30T03:30:58 WIB" name="runScenario" description="Runs Cucumber Scenarios" data-provider="scenarios" finished-at="2022-12-30T03:31:00 WIB" duration-ms="1305" status="PASS">
          <params>
            <param index="0">
              <value>
                <![CDATA["User login invalid username and valid password"]]>
              </value>
            </param>
            <param index="1">
              <value>
                <![CDATA["Login User"]]>
              </value>
            </param>
          </params>
          <reporter-output>
          </reporter-output>
        </test-method> <!-- runScenario -->
        <test-method signature="runScenario(io.cucumber.testng.PickleWrapper,io.cucumber.testng.FeatureWrapper)[pri:0, instance:com.juaracoding.cucumber.step_definitions.RunnerTest@56cdfb3b]" started-at="2022-12-30T03:31:00 WIB" name="runScenario" description="Runs Cucumber Scenarios" data-provider="scenarios" finished-at="2022-12-30T03:31:00 WIB" duration-ms="230" status="PASS">
          <params>
            <param index="0">
              <value>
                <![CDATA["User login valid username and null password"]]>
              </value>
            </param>
            <param index="1">
              <value>
                <![CDATA["Login User"]]>
              </value>
            </param>
          </params>
          <reporter-output>
          </reporter-output>
        </test-method> <!-- runScenario -->
        <test-method signature="runScenario(io.cucumber.testng.PickleWrapper,io.cucumber.testng.FeatureWrapper)[pri:0, instance:com.juaracoding.cucumber.step_definitions.RunnerTest@56cdfb3b]" started-at="2022-12-30T03:31:00 WIB" name="runScenario" description="Runs Cucumber Scenarios" data-provider="scenarios" finished-at="2022-12-30T03:31:01 WIB" duration-ms="1351" status="PASS">
          <params>
            <param index="0">
              <value>
                <![CDATA["User login valid username and invalid password"]]>
              </value>
            </param>
            <param index="1">
              <value>
                <![CDATA["Login User"]]>
              </value>
            </param>
          </params>
          <reporter-output>
          </reporter-output>
        </test-method> <!-- runScenario -->
        <test-method signature="runScenario(io.cucumber.testng.PickleWrapper,io.cucumber.testng.FeatureWrapper)[pri:0, instance:com.juaracoding.cucumber.step_definitions.RunnerTest@56cdfb3b]" started-at="2022-12-30T03:31:01 WIB" name="runScenario" description="Runs Cucumber Scenarios" data-provider="scenarios" finished-at="2022-12-30T03:31:03 WIB" duration-ms="2106" status="PASS">
          <params>
            <param index="0">
              <value>
                <![CDATA["User valid login"]]>
              </value>
            </param>
            <param index="1">
              <value>
                <![CDATA["Login User"]]>
              </value>
            </param>
          </params>
          <reporter-output>
          </reporter-output>
        </test-method> <!-- runScenario -->
        <test-method signature="runScenario(io.cucumber.testng.PickleWrapper,io.cucumber.testng.FeatureWrapper)[pri:0, instance:com.juaracoding.cucumber.step_definitions.RunnerTest@56cdfb3b]" started-at="2022-12-30T03:31:03 WIB" name="runScenario" description="Runs Cucumber Scenarios" data-provider="scenarios" finished-at="2022-12-30T03:31:06 WIB" duration-ms="2511" status="PASS">
          <params>
            <param index="0">
              <value>
                <![CDATA["Add data parameter shifting invalid"]]>
              </value>
            </param>
            <param index="1">
              <value>
                <![CDATA["Parameter Shifting"]]>
              </value>
            </param>
          </params>
          <reporter-output>
          </reporter-output>
        </test-method> <!-- runScenario -->
        <test-method signature="runScenario(io.cucumber.testng.PickleWrapper,io.cucumber.testng.FeatureWrapper)[pri:0, instance:com.juaracoding.cucumber.step_definitions.RunnerTest@56cdfb3b]" started-at="2022-12-30T03:31:06 WIB" name="runScenario" description="Runs Cucumber Scenarios" data-provider="scenarios" finished-at="2022-12-30T03:31:09 WIB" duration-ms="3156" status="PASS">
          <params>
            <param index="0">
              <value>
                <![CDATA["Add data parameter shifting valid"]]>
              </value>
            </param>
            <param index="1">
              <value>
                <![CDATA["Parameter Shifting"]]>
              </value>
            </param>
          </params>
          <reporter-output>
          </reporter-output>
        </test-method> <!-- runScenario -->
        <test-method signature="runScenario(io.cucumber.testng.PickleWrapper,io.cucumber.testng.FeatureWrapper)[pri:0, instance:com.juaracoding.cucumber.step_definitions.RunnerTest@56cdfb3b]" started-at="2022-12-30T03:31:09 WIB" name="runScenario" description="Runs Cucumber Scenarios" data-provider="scenarios" finished-at="2022-12-30T03:31:12 WIB" duration-ms="2536" status="PASS">
          <params>
            <param index="0">
              <value>
                <![CDATA["Cancel Add data parameter shifting"]]>
              </value>
            </param>
            <param index="1">
              <value>
                <![CDATA["Parameter Shifting"]]>
              </value>
            </param>
          </params>
          <reporter-output>
          </reporter-output>
        </test-method> <!-- runScenario -->
        <test-method signature="runScenario(io.cucumber.testng.PickleWrapper,io.cucumber.testng.FeatureWrapper)[pri:0, instance:com.juaracoding.cucumber.step_definitions.RunnerTest@56cdfb3b]" started-at="2022-12-30T03:31:12 WIB" name="runScenario" description="Runs Cucumber Scenarios" data-provider="scenarios" finished-at="2022-12-30T03:31:15 WIB" duration-ms="3890" status="FAIL">
          <params>
            <param index="0">
              <value>
                <![CDATA["Edit data parameter shifting invalid"]]>
              </value>
            </param>
            <param index="1">
              <value>
                <![CDATA["Parameter Shifting"]]>
              </value>
            </param>
          </params>
          <exception class="java.lang.AssertionError">
            <message>
              <![CDATA[expected [Form Add] but found [Tambah]]]>
            </message>
            <full-stacktrace>
              <![CDATA[java.lang.AssertionError: expected [Form Add] but found [Tambah]
at org.testng.Assert.fail(Assert.java:99)
at org.testng.Assert.failNotEquals(Assert.java:1037)
at org.testng.Assert.assertEqualsImpl(Assert.java:140)
at org.testng.Assert.assertEquals(Assert.java:122)
at org.testng.Assert.assertEquals(Assert.java:629)
at org.testng.Assert.assertEquals(Assert.java:639)
at com.juaracoding.cucumber.step_definitions.TestParameterShifting.user_get_field_edit_null_alert_shifting(TestParameterShifting.java:91)
at ✽.User get field edit null alert shifting(file:///C:/Users/fauza/git/Kelompok-3-TMS/src/main/resources/features/07.ParameterShifting.feature:27)
]]>
            </full-stacktrace>
          </exception> <!-- java.lang.AssertionError -->
          <reporter-output>
          </reporter-output>
        </test-method> <!-- runScenario -->
        <test-method signature="runScenario(io.cucumber.testng.PickleWrapper,io.cucumber.testng.FeatureWrapper)[pri:0, instance:com.juaracoding.cucumber.step_definitions.RunnerTest@56cdfb3b]" started-at="2022-12-30T03:31:15 WIB" name="runScenario" description="Runs Cucumber Scenarios" data-provider="scenarios" finished-at="2022-12-30T03:31:19 WIB" duration-ms="3724" status="PASS">
          <params>
            <param index="0">
              <value>
                <![CDATA["Edit data parameter shifting valid"]]>
              </value>
            </param>
            <param index="1">
              <value>
                <![CDATA["Parameter Shifting"]]>
              </value>
            </param>
          </params>
          <reporter-output>
          </reporter-output>
        </test-method> <!-- runScenario -->
        <test-method signature="runScenario(io.cucumber.testng.PickleWrapper,io.cucumber.testng.FeatureWrapper)[pri:0, instance:com.juaracoding.cucumber.step_definitions.RunnerTest@56cdfb3b]" started-at="2022-12-30T03:31:19 WIB" name="runScenario" description="Runs Cucumber Scenarios" data-provider="scenarios" finished-at="2022-12-30T03:31:22 WIB" duration-ms="3310" status="PASS">
          <params>
            <param index="0">
              <value>
                <![CDATA["Delete data parameter shifting"]]>
              </value>
            </param>
            <param index="1">
              <value>
                <![CDATA["Parameter Shifting"]]>
              </value>
            </param>
          </params>
          <reporter-output>
          </reporter-output>
        </test-method> <!-- runScenario -->
        <test-method signature="runScenario(io.cucumber.testng.PickleWrapper,io.cucumber.testng.FeatureWrapper)[pri:0, instance:com.juaracoding.cucumber.step_definitions.RunnerTest@56cdfb3b]" started-at="2022-12-30T03:31:23 WIB" name="runScenario" description="Runs Cucumber Scenarios" data-provider="scenarios" finished-at="2022-12-30T03:31:24 WIB" duration-ms="1324" status="PASS">
          <params>
            <param index="0">
              <value>
                <![CDATA["Cancel delete data parameter shifting"]]>
              </value>
            </param>
            <param index="1">
              <value>
                <![CDATA["Parameter Shifting"]]>
              </value>
            </param>
          </params>
          <reporter-output>
          </reporter-output>
        </test-method> <!-- runScenario -->
        <test-method signature="runScenario(io.cucumber.testng.PickleWrapper,io.cucumber.testng.FeatureWrapper)[pri:0, instance:com.juaracoding.cucumber.step_definitions.RunnerTest@56cdfb3b]" started-at="2022-12-30T03:31:24 WIB" name="runScenario" description="Runs Cucumber Scenarios" data-provider="scenarios" finished-at="2022-12-30T03:31:25 WIB" duration-ms="1277" status="PASS">
          <params>
            <param index="0">
              <value>
                <![CDATA["Show 10 data parameter shifting"]]>
              </value>
            </param>
            <param index="1">
              <value>
                <![CDATA["Parameter Shifting"]]>
              </value>
            </param>
          </params>
          <reporter-output>
          </reporter-output>
        </test-method> <!-- runScenario -->
        <test-method signature="runScenario(io.cucumber.testng.PickleWrapper,io.cucumber.testng.FeatureWrapper)[pri:0, instance:com.juaracoding.cucumber.step_definitions.RunnerTest@56cdfb3b]" started-at="2022-12-30T03:31:25 WIB" name="runScenario" description="Runs Cucumber Scenarios" data-provider="scenarios" finished-at="2022-12-30T03:31:26 WIB" duration-ms="1271" status="PASS">
          <params>
            <param index="0">
              <value>
                <![CDATA["Show 25 data parameter shifting"]]>
              </value>
            </param>
            <param index="1">
              <value>
                <![CDATA["Parameter Shifting"]]>
              </value>
            </param>
          </params>
          <reporter-output>
          </reporter-output>
        </test-method> <!-- runScenario -->
        <test-method signature="runScenario(io.cucumber.testng.PickleWrapper,io.cucumber.testng.FeatureWrapper)[pri:0, instance:com.juaracoding.cucumber.step_definitions.RunnerTest@56cdfb3b]" started-at="2022-12-30T03:31:26 WIB" name="runScenario" description="Runs Cucumber Scenarios" data-provider="scenarios" finished-at="2022-12-30T03:31:30 WIB" duration-ms="3824" status="PASS">
          <params>
            <param index="0">
              <value>
                <![CDATA["Show 50 data parameter shifting"]]>
              </value>
            </param>
            <param index="1">
              <value>
                <![CDATA["Parameter Shifting"]]>
              </value>
            </param>
          </params>
          <reporter-output>
          </reporter-output>
        </test-method> <!-- runScenario -->
        <test-method signature="runScenario(io.cucumber.testng.PickleWrapper,io.cucumber.testng.FeatureWrapper)[pri:0, instance:com.juaracoding.cucumber.step_definitions.RunnerTest@56cdfb3b]" started-at="2022-12-30T03:31:30 WIB" name="runScenario" description="Runs Cucumber Scenarios" data-provider="scenarios" finished-at="2022-12-30T03:31:33 WIB" duration-ms="2571" status="PASS">
          <params>
            <param index="0">
              <value>
                <![CDATA["Show 100 data parameter shifting"]]>
              </value>
            </param>
            <param index="1">
              <value>
                <![CDATA["Parameter Shifting"]]>
              </value>
            </param>
          </params>
          <reporter-output>
          </reporter-output>
        </test-method> <!-- runScenario -->
        <test-method signature="runScenario(io.cucumber.testng.PickleWrapper,io.cucumber.testng.FeatureWrapper)[pri:0, instance:com.juaracoding.cucumber.step_definitions.RunnerTest@56cdfb3b]" started-at="2022-12-30T03:31:33 WIB" name="runScenario" description="Runs Cucumber Scenarios" data-provider="scenarios" finished-at="2022-12-30T03:31:35 WIB" duration-ms="2149" status="PASS">
          <params>
            <param index="0">
              <value>
                <![CDATA["Search data parameter shifting"]]>
              </value>
            </param>
            <param index="1">
              <value>
                <![CDATA["Parameter Shifting"]]>
              </value>
            </param>
          </params>
          <reporter-output>
          </reporter-output>
        </test-method> <!-- runScenario -->
        <test-method signature="runScenario(io.cucumber.testng.PickleWrapper,io.cucumber.testng.FeatureWrapper)[pri:0, instance:com.juaracoding.cucumber.step_definitions.RunnerTest@56cdfb3b]" started-at="2022-12-30T03:31:35 WIB" name="runScenario" description="Runs Cucumber Scenarios" data-provider="scenarios" finished-at="2022-12-30T03:31:36 WIB" duration-ms="1345" status="PASS">
          <params>
            <param index="0">
              <value>
                <![CDATA["Add data kerja penempatan invalid"]]>
              </value>
            </param>
            <param index="1">
              <value>
                <![CDATA["Kerja Penempatan"]]>
              </value>
            </param>
          </params>
          <reporter-output>
          </reporter-output>
        </test-method> <!-- runScenario -->
        <test-method signature="runScenario(io.cucumber.testng.PickleWrapper,io.cucumber.testng.FeatureWrapper)[pri:0, instance:com.juaracoding.cucumber.step_definitions.RunnerTest@56cdfb3b]" started-at="2022-12-30T03:31:36 WIB" name="runScenario" description="Runs Cucumber Scenarios" data-provider="scenarios" finished-at="2022-12-30T03:31:38 WIB" duration-ms="1530" status="PASS">
          <params>
            <param index="0">
              <value>
                <![CDATA["Add data kerja penempatan valid"]]>
              </value>
            </param>
            <param index="1">
              <value>
                <![CDATA["Kerja Penempatan"]]>
              </value>
            </param>
          </params>
          <reporter-output>
          </reporter-output>
        </test-method> <!-- runScenario -->
        <test-method signature="runScenario(io.cucumber.testng.PickleWrapper,io.cucumber.testng.FeatureWrapper)[pri:0, instance:com.juaracoding.cucumber.step_definitions.RunnerTest@56cdfb3b]" started-at="2022-12-30T03:31:38 WIB" name="runScenario" description="Runs Cucumber Scenarios" data-provider="scenarios" finished-at="2022-12-30T03:31:41 WIB" duration-ms="3219" status="PASS">
          <params>
            <param index="0">
              <value>
                <![CDATA["Edit data kerja penempatan invalid"]]>
              </value>
            </param>
            <param index="1">
              <value>
                <![CDATA["Kerja Penempatan"]]>
              </value>
            </param>
          </params>
          <reporter-output>
          </reporter-output>
        </test-method> <!-- runScenario -->
        <test-method signature="runScenario(io.cucumber.testng.PickleWrapper,io.cucumber.testng.FeatureWrapper)[pri:0, instance:com.juaracoding.cucumber.step_definitions.RunnerTest@56cdfb3b]" started-at="2022-12-30T03:31:41 WIB" name="runScenario" description="Runs Cucumber Scenarios" data-provider="scenarios" finished-at="2022-12-30T03:31:43 WIB" duration-ms="2155" status="PASS">
          <params>
            <param index="0">
              <value>
                <![CDATA["Edit data kerja penempatan valid"]]>
              </value>
            </param>
            <param index="1">
              <value>
                <![CDATA["Kerja Penempatan"]]>
              </value>
            </param>
          </params>
          <reporter-output>
          </reporter-output>
        </test-method> <!-- runScenario -->
        <test-method signature="runScenario(io.cucumber.testng.PickleWrapper,io.cucumber.testng.FeatureWrapper)[pri:0, instance:com.juaracoding.cucumber.step_definitions.RunnerTest@56cdfb3b]" started-at="2022-12-30T03:31:43 WIB" name="runScenario" description="Runs Cucumber Scenarios" data-provider="scenarios" finished-at="2022-12-30T03:31:47 WIB" duration-ms="3797" status="PASS">
          <params>
            <param index="0">
              <value>
                <![CDATA["Cancel edit data kerja penempatan"]]>
              </value>
            </param>
            <param index="1">
              <value>
                <![CDATA["Kerja Penempatan"]]>
              </value>
            </param>
          </params>
          <reporter-output>
          </reporter-output>
        </test-method> <!-- runScenario -->
        <test-method signature="runScenario(io.cucumber.testng.PickleWrapper,io.cucumber.testng.FeatureWrapper)[pri:0, instance:com.juaracoding.cucumber.step_definitions.RunnerTest@56cdfb3b]" started-at="2022-12-30T03:31:47 WIB" name="runScenario" description="Runs Cucumber Scenarios" data-provider="scenarios" finished-at="2022-12-30T03:31:49 WIB" duration-ms="2005" status="PASS">
          <params>
            <param index="0">
              <value>
                <![CDATA["Show 10 data kerja penempatan"]]>
              </value>
            </param>
            <param index="1">
              <value>
                <![CDATA["Kerja Penempatan"]]>
              </value>
            </param>
          </params>
          <reporter-output>
          </reporter-output>
        </test-method> <!-- runScenario -->
        <test-method signature="runScenario(io.cucumber.testng.PickleWrapper,io.cucumber.testng.FeatureWrapper)[pri:0, instance:com.juaracoding.cucumber.step_definitions.RunnerTest@56cdfb3b]" started-at="2022-12-30T03:31:49 WIB" name="runScenario" description="Runs Cucumber Scenarios" data-provider="scenarios" finished-at="2022-12-30T03:31:51 WIB" duration-ms="2455" status="PASS">
          <params>
            <param index="0">
              <value>
                <![CDATA["Show 25 data kerja penempatan"]]>
              </value>
            </param>
            <param index="1">
              <value>
                <![CDATA["Kerja Penempatan"]]>
              </value>
            </param>
          </params>
          <reporter-output>
          </reporter-output>
        </test-method> <!-- runScenario -->
        <test-method signature="runScenario(io.cucumber.testng.PickleWrapper,io.cucumber.testng.FeatureWrapper)[pri:0, instance:com.juaracoding.cucumber.step_definitions.RunnerTest@56cdfb3b]" started-at="2022-12-30T03:31:51 WIB" name="runScenario" description="Runs Cucumber Scenarios" data-provider="scenarios" finished-at="2022-12-30T03:31:54 WIB" duration-ms="2468" status="PASS">
          <params>
            <param index="0">
              <value>
                <![CDATA["Show 50 data kerja penempatan"]]>
              </value>
            </param>
            <param index="1">
              <value>
                <![CDATA["Kerja Penempatan"]]>
              </value>
            </param>
          </params>
          <reporter-output>
          </reporter-output>
        </test-method> <!-- runScenario -->
        <test-method signature="runScenario(io.cucumber.testng.PickleWrapper,io.cucumber.testng.FeatureWrapper)[pri:0, instance:com.juaracoding.cucumber.step_definitions.RunnerTest@56cdfb3b]" started-at="2022-12-30T03:31:54 WIB" name="runScenario" description="Runs Cucumber Scenarios" data-provider="scenarios" finished-at="2022-12-30T03:31:56 WIB" duration-ms="1960" status="PASS">
          <params>
            <param index="0">
              <value>
                <![CDATA["Show 100 data kerja penempatan"]]>
              </value>
            </param>
            <param index="1">
              <value>
                <![CDATA["Kerja Penempatan"]]>
              </value>
            </param>
          </params>
          <reporter-output>
          </reporter-output>
        </test-method> <!-- runScenario -->
        <test-method signature="runScenario(io.cucumber.testng.PickleWrapper,io.cucumber.testng.FeatureWrapper)[pri:0, instance:com.juaracoding.cucumber.step_definitions.RunnerTest@56cdfb3b]" started-at="2022-12-30T03:31:56 WIB" name="runScenario" description="Runs Cucumber Scenarios" data-provider="scenarios" finished-at="2022-12-30T03:31:57 WIB" duration-ms="1026" status="PASS">
          <params>
            <param index="0">
              <value>
                <![CDATA["Search data kerja penempatan"]]>
              </value>
            </param>
            <param index="1">
              <value>
                <![CDATA["Kerja Penempatan"]]>
              </value>
            </param>
          </params>
          <reporter-output>
          </reporter-output>
        </test-method> <!-- runScenario -->
        <test-method signature="runScenario(io.cucumber.testng.PickleWrapper,io.cucumber.testng.FeatureWrapper)[pri:0, instance:com.juaracoding.cucumber.step_definitions.RunnerTest@56cdfb3b]" started-at="2022-12-30T03:31:57 WIB" name="runScenario" description="Runs Cucumber Scenarios" data-provider="scenarios" finished-at="2022-12-30T03:31:59 WIB" duration-ms="2283" status="PASS">
          <params>
            <param index="0">
              <value>
                <![CDATA["Add data master position invalid"]]>
              </value>
            </param>
            <param index="1">
              <value>
                <![CDATA["Master Position"]]>
              </value>
            </param>
          </params>
          <reporter-output>
          </reporter-output>
        </test-method> <!-- runScenario -->
        <test-method signature="runScenario(io.cucumber.testng.PickleWrapper,io.cucumber.testng.FeatureWrapper)[pri:0, instance:com.juaracoding.cucumber.step_definitions.RunnerTest@56cdfb3b]" started-at="2022-12-30T03:31:59 WIB" name="runScenario" description="Runs Cucumber Scenarios" data-provider="scenarios" finished-at="2022-12-30T03:32:00 WIB" duration-ms="515" status="PASS">
          <params>
            <param index="0">
              <value>
                <![CDATA["Add data master position valid"]]>
              </value>
            </param>
            <param index="1">
              <value>
                <![CDATA["Master Position"]]>
              </value>
            </param>
          </params>
          <reporter-output>
          </reporter-output>
        </test-method> <!-- runScenario -->
        <test-method signature="runScenario(io.cucumber.testng.PickleWrapper,io.cucumber.testng.FeatureWrapper)[pri:0, instance:com.juaracoding.cucumber.step_definitions.RunnerTest@56cdfb3b]" started-at="2022-12-30T03:32:00 WIB" name="runScenario" description="Runs Cucumber Scenarios" data-provider="scenarios" finished-at="2022-12-30T03:32:01 WIB" duration-ms="1205" status="PASS">
          <params>
            <param index="0">
              <value>
                <![CDATA["Edit data master position invalid"]]>
              </value>
            </param>
            <param index="1">
              <value>
                <![CDATA["Master Position"]]>
              </value>
            </param>
          </params>
          <reporter-output>
          </reporter-output>
        </test-method> <!-- runScenario -->
        <test-method signature="runScenario(io.cucumber.testng.PickleWrapper,io.cucumber.testng.FeatureWrapper)[pri:0, instance:com.juaracoding.cucumber.step_definitions.RunnerTest@56cdfb3b]" started-at="2022-12-30T03:32:01 WIB" name="runScenario" description="Runs Cucumber Scenarios" data-provider="scenarios" finished-at="2022-12-30T03:32:02 WIB" duration-ms="1092" status="PASS">
          <params>
            <param index="0">
              <value>
                <![CDATA["Edit data master position valid"]]>
              </value>
            </param>
            <param index="1">
              <value>
                <![CDATA["Master Position"]]>
              </value>
            </param>
          </params>
          <reporter-output>
          </reporter-output>
        </test-method> <!-- runScenario -->
        <test-method signature="runScenario(io.cucumber.testng.PickleWrapper,io.cucumber.testng.FeatureWrapper)[pri:0, instance:com.juaracoding.cucumber.step_definitions.RunnerTest@56cdfb3b]" started-at="2022-12-30T03:32:02 WIB" name="runScenario" description="Runs Cucumber Scenarios" data-provider="scenarios" finished-at="2022-12-30T03:32:03 WIB" duration-ms="1484" status="FAIL">
          <params>
            <param index="0">
              <value>
                <![CDATA["Cancel edit data master position"]]>
              </value>
            </param>
            <param index="1">
              <value>
                <![CDATA["Master Position"]]>
              </value>
            </param>
          </params>
          <exception class="java.lang.AssertionError">
            <message>
              <![CDATA[expected [https://dev.ptdika.com/tiket.com/position_tms/master_p_tms] but found [https://dev.ptdika.com/tiket.com/position_tms]]]>
            </message>
            <full-stacktrace>
              <![CDATA[java.lang.AssertionError: expected [https://dev.ptdika.com/tiket.com/position_tms/master_p_tms] but found [https://dev.ptdika.com/tiket.com/position_tms]
at org.testng.Assert.fail(Assert.java:99)
at org.testng.Assert.failNotEquals(Assert.java:1037)
at org.testng.Assert.assertEqualsImpl(Assert.java:140)
at org.testng.Assert.assertEquals(Assert.java:122)
at org.testng.Assert.assertEquals(Assert.java:629)
at org.testng.Assert.assertEquals(Assert.java:639)
at com.juaracoding.cucumber.step_definitions.TestMasterPosition.user_back_to_master_position_page(TestMasterPosition.java:112)
at ✽.User back to master position page(file:///C:/Users/fauza/git/Kelompok-3-TMS/src/main/resources/features/09.MasterPosition.feature:33)
]]>
            </full-stacktrace>
          </exception> <!-- java.lang.AssertionError -->
          <reporter-output>
          </reporter-output>
        </test-method> <!-- runScenario -->
        <test-method signature="runScenario(io.cucumber.testng.PickleWrapper,io.cucumber.testng.FeatureWrapper)[pri:0, instance:com.juaracoding.cucumber.step_definitions.RunnerTest@56cdfb3b]" started-at="2022-12-30T03:32:03 WIB" name="runScenario" description="Runs Cucumber Scenarios" data-provider="scenarios" finished-at="2022-12-30T03:32:05 WIB" duration-ms="1904" status="PASS">
          <params>
            <param index="0">
              <value>
                <![CDATA["Show 10 data kerja position"]]>
              </value>
            </param>
            <param index="1">
              <value>
                <![CDATA["Master Position"]]>
              </value>
            </param>
          </params>
          <reporter-output>
          </reporter-output>
        </test-method> <!-- runScenario -->
        <test-method signature="runScenario(io.cucumber.testng.PickleWrapper,io.cucumber.testng.FeatureWrapper)[pri:0, instance:com.juaracoding.cucumber.step_definitions.RunnerTest@56cdfb3b]" started-at="2022-12-30T03:32:05 WIB" name="runScenario" description="Runs Cucumber Scenarios" data-provider="scenarios" finished-at="2022-12-30T03:32:07 WIB" duration-ms="1246" status="PASS">
          <params>
            <param index="0">
              <value>
                <![CDATA["Show 25 data kerja position"]]>
              </value>
            </param>
            <param index="1">
              <value>
                <![CDATA["Master Position"]]>
              </value>
            </param>
          </params>
          <reporter-output>
          </reporter-output>
        </test-method> <!-- runScenario -->
        <test-method signature="runScenario(io.cucumber.testng.PickleWrapper,io.cucumber.testng.FeatureWrapper)[pri:0, instance:com.juaracoding.cucumber.step_definitions.RunnerTest@56cdfb3b]" started-at="2022-12-30T03:32:07 WIB" name="runScenario" description="Runs Cucumber Scenarios" data-provider="scenarios" finished-at="2022-12-30T03:32:08 WIB" duration-ms="1250" status="PASS">
          <params>
            <param index="0">
              <value>
                <![CDATA["Show 50 data kerja position"]]>
              </value>
            </param>
            <param index="1">
              <value>
                <![CDATA["Master Position"]]>
              </value>
            </param>
          </params>
          <reporter-output>
          </reporter-output>
        </test-method> <!-- runScenario -->
        <test-method signature="runScenario(io.cucumber.testng.PickleWrapper,io.cucumber.testng.FeatureWrapper)[pri:0, instance:com.juaracoding.cucumber.step_definitions.RunnerTest@56cdfb3b]" started-at="2022-12-30T03:32:08 WIB" name="runScenario" description="Runs Cucumber Scenarios" data-provider="scenarios" finished-at="2022-12-30T03:32:09 WIB" duration-ms="1284" status="PASS">
          <params>
            <param index="0">
              <value>
                <![CDATA["Show 100 data kerja position"]]>
              </value>
            </param>
            <param index="1">
              <value>
                <![CDATA["Master Position"]]>
              </value>
            </param>
          </params>
          <reporter-output>
          </reporter-output>
        </test-method> <!-- runScenario -->
        <test-method signature="runScenario(io.cucumber.testng.PickleWrapper,io.cucumber.testng.FeatureWrapper)[pri:0, instance:com.juaracoding.cucumber.step_definitions.RunnerTest@56cdfb3b]" started-at="2022-12-30T03:32:09 WIB" name="runScenario" description="Runs Cucumber Scenarios" data-provider="scenarios" finished-at="2022-12-30T03:32:10 WIB" duration-ms="1295" status="PASS">
          <params>
            <param index="0">
              <value>
                <![CDATA["Search data kerja position"]]>
              </value>
            </param>
            <param index="1">
              <value>
                <![CDATA["Master Position"]]>
              </value>
            </param>
          </params>
          <reporter-output>
          </reporter-output>
        </test-method> <!-- runScenario -->
        <test-method is-config="true" signature="tearDownClass()[pri:0, instance:com.juaracoding.cucumber.step_definitions.RunnerTest@56cdfb3b]" started-at="2022-12-30T03:32:10 WIB" name="tearDownClass" finished-at="2022-12-30T03:32:14 WIB" duration-ms="3169" status="PASS">
          <reporter-output>
          </reporter-output>
        </test-method> <!-- tearDownClass -->
      </class> <!-- com.juaracoding.cucumber.step_definitions.RunnerTest -->
    </test> <!-- Default test -->
  </suite> <!-- Default suite -->
</testng-results>
