<?xml version="1.0" encoding="UTF-8"?>
<testng-results ignored="0" total="115" passed="104" failed="11" skipped="0">
  <reporter-output>
  </reporter-output>
  <suite started-at="2023-01-01T19:33:57 WIB" name="Default suite" finished-at="2023-01-01T19:40:55 WIB" duration-ms="417694">
    <groups>
      <group name="cucumber">
        <method signature="AbstractTestNGCucumberTests.runScenario(io.cucumber.testng.PickleWrapper,io.cucumber.testng.FeatureWrapper)[pri:0, instance:com.juaracoding.cucumber.step_definitions.RunnerTest@56cdfb3b]" name="runScenario" class="io.cucumber.testng.AbstractTestNGCucumberTests"/>
      </group> <!-- cucumber -->
    </groups>
    <test started-at="2023-01-01T19:33:57 WIB" name="Default test" finished-at="2023-01-01T19:40:55 WIB" duration-ms="417694">
      <class name="com.juaracoding.cucumber.step_definitions.RunnerTest">
        <test-method is-config="true" signature="setUpClass(org.testng.ITestContext)[pri:0, instance:com.juaracoding.cucumber.step_definitions.RunnerTest@56cdfb3b]" started-at="2023-01-01T19:33:57 WIB" name="setUpClass" finished-at="2023-01-01T19:33:57 WIB" duration-ms="456" status="PASS">
          <params>
            <param index="0">
              <value>
                <![CDATA[org.testng.TestRunner@43e6f05f]]>
              </value>
            </param>
          </params>
          <reporter-output>
          </reporter-output>
        </test-method> <!-- setUpClass -->
        <test-method signature="runScenario(io.cucumber.testng.PickleWrapper,io.cucumber.testng.FeatureWrapper)[pri:0, instance:com.juaracoding.cucumber.step_definitions.RunnerTest@56cdfb3b]" started-at="2023-01-01T19:33:57 WIB" name="runScenario" description="Runs Cucumber Scenarios" data-provider="scenarios" finished-at="2023-01-01T19:34:00 WIB" duration-ms="2265" status="PASS">
          <params>
            <param index="0">
              <value>
                <![CDATA["User go to invalid website"]]>
              </value>
            </param>
            <param index="1">
              <value>
                <![CDATA["Login User"]]>
              </value>
            </param>
          </params>
          <reporter-output>
          </reporter-output>
        </test-method> <!-- runScenario -->
        <test-method signature="runScenario(io.cucumber.testng.PickleWrapper,io.cucumber.testng.FeatureWrapper)[pri:0, instance:com.juaracoding.cucumber.step_definitions.RunnerTest@56cdfb3b]" started-at="2023-01-01T19:34:00 WIB" name="runScenario" description="Runs Cucumber Scenarios" data-provider="scenarios" finished-at="2023-01-01T19:34:04 WIB" duration-ms="4040" status="PASS">
          <params>
            <param index="0">
              <value>
                <![CDATA["User go to website"]]>
              </value>
            </param>
            <param index="1">
              <value>
                <![CDATA["Login User"]]>
              </value>
            </param>
          </params>
          <reporter-output>
          </reporter-output>
        </test-method> <!-- runScenario -->
        <test-method signature="runScenario(io.cucumber.testng.PickleWrapper,io.cucumber.testng.FeatureWrapper)[pri:0, instance:com.juaracoding.cucumber.step_definitions.RunnerTest@56cdfb3b]" started-at="2023-01-01T19:34:04 WIB" name="runScenario" description="Runs Cucumber Scenarios" data-provider="scenarios" finished-at="2023-01-01T19:34:04 WIB" duration-ms="460" status="PASS">
          <params>
            <param index="0">
              <value>
                <![CDATA["User login null username and null password"]]>
              </value>
            </param>
            <param index="1">
              <value>
                <![CDATA["Login User"]]>
              </value>
            </param>
          </params>
          <reporter-output>
          </reporter-output>
        </test-method> <!-- runScenario -->
        <test-method signature="runScenario(io.cucumber.testng.PickleWrapper,io.cucumber.testng.FeatureWrapper)[pri:0, instance:com.juaracoding.cucumber.step_definitions.RunnerTest@56cdfb3b]" started-at="2023-01-01T19:34:04 WIB" name="runScenario" description="Runs Cucumber Scenarios" data-provider="scenarios" finished-at="2023-01-01T19:34:05 WIB" duration-ms="677" status="PASS">
          <params>
            <param index="0">
              <value>
                <![CDATA["User login null username and invalid password"]]>
              </value>
            </param>
            <param index="1">
              <value>
                <![CDATA["Login User"]]>
              </value>
            </param>
          </params>
          <reporter-output>
          </reporter-output>
        </test-method> <!-- runScenario -->
        <test-method signature="runScenario(io.cucumber.testng.PickleWrapper,io.cucumber.testng.FeatureWrapper)[pri:0, instance:com.juaracoding.cucumber.step_definitions.RunnerTest@56cdfb3b]" started-at="2023-01-01T19:34:05 WIB" name="runScenario" description="Runs Cucumber Scenarios" data-provider="scenarios" finished-at="2023-01-01T19:34:05 WIB" duration-ms="505" status="PASS">
          <params>
            <param index="0">
              <value>
                <![CDATA["User login null username and valid password"]]>
              </value>
            </param>
            <param index="1">
              <value>
                <![CDATA["Login User"]]>
              </value>
            </param>
          </params>
          <reporter-output>
          </reporter-output>
        </test-method> <!-- runScenario -->
        <test-method signature="runScenario(io.cucumber.testng.PickleWrapper,io.cucumber.testng.FeatureWrapper)[pri:0, instance:com.juaracoding.cucumber.step_definitions.RunnerTest@56cdfb3b]" started-at="2023-01-01T19:34:05 WIB" name="runScenario" description="Runs Cucumber Scenarios" data-provider="scenarios" finished-at="2023-01-01T19:34:06 WIB" duration-ms="586" status="PASS">
          <params>
            <param index="0">
              <value>
                <![CDATA["User login invalid username and null password"]]>
              </value>
            </param>
            <param index="1">
              <value>
                <![CDATA["Login User"]]>
              </value>
            </param>
          </params>
          <reporter-output>
          </reporter-output>
        </test-method> <!-- runScenario -->
        <test-method signature="runScenario(io.cucumber.testng.PickleWrapper,io.cucumber.testng.FeatureWrapper)[pri:0, instance:com.juaracoding.cucumber.step_definitions.RunnerTest@56cdfb3b]" started-at="2023-01-01T19:34:06 WIB" name="runScenario" description="Runs Cucumber Scenarios" data-provider="scenarios" finished-at="2023-01-01T19:34:08 WIB" duration-ms="1661" status="PASS">
          <params>
            <param index="0">
              <value>
                <![CDATA["User login invalid username and invalid password"]]>
              </value>
            </param>
            <param index="1">
              <value>
                <![CDATA["Login User"]]>
              </value>
            </param>
          </params>
          <reporter-output>
          </reporter-output>
        </test-method> <!-- runScenario -->
        <test-method signature="runScenario(io.cucumber.testng.PickleWrapper,io.cucumber.testng.FeatureWrapper)[pri:0, instance:com.juaracoding.cucumber.step_definitions.RunnerTest@56cdfb3b]" started-at="2023-01-01T19:34:08 WIB" name="runScenario" description="Runs Cucumber Scenarios" data-provider="scenarios" finished-at="2023-01-01T19:34:09 WIB" duration-ms="1629" status="PASS">
          <params>
            <param index="0">
              <value>
                <![CDATA["User login invalid username and valid password"]]>
              </value>
            </param>
            <param index="1">
              <value>
                <![CDATA["Login User"]]>
              </value>
            </param>
          </params>
          <reporter-output>
          </reporter-output>
        </test-method> <!-- runScenario -->
        <test-method signature="runScenario(io.cucumber.testng.PickleWrapper,io.cucumber.testng.FeatureWrapper)[pri:0, instance:com.juaracoding.cucumber.step_definitions.RunnerTest@56cdfb3b]" started-at="2023-01-01T19:34:09 WIB" name="runScenario" description="Runs Cucumber Scenarios" data-provider="scenarios" finished-at="2023-01-01T19:34:10 WIB" duration-ms="454" status="PASS">
          <params>
            <param index="0">
              <value>
                <![CDATA["User login valid username and null password"]]>
              </value>
            </param>
            <param index="1">
              <value>
                <![CDATA["Login User"]]>
              </value>
            </param>
          </params>
          <reporter-output>
          </reporter-output>
        </test-method> <!-- runScenario -->
        <test-method signature="runScenario(io.cucumber.testng.PickleWrapper,io.cucumber.testng.FeatureWrapper)[pri:0, instance:com.juaracoding.cucumber.step_definitions.RunnerTest@56cdfb3b]" started-at="2023-01-01T19:34:10 WIB" name="runScenario" description="Runs Cucumber Scenarios" data-provider="scenarios" finished-at="2023-01-01T19:34:12 WIB" duration-ms="1774" status="PASS">
          <params>
            <param index="0">
              <value>
                <![CDATA["User login valid username and invalid password"]]>
              </value>
            </param>
            <param index="1">
              <value>
                <![CDATA["Login User"]]>
              </value>
            </param>
          </params>
          <reporter-output>
          </reporter-output>
        </test-method> <!-- runScenario -->
        <test-method signature="runScenario(io.cucumber.testng.PickleWrapper,io.cucumber.testng.FeatureWrapper)[pri:0, instance:com.juaracoding.cucumber.step_definitions.RunnerTest@56cdfb3b]" started-at="2023-01-01T19:34:12 WIB" name="runScenario" description="Runs Cucumber Scenarios" data-provider="scenarios" finished-at="2023-01-01T19:34:16 WIB" duration-ms="4729" status="PASS">
          <params>
            <param index="0">
              <value>
                <![CDATA["User valid login"]]>
              </value>
            </param>
            <param index="1">
              <value>
                <![CDATA["Login User"]]>
              </value>
            </param>
          </params>
          <reporter-output>
          </reporter-output>
        </test-method> <!-- runScenario -->
        <test-method signature="runScenario(io.cucumber.testng.PickleWrapper,io.cucumber.testng.FeatureWrapper)[pri:0, instance:com.juaracoding.cucumber.step_definitions.RunnerTest@56cdfb3b]" started-at="2023-01-01T19:34:16 WIB" name="runScenario" description="Runs Cucumber Scenarios" data-provider="scenarios" finished-at="2023-01-01T19:34:18 WIB" duration-ms="1788" status="PASS">
          <params>
            <param index="0">
              <value>
                <![CDATA["User valid logout"]]>
              </value>
            </param>
            <param index="1">
              <value>
                <![CDATA["Login User"]]>
              </value>
            </param>
          </params>
          <reporter-output>
          </reporter-output>
        </test-method> <!-- runScenario -->
        <test-method signature="runScenario(io.cucumber.testng.PickleWrapper,io.cucumber.testng.FeatureWrapper)[pri:0, instance:com.juaracoding.cucumber.step_definitions.RunnerTest@56cdfb3b]" started-at="2023-01-01T19:34:18 WIB" name="runScenario" description="Runs Cucumber Scenarios" data-provider="scenarios" finished-at="2023-01-01T19:34:24 WIB" duration-ms="5579" status="PASS">
          <params>
            <param index="0">
              <value>
                <![CDATA["TCC.TMS.001 user invalid absen"]]>
              </value>
            </param>
            <param index="1">
              <value>
                <![CDATA["Absen Admin Masuk"]]>
              </value>
            </param>
          </params>
          <reporter-output>
          </reporter-output>
        </test-method> <!-- runScenario -->
        <test-method signature="runScenario(io.cucumber.testng.PickleWrapper,io.cucumber.testng.FeatureWrapper)[pri:0, instance:com.juaracoding.cucumber.step_definitions.RunnerTest@56cdfb3b]" started-at="2023-01-01T19:34:24 WIB" name="runScenario" description="Runs Cucumber Scenarios" data-provider="scenarios" finished-at="2023-01-01T19:34:27 WIB" duration-ms="3400" status="PASS">
          <params>
            <param index="0">
              <value>
                <![CDATA["TCC.TMS.002 user invalid absen"]]>
              </value>
            </param>
            <param index="1">
              <value>
                <![CDATA["Absen Admin Masuk"]]>
              </value>
            </param>
          </params>
          <reporter-output>
          </reporter-output>
        </test-method> <!-- runScenario -->
        <test-method signature="runScenario(io.cucumber.testng.PickleWrapper,io.cucumber.testng.FeatureWrapper)[pri:0, instance:com.juaracoding.cucumber.step_definitions.RunnerTest@56cdfb3b]" started-at="2023-01-01T19:34:27 WIB" name="runScenario" description="Runs Cucumber Scenarios" data-provider="scenarios" finished-at="2023-01-01T19:34:31 WIB" duration-ms="3529" status="PASS">
          <params>
            <param index="0">
              <value>
                <![CDATA["TCC.TMS.003 user invalid absen"]]>
              </value>
            </param>
            <param index="1">
              <value>
                <![CDATA["Absen Admin Masuk"]]>
              </value>
            </param>
          </params>
          <reporter-output>
          </reporter-output>
        </test-method> <!-- runScenario -->
        <test-method signature="runScenario(io.cucumber.testng.PickleWrapper,io.cucumber.testng.FeatureWrapper)[pri:0, instance:com.juaracoding.cucumber.step_definitions.RunnerTest@56cdfb3b]" started-at="2023-01-01T19:34:31 WIB" name="runScenario" description="Runs Cucumber Scenarios" data-provider="scenarios" finished-at="2023-01-01T19:34:42 WIB" duration-ms="11152" status="PASS">
          <params>
            <param index="0">
              <value>
                <![CDATA["TCC.TMS.004 user invalid absen"]]>
              </value>
            </param>
            <param index="1">
              <value>
                <![CDATA["Absen Admin Masuk"]]>
              </value>
            </param>
          </params>
          <reporter-output>
          </reporter-output>
        </test-method> <!-- runScenario -->
        <test-method signature="runScenario(io.cucumber.testng.PickleWrapper,io.cucumber.testng.FeatureWrapper)[pri:0, instance:com.juaracoding.cucumber.step_definitions.RunnerTest@56cdfb3b]" started-at="2023-01-01T19:34:42 WIB" name="runScenario" description="Runs Cucumber Scenarios" data-provider="scenarios" finished-at="2023-01-01T19:34:44 WIB" duration-ms="2169" status="PASS">
          <params>
            <param index="0">
              <value>
                <![CDATA["TCC.TMS.005 user invalid absen"]]>
              </value>
            </param>
            <param index="1">
              <value>
                <![CDATA["Absen Admin Masuk"]]>
              </value>
            </param>
          </params>
          <reporter-output>
          </reporter-output>
        </test-method> <!-- runScenario -->
        <test-method signature="runScenario(io.cucumber.testng.PickleWrapper,io.cucumber.testng.FeatureWrapper)[pri:0, instance:com.juaracoding.cucumber.step_definitions.RunnerTest@56cdfb3b]" started-at="2023-01-01T19:34:44 WIB" name="runScenario" description="Runs Cucumber Scenarios" data-provider="scenarios" finished-at="2023-01-01T19:34:47 WIB" duration-ms="3388" status="PASS">
          <params>
            <param index="0">
              <value>
                <![CDATA["TCC.TMS.006 user invalid absen"]]>
              </value>
            </param>
            <param index="1">
              <value>
                <![CDATA["Absen Admin Masuk"]]>
              </value>
            </param>
          </params>
          <reporter-output>
          </reporter-output>
        </test-method> <!-- runScenario -->
        <test-method signature="runScenario(io.cucumber.testng.PickleWrapper,io.cucumber.testng.FeatureWrapper)[pri:0, instance:com.juaracoding.cucumber.step_definitions.RunnerTest@56cdfb3b]" started-at="2023-01-01T19:34:47 WIB" name="runScenario" description="Runs Cucumber Scenarios" data-provider="scenarios" finished-at="2023-01-01T19:34:51 WIB" duration-ms="3634" status="PASS">
          <params>
            <param index="0">
              <value>
                <![CDATA["TCC.TMS.007 user invalid absen"]]>
              </value>
            </param>
            <param index="1">
              <value>
                <![CDATA["Absen Admin Masuk"]]>
              </value>
            </param>
          </params>
          <reporter-output>
          </reporter-output>
        </test-method> <!-- runScenario -->
        <test-method signature="runScenario(io.cucumber.testng.PickleWrapper,io.cucumber.testng.FeatureWrapper)[pri:0, instance:com.juaracoding.cucumber.step_definitions.RunnerTest@56cdfb3b]" started-at="2023-01-01T19:34:51 WIB" name="runScenario" description="Runs Cucumber Scenarios" data-provider="scenarios" finished-at="2023-01-01T19:34:55 WIB" duration-ms="3741" status="PASS">
          <params>
            <param index="0">
              <value>
                <![CDATA["TCC.TMS.001 user valid absen masuk"]]>
              </value>
            </param>
            <param index="1">
              <value>
                <![CDATA["Absen Admin Masuk"]]>
              </value>
            </param>
          </params>
          <reporter-output>
          </reporter-output>
        </test-method> <!-- runScenario -->
        <test-method signature="runScenario(io.cucumber.testng.PickleWrapper,io.cucumber.testng.FeatureWrapper)[pri:0, instance:com.juaracoding.cucumber.step_definitions.RunnerTest@56cdfb3b]" started-at="2023-01-01T19:34:55 WIB" name="runScenario" description="Runs Cucumber Scenarios" data-provider="scenarios" finished-at="2023-01-01T19:34:59 WIB" duration-ms="4348" status="PASS">
          <params>
            <param index="0">
              <value>
                <![CDATA["TCC.TMS.002 admin search user"]]>
              </value>
            </param>
            <param index="1">
              <value>
                <![CDATA["Absen Admin Masuk"]]>
              </value>
            </param>
          </params>
          <reporter-output>
          </reporter-output>
        </test-method> <!-- runScenario -->
        <test-method signature="runScenario(io.cucumber.testng.PickleWrapper,io.cucumber.testng.FeatureWrapper)[pri:0, instance:com.juaracoding.cucumber.step_definitions.RunnerTest@56cdfb3b]" started-at="2023-01-01T19:34:59 WIB" name="runScenario" description="Runs Cucumber Scenarios" data-provider="scenarios" finished-at="2023-01-01T19:35:03 WIB" duration-ms="3677" status="PASS">
          <params>
            <param index="0">
              <value>
                <![CDATA["TCC.TMS.003 admin branch position spesifik"]]>
              </value>
            </param>
            <param index="1">
              <value>
                <![CDATA["Absen Admin Masuk"]]>
              </value>
            </param>
          </params>
          <reporter-output>
          </reporter-output>
        </test-method> <!-- runScenario -->
        <test-method signature="runScenario(io.cucumber.testng.PickleWrapper,io.cucumber.testng.FeatureWrapper)[pri:0, instance:com.juaracoding.cucumber.step_definitions.RunnerTest@56cdfb3b]" started-at="2023-01-01T19:35:03 WIB" name="runScenario" description="Runs Cucumber Scenarios" data-provider="scenarios" finished-at="2023-01-01T19:35:06 WIB" duration-ms="3470" status="PASS">
          <params>
            <param index="0">
              <value>
                <![CDATA["TCC.TMS.001 user invalid absen pulang"]]>
              </value>
            </param>
            <param index="1">
              <value>
                <![CDATA["Absen Admin Pulang"]]>
              </value>
            </param>
          </params>
          <reporter-output>
          </reporter-output>
        </test-method> <!-- runScenario -->
        <test-method signature="runScenario(io.cucumber.testng.PickleWrapper,io.cucumber.testng.FeatureWrapper)[pri:0, instance:com.juaracoding.cucumber.step_definitions.RunnerTest@56cdfb3b]" started-at="2023-01-01T19:35:06 WIB" name="runScenario" description="Runs Cucumber Scenarios" data-provider="scenarios" finished-at="2023-01-01T19:35:10 WIB" duration-ms="4199" status="PASS">
          <params>
            <param index="0">
              <value>
                <![CDATA["TCC.TMS.002 user invalid absen pulang"]]>
              </value>
            </param>
            <param index="1">
              <value>
                <![CDATA["Absen Admin Pulang"]]>
              </value>
            </param>
          </params>
          <reporter-output>
          </reporter-output>
        </test-method> <!-- runScenario -->
        <test-method signature="runScenario(io.cucumber.testng.PickleWrapper,io.cucumber.testng.FeatureWrapper)[pri:0, instance:com.juaracoding.cucumber.step_definitions.RunnerTest@56cdfb3b]" started-at="2023-01-01T19:35:10 WIB" name="runScenario" description="Runs Cucumber Scenarios" data-provider="scenarios" finished-at="2023-01-01T19:35:14 WIB" duration-ms="3664" status="PASS">
          <params>
            <param index="0">
              <value>
                <![CDATA["TCC.TMS.003 user invalid absen pulang"]]>
              </value>
            </param>
            <param index="1">
              <value>
                <![CDATA["Absen Admin Pulang"]]>
              </value>
            </param>
          </params>
          <reporter-output>
          </reporter-output>
        </test-method> <!-- runScenario -->
        <test-method signature="runScenario(io.cucumber.testng.PickleWrapper,io.cucumber.testng.FeatureWrapper)[pri:0, instance:com.juaracoding.cucumber.step_definitions.RunnerTest@56cdfb3b]" started-at="2023-01-01T19:35:14 WIB" name="runScenario" description="Runs Cucumber Scenarios" data-provider="scenarios" finished-at="2023-01-01T19:35:17 WIB" duration-ms="3144" status="PASS">
          <params>
            <param index="0">
              <value>
                <![CDATA["TCC.TMS.004 user invalid absen pulang"]]>
              </value>
            </param>
            <param index="1">
              <value>
                <![CDATA["Absen Admin Pulang"]]>
              </value>
            </param>
          </params>
          <reporter-output>
          </reporter-output>
        </test-method> <!-- runScenario -->
        <test-method signature="runScenario(io.cucumber.testng.PickleWrapper,io.cucumber.testng.FeatureWrapper)[pri:0, instance:com.juaracoding.cucumber.step_definitions.RunnerTest@56cdfb3b]" started-at="2023-01-01T19:35:17 WIB" name="runScenario" description="Runs Cucumber Scenarios" data-provider="scenarios" finished-at="2023-01-01T19:35:21 WIB" duration-ms="3369" status="PASS">
          <params>
            <param index="0">
              <value>
                <![CDATA["TCC.TMS.005 user invalid absen pulang"]]>
              </value>
            </param>
            <param index="1">
              <value>
                <![CDATA["Absen Admin Pulang"]]>
              </value>
            </param>
          </params>
          <reporter-output>
          </reporter-output>
        </test-method> <!-- runScenario -->
        <test-method signature="runScenario(io.cucumber.testng.PickleWrapper,io.cucumber.testng.FeatureWrapper)[pri:0, instance:com.juaracoding.cucumber.step_definitions.RunnerTest@56cdfb3b]" started-at="2023-01-01T19:35:21 WIB" name="runScenario" description="Runs Cucumber Scenarios" data-provider="scenarios" finished-at="2023-01-01T19:35:24 WIB" duration-ms="3438" status="PASS">
          <params>
            <param index="0">
              <value>
                <![CDATA["TCC.TMS.006 user invalid absen pulang"]]>
              </value>
            </param>
            <param index="1">
              <value>
                <![CDATA["Absen Admin Pulang"]]>
              </value>
            </param>
          </params>
          <reporter-output>
          </reporter-output>
        </test-method> <!-- runScenario -->
        <test-method signature="runScenario(io.cucumber.testng.PickleWrapper,io.cucumber.testng.FeatureWrapper)[pri:0, instance:com.juaracoding.cucumber.step_definitions.RunnerTest@56cdfb3b]" started-at="2023-01-01T19:35:24 WIB" name="runScenario" description="Runs Cucumber Scenarios" data-provider="scenarios" finished-at="2023-01-01T19:35:28 WIB" duration-ms="3651" status="PASS">
          <params>
            <param index="0">
              <value>
                <![CDATA["TCC.TMS.007 user invalid absen pulang"]]>
              </value>
            </param>
            <param index="1">
              <value>
                <![CDATA["Absen Admin Pulang"]]>
              </value>
            </param>
          </params>
          <reporter-output>
          </reporter-output>
        </test-method> <!-- runScenario -->
        <test-method signature="runScenario(io.cucumber.testng.PickleWrapper,io.cucumber.testng.FeatureWrapper)[pri:0, instance:com.juaracoding.cucumber.step_definitions.RunnerTest@56cdfb3b]" started-at="2023-01-01T19:35:28 WIB" name="runScenario" description="Runs Cucumber Scenarios" data-provider="scenarios" finished-at="2023-01-01T19:35:31 WIB" duration-ms="3731" status="PASS">
          <params>
            <param index="0">
              <value>
                <![CDATA["TCC.TMS.001 user valid absen pulang"]]>
              </value>
            </param>
            <param index="1">
              <value>
                <![CDATA["Absen Admin Pulang"]]>
              </value>
            </param>
          </params>
          <reporter-output>
          </reporter-output>
        </test-method> <!-- runScenario -->
        <test-method signature="runScenario(io.cucumber.testng.PickleWrapper,io.cucumber.testng.FeatureWrapper)[pri:0, instance:com.juaracoding.cucumber.step_definitions.RunnerTest@56cdfb3b]" started-at="2023-01-01T19:35:31 WIB" name="runScenario" description="Runs Cucumber Scenarios" data-provider="scenarios" finished-at="2023-01-01T19:35:36 WIB" duration-ms="4921" status="PASS">
          <params>
            <param index="0">
              <value>
                <![CDATA["TCC.TMS.002 admin search user pulang"]]>
              </value>
            </param>
            <param index="1">
              <value>
                <![CDATA["Absen Admin Pulang"]]>
              </value>
            </param>
          </params>
          <reporter-output>
          </reporter-output>
        </test-method> <!-- runScenario -->
        <test-method signature="runScenario(io.cucumber.testng.PickleWrapper,io.cucumber.testng.FeatureWrapper)[pri:0, instance:com.juaracoding.cucumber.step_definitions.RunnerTest@56cdfb3b]" started-at="2023-01-01T19:35:36 WIB" name="runScenario" description="Runs Cucumber Scenarios" data-provider="scenarios" finished-at="2023-01-01T19:35:40 WIB" duration-ms="4022" status="PASS">
          <params>
            <param index="0">
              <value>
                <![CDATA["TCC.TMS.003 user valid absen pulang branch spesifik"]]>
              </value>
            </param>
            <param index="1">
              <value>
                <![CDATA["Absen Admin Pulang"]]>
              </value>
            </param>
          </params>
          <reporter-output>
          </reporter-output>
        </test-method> <!-- runScenario -->
        <test-method signature="runScenario(io.cucumber.testng.PickleWrapper,io.cucumber.testng.FeatureWrapper)[pri:0, instance:com.juaracoding.cucumber.step_definitions.RunnerTest@56cdfb3b]" started-at="2023-01-01T19:35:40 WIB" name="runScenario" description="Runs Cucumber Scenarios" data-provider="scenarios" finished-at="2023-01-01T19:35:43 WIB" duration-ms="2955" status="PASS">
          <params>
            <param index="0">
              <value>
                <![CDATA["TCC.TMS.001 user invalid absen sakit"]]>
              </value>
            </param>
            <param index="1">
              <value>
                <![CDATA["Absen Admin Sakit"]]>
              </value>
            </param>
          </params>
          <reporter-output>
          </reporter-output>
        </test-method> <!-- runScenario -->
        <test-method signature="runScenario(io.cucumber.testng.PickleWrapper,io.cucumber.testng.FeatureWrapper)[pri:0, instance:com.juaracoding.cucumber.step_definitions.RunnerTest@56cdfb3b]" started-at="2023-01-01T19:35:43 WIB" name="runScenario" description="Runs Cucumber Scenarios" data-provider="scenarios" finished-at="2023-01-01T19:35:47 WIB" duration-ms="3651" status="PASS">
          <params>
            <param index="0">
              <value>
                <![CDATA["TCC.TMS.002 user invalid absen sakit"]]>
              </value>
            </param>
            <param index="1">
              <value>
                <![CDATA["Absen Admin Sakit"]]>
              </value>
            </param>
          </params>
          <reporter-output>
          </reporter-output>
        </test-method> <!-- runScenario -->
        <test-method signature="runScenario(io.cucumber.testng.PickleWrapper,io.cucumber.testng.FeatureWrapper)[pri:0, instance:com.juaracoding.cucumber.step_definitions.RunnerTest@56cdfb3b]" started-at="2023-01-01T19:35:47 WIB" name="runScenario" description="Runs Cucumber Scenarios" data-provider="scenarios" finished-at="2023-01-01T19:35:50 WIB" duration-ms="3342" status="PASS">
          <params>
            <param index="0">
              <value>
                <![CDATA["TCC.TMS.003 user invalid absen sakit"]]>
              </value>
            </param>
            <param index="1">
              <value>
                <![CDATA["Absen Admin Sakit"]]>
              </value>
            </param>
          </params>
          <reporter-output>
          </reporter-output>
        </test-method> <!-- runScenario -->
        <test-method signature="runScenario(io.cucumber.testng.PickleWrapper,io.cucumber.testng.FeatureWrapper)[pri:0, instance:com.juaracoding.cucumber.step_definitions.RunnerTest@56cdfb3b]" started-at="2023-01-01T19:35:50 WIB" name="runScenario" description="Runs Cucumber Scenarios" data-provider="scenarios" finished-at="2023-01-01T19:35:53 WIB" duration-ms="3230" status="PASS">
          <params>
            <param index="0">
              <value>
                <![CDATA["TCC.TMS.004 user valid absen sakit"]]>
              </value>
            </param>
            <param index="1">
              <value>
                <![CDATA["Absen Admin Sakit"]]>
              </value>
            </param>
          </params>
          <reporter-output>
          </reporter-output>
        </test-method> <!-- runScenario -->
        <test-method signature="runScenario(io.cucumber.testng.PickleWrapper,io.cucumber.testng.FeatureWrapper)[pri:0, instance:com.juaracoding.cucumber.step_definitions.RunnerTest@56cdfb3b]" started-at="2023-01-01T19:35:53 WIB" name="runScenario" description="Runs Cucumber Scenarios" data-provider="scenarios" finished-at="2023-01-01T19:35:57 WIB" duration-ms="3599" status="PASS">
          <params>
            <param index="0">
              <value>
                <![CDATA["TCC.TMS.005 user invalid absen sakit"]]>
              </value>
            </param>
            <param index="1">
              <value>
                <![CDATA["Absen Admin Sakit"]]>
              </value>
            </param>
          </params>
          <reporter-output>
          </reporter-output>
        </test-method> <!-- runScenario -->
        <test-method signature="runScenario(io.cucumber.testng.PickleWrapper,io.cucumber.testng.FeatureWrapper)[pri:0, instance:com.juaracoding.cucumber.step_definitions.RunnerTest@56cdfb3b]" started-at="2023-01-01T19:35:57 WIB" name="runScenario" description="Runs Cucumber Scenarios" data-provider="scenarios" finished-at="2023-01-01T19:36:01 WIB" duration-ms="4050" status="PASS">
          <params>
            <param index="0">
              <value>
                <![CDATA["TCC.TMS.006 user invalid absen sakit"]]>
              </value>
            </param>
            <param index="1">
              <value>
                <![CDATA["Absen Admin Sakit"]]>
              </value>
            </param>
          </params>
          <reporter-output>
          </reporter-output>
        </test-method> <!-- runScenario -->
        <test-method signature="runScenario(io.cucumber.testng.PickleWrapper,io.cucumber.testng.FeatureWrapper)[pri:0, instance:com.juaracoding.cucumber.step_definitions.RunnerTest@56cdfb3b]" started-at="2023-01-01T19:36:01 WIB" name="runScenario" description="Runs Cucumber Scenarios" data-provider="scenarios" finished-at="2023-01-01T19:36:05 WIB" duration-ms="3621" status="PASS">
          <params>
            <param index="0">
              <value>
                <![CDATA["TCC.TMS.007 user invalid absen sakit"]]>
              </value>
            </param>
            <param index="1">
              <value>
                <![CDATA["Absen Admin Sakit"]]>
              </value>
            </param>
          </params>
          <reporter-output>
          </reporter-output>
        </test-method> <!-- runScenario -->
        <test-method signature="runScenario(io.cucumber.testng.PickleWrapper,io.cucumber.testng.FeatureWrapper)[pri:0, instance:com.juaracoding.cucumber.step_definitions.RunnerTest@56cdfb3b]" started-at="2023-01-01T19:36:05 WIB" name="runScenario" description="Runs Cucumber Scenarios" data-provider="scenarios" finished-at="2023-01-01T19:36:08 WIB" duration-ms="3437" status="PASS">
          <params>
            <param index="0">
              <value>
                <![CDATA["TCC.TMS.001 user valid absen sakit"]]>
              </value>
            </param>
            <param index="1">
              <value>
                <![CDATA["Absen Admin Sakit"]]>
              </value>
            </param>
          </params>
          <reporter-output>
          </reporter-output>
        </test-method> <!-- runScenario -->
        <test-method signature="runScenario(io.cucumber.testng.PickleWrapper,io.cucumber.testng.FeatureWrapper)[pri:0, instance:com.juaracoding.cucumber.step_definitions.RunnerTest@56cdfb3b]" started-at="2023-01-01T19:36:08 WIB" name="runScenario" description="Runs Cucumber Scenarios" data-provider="scenarios" finished-at="2023-01-01T19:36:12 WIB" duration-ms="3415" status="PASS">
          <params>
            <param index="0">
              <value>
                <![CDATA["TCC.TMS.002 admin search user sakit"]]>
              </value>
            </param>
            <param index="1">
              <value>
                <![CDATA["Absen Admin Sakit"]]>
              </value>
            </param>
          </params>
          <reporter-output>
          </reporter-output>
        </test-method> <!-- runScenario -->
        <test-method signature="runScenario(io.cucumber.testng.PickleWrapper,io.cucumber.testng.FeatureWrapper)[pri:0, instance:com.juaracoding.cucumber.step_definitions.RunnerTest@56cdfb3b]" started-at="2023-01-01T19:36:12 WIB" name="runScenario" description="Runs Cucumber Scenarios" data-provider="scenarios" finished-at="2023-01-01T19:36:14 WIB" duration-ms="2509" status="PASS">
          <params>
            <param index="0">
              <value>
                <![CDATA["TCC.TMS.003 user valid absen sakit branch spesifik"]]>
              </value>
            </param>
            <param index="1">
              <value>
                <![CDATA["Absen Admin Sakit"]]>
              </value>
            </param>
          </params>
          <reporter-output>
          </reporter-output>
        </test-method> <!-- runScenario -->
        <test-method signature="runScenario(io.cucumber.testng.PickleWrapper,io.cucumber.testng.FeatureWrapper)[pri:0, instance:com.juaracoding.cucumber.step_definitions.RunnerTest@56cdfb3b]" started-at="2023-01-01T19:36:14 WIB" name="runScenario" description="Runs Cucumber Scenarios" data-provider="scenarios" finished-at="2023-01-01T19:36:19 WIB" duration-ms="4618" status="PASS">
          <params>
            <param index="0">
              <value>
                <![CDATA["TCC.TMS.001 Admin menambahkan divisi baru"]]>
              </value>
            </param>
            <param index="1">
              <value>
                <![CDATA["Tambah Divisi"]]>
              </value>
            </param>
          </params>
          <reporter-output>
          </reporter-output>
        </test-method> <!-- runScenario -->
        <test-method signature="runScenario(io.cucumber.testng.PickleWrapper,io.cucumber.testng.FeatureWrapper)[pri:0, instance:com.juaracoding.cucumber.step_definitions.RunnerTest@56cdfb3b]" started-at="2023-01-01T19:36:19 WIB" name="runScenario" description="Runs Cucumber Scenarios" data-provider="scenarios" finished-at="2023-01-01T19:36:21 WIB" duration-ms="2739" status="PASS">
          <params>
            <param index="0">
              <value>
                <![CDATA["TCC.TMS.002 Admin tidak input nama divisi baru"]]>
              </value>
            </param>
            <param index="1">
              <value>
                <![CDATA["Tambah Divisi"]]>
              </value>
            </param>
          </params>
          <reporter-output>
          </reporter-output>
        </test-method> <!-- runScenario -->
        <test-method signature="runScenario(io.cucumber.testng.PickleWrapper,io.cucumber.testng.FeatureWrapper)[pri:0, instance:com.juaracoding.cucumber.step_definitions.RunnerTest@56cdfb3b]" started-at="2023-01-01T19:36:21 WIB" name="runScenario" description="Runs Cucumber Scenarios" data-provider="scenarios" finished-at="2023-01-01T19:36:23 WIB" duration-ms="1916" status="PASS">
          <params>
            <param index="0">
              <value>
                <![CDATA["TCC.TMS.003 Show Entries 10"]]>
              </value>
            </param>
            <param index="1">
              <value>
                <![CDATA["Tambah Divisi"]]>
              </value>
            </param>
          </params>
          <reporter-output>
          </reporter-output>
        </test-method> <!-- runScenario -->
        <test-method signature="runScenario(io.cucumber.testng.PickleWrapper,io.cucumber.testng.FeatureWrapper)[pri:0, instance:com.juaracoding.cucumber.step_definitions.RunnerTest@56cdfb3b]" started-at="2023-01-01T19:36:23 WIB" name="runScenario" description="Runs Cucumber Scenarios" data-provider="scenarios" finished-at="2023-01-01T19:36:25 WIB" duration-ms="1808" status="PASS">
          <params>
            <param index="0">
              <value>
                <![CDATA["TCC.TMS.004 Show Entries 25"]]>
              </value>
            </param>
            <param index="1">
              <value>
                <![CDATA["Tambah Divisi"]]>
              </value>
            </param>
          </params>
          <reporter-output>
          </reporter-output>
        </test-method> <!-- runScenario -->
        <test-method signature="runScenario(io.cucumber.testng.PickleWrapper,io.cucumber.testng.FeatureWrapper)[pri:0, instance:com.juaracoding.cucumber.step_definitions.RunnerTest@56cdfb3b]" started-at="2023-01-01T19:36:25 WIB" name="runScenario" description="Runs Cucumber Scenarios" data-provider="scenarios" finished-at="2023-01-01T19:36:27 WIB" duration-ms="1868" status="PASS">
          <params>
            <param index="0">
              <value>
                <![CDATA["TCC.TMS.005 Show Entries 50"]]>
              </value>
            </param>
            <param index="1">
              <value>
                <![CDATA["Tambah Divisi"]]>
              </value>
            </param>
          </params>
          <reporter-output>
          </reporter-output>
        </test-method> <!-- runScenario -->
        <test-method signature="runScenario(io.cucumber.testng.PickleWrapper,io.cucumber.testng.FeatureWrapper)[pri:0, instance:com.juaracoding.cucumber.step_definitions.RunnerTest@56cdfb3b]" started-at="2023-01-01T19:36:27 WIB" name="runScenario" description="Runs Cucumber Scenarios" data-provider="scenarios" finished-at="2023-01-01T19:36:29 WIB" duration-ms="1914" status="PASS">
          <params>
            <param index="0">
              <value>
                <![CDATA["TCC.TMS.006 Show Entries 100"]]>
              </value>
            </param>
            <param index="1">
              <value>
                <![CDATA["Tambah Divisi"]]>
              </value>
            </param>
          </params>
          <reporter-output>
          </reporter-output>
        </test-method> <!-- runScenario -->
        <test-method signature="runScenario(io.cucumber.testng.PickleWrapper,io.cucumber.testng.FeatureWrapper)[pri:0, instance:com.juaracoding.cucumber.step_definitions.RunnerTest@56cdfb3b]" started-at="2023-01-01T19:36:29 WIB" name="runScenario" description="Runs Cucumber Scenarios" data-provider="scenarios" finished-at="2023-01-01T19:36:31 WIB" duration-ms="1918" status="PASS">
          <params>
            <param index="0">
              <value>
                <![CDATA["TCC.TMS.007 Next Page"]]>
              </value>
            </param>
            <param index="1">
              <value>
                <![CDATA["Tambah Divisi"]]>
              </value>
            </param>
          </params>
          <reporter-output>
          </reporter-output>
        </test-method> <!-- runScenario -->
        <test-method signature="runScenario(io.cucumber.testng.PickleWrapper,io.cucumber.testng.FeatureWrapper)[pri:0, instance:com.juaracoding.cucumber.step_definitions.RunnerTest@56cdfb3b]" started-at="2023-01-01T19:36:31 WIB" name="runScenario" description="Runs Cucumber Scenarios" data-provider="scenarios" finished-at="2023-01-01T19:36:33 WIB" duration-ms="2081" status="PASS">
          <params>
            <param index="0">
              <value>
                <![CDATA["TCC.TMS.008 Nomor Page"]]>
              </value>
            </param>
            <param index="1">
              <value>
                <![CDATA["Tambah Divisi"]]>
              </value>
            </param>
          </params>
          <reporter-output>
          </reporter-output>
        </test-method> <!-- runScenario -->
        <test-method signature="runScenario(io.cucumber.testng.PickleWrapper,io.cucumber.testng.FeatureWrapper)[pri:0, instance:com.juaracoding.cucumber.step_definitions.RunnerTest@56cdfb3b]" started-at="2023-01-01T19:36:33 WIB" name="runScenario" description="Runs Cucumber Scenarios" data-provider="scenarios" finished-at="2023-01-01T19:36:35 WIB" duration-ms="2239" status="PASS">
          <params>
            <param index="0">
              <value>
                <![CDATA["TCC.TMS.009 Previous Page"]]>
              </value>
            </param>
            <param index="1">
              <value>
                <![CDATA["Tambah Divisi"]]>
              </value>
            </param>
          </params>
          <reporter-output>
          </reporter-output>
        </test-method> <!-- runScenario -->
        <test-method signature="runScenario(io.cucumber.testng.PickleWrapper,io.cucumber.testng.FeatureWrapper)[pri:0, instance:com.juaracoding.cucumber.step_definitions.RunnerTest@56cdfb3b]" started-at="2023-01-01T19:36:35 WIB" name="runScenario" description="Runs Cucumber Scenarios" data-provider="scenarios" finished-at="2023-01-01T19:36:41 WIB" duration-ms="5905" status="PASS">
          <params>
            <param index="0">
              <value>
                <![CDATA["TCC.TMS.010 Search Nama Divisi Ada"]]>
              </value>
            </param>
            <param index="1">
              <value>
                <![CDATA["Tambah Divisi"]]>
              </value>
            </param>
          </params>
          <reporter-output>
          </reporter-output>
        </test-method> <!-- runScenario -->
        <test-method signature="runScenario(io.cucumber.testng.PickleWrapper,io.cucumber.testng.FeatureWrapper)[pri:0, instance:com.juaracoding.cucumber.step_definitions.RunnerTest@56cdfb3b]" started-at="2023-01-01T19:36:41 WIB" name="runScenario" description="Runs Cucumber Scenarios" data-provider="scenarios" finished-at="2023-01-01T19:36:48 WIB" duration-ms="6390" status="PASS">
          <params>
            <param index="0">
              <value>
                <![CDATA["TCC.TMS.011 Search Nama Divisi Tidak Ada"]]>
              </value>
            </param>
            <param index="1">
              <value>
                <![CDATA["Tambah Divisi"]]>
              </value>
            </param>
          </params>
          <reporter-output>
          </reporter-output>
        </test-method> <!-- runScenario -->
        <test-method signature="runScenario(io.cucumber.testng.PickleWrapper,io.cucumber.testng.FeatureWrapper)[pri:0, instance:com.juaracoding.cucumber.step_definitions.RunnerTest@56cdfb3b]" started-at="2023-01-01T19:36:48 WIB" name="runScenario" description="Runs Cucumber Scenarios" data-provider="scenarios" finished-at="2023-01-01T19:36:53 WIB" duration-ms="5502" status="PASS">
          <params>
            <param index="0">
              <value>
                <![CDATA["TCC.TMS.012 Edit Division Name"]]>
              </value>
            </param>
            <param index="1">
              <value>
                <![CDATA["Tambah Divisi"]]>
              </value>
            </param>
          </params>
          <reporter-output>
          </reporter-output>
        </test-method> <!-- runScenario -->
        <test-method signature="runScenario(io.cucumber.testng.PickleWrapper,io.cucumber.testng.FeatureWrapper)[pri:0, instance:com.juaracoding.cucumber.step_definitions.RunnerTest@56cdfb3b]" started-at="2023-01-01T19:36:53 WIB" name="runScenario" description="Runs Cucumber Scenarios" data-provider="scenarios" finished-at="2023-01-01T19:37:02 WIB" duration-ms="8939" status="PASS">
          <params>
            <param index="0">
              <value>
                <![CDATA["TCC.TMS.013 admin menambahkan managemen divisi baru"]]>
              </value>
            </param>
            <param index="1">
              <value>
                <![CDATA["Managemen Divisi"]]>
              </value>
            </param>
          </params>
          <reporter-output>
          </reporter-output>
        </test-method> <!-- runScenario -->
        <test-method signature="runScenario(io.cucumber.testng.PickleWrapper,io.cucumber.testng.FeatureWrapper)[pri:0, instance:com.juaracoding.cucumber.step_definitions.RunnerTest@56cdfb3b]" started-at="2023-01-01T19:37:02 WIB" name="runScenario" description="Runs Cucumber Scenarios" data-provider="scenarios" finished-at="2023-01-01T19:37:12 WIB" duration-ms="10088" status="PASS">
          <params>
            <param index="0">
              <value>
                <![CDATA["TCC.TMS.014 admin menambahkan managemen divisi baru dup"]]>
              </value>
            </param>
            <param index="1">
              <value>
                <![CDATA["Managemen Divisi"]]>
              </value>
            </param>
          </params>
          <reporter-output>
          </reporter-output>
        </test-method> <!-- runScenario -->
        <test-method signature="runScenario(io.cucumber.testng.PickleWrapper,io.cucumber.testng.FeatureWrapper)[pri:0, instance:com.juaracoding.cucumber.step_definitions.RunnerTest@56cdfb3b]" started-at="2023-01-01T19:37:12 WIB" name="runScenario" description="Runs Cucumber Scenarios" data-provider="scenarios" finished-at="2023-01-01T19:37:19 WIB" duration-ms="6842" status="PASS">
          <params>
            <param index="0">
              <value>
                <![CDATA["TCC.TMS.015 admin menambahkan managemen divisi baru tanpa memilih nama divisi"]]>
              </value>
            </param>
            <param index="1">
              <value>
                <![CDATA["Managemen Divisi"]]>
              </value>
            </param>
          </params>
          <reporter-output>
          </reporter-output>
        </test-method> <!-- runScenario -->
        <test-method signature="runScenario(io.cucumber.testng.PickleWrapper,io.cucumber.testng.FeatureWrapper)[pri:0, instance:com.juaracoding.cucumber.step_definitions.RunnerTest@56cdfb3b]" started-at="2023-01-01T19:37:19 WIB" name="runScenario" description="Runs Cucumber Scenarios" data-provider="scenarios" finished-at="2023-01-01T19:37:26 WIB" duration-ms="7078" status="PASS">
          <params>
            <param index="0">
              <value>
                <![CDATA["TCC.TMS.016 admin menambahkan managemen divisi baru tanpa mengisi nik team leader"]]>
              </value>
            </param>
            <param index="1">
              <value>
                <![CDATA["Managemen Divisi"]]>
              </value>
            </param>
          </params>
          <reporter-output>
          </reporter-output>
        </test-method> <!-- runScenario -->
        <test-method signature="runScenario(io.cucumber.testng.PickleWrapper,io.cucumber.testng.FeatureWrapper)[pri:0, instance:com.juaracoding.cucumber.step_definitions.RunnerTest@56cdfb3b]" started-at="2023-01-01T19:37:26 WIB" name="runScenario" description="Runs Cucumber Scenarios" data-provider="scenarios" finished-at="2023-01-01T19:37:34 WIB" duration-ms="8468" status="PASS">
          <params>
            <param index="0">
              <value>
                <![CDATA["TCC.TMS.017 admin menambahkan managemen divisi baru tanpa mengisi nama supervisor"]]>
              </value>
            </param>
            <param index="1">
              <value>
                <![CDATA["Managemen Divisi"]]>
              </value>
            </param>
          </params>
          <reporter-output>
          </reporter-output>
        </test-method> <!-- runScenario -->
        <test-method signature="runScenario(io.cucumber.testng.PickleWrapper,io.cucumber.testng.FeatureWrapper)[pri:0, instance:com.juaracoding.cucumber.step_definitions.RunnerTest@56cdfb3b]" started-at="2023-01-01T19:37:34 WIB" name="runScenario" description="Runs Cucumber Scenarios" data-provider="scenarios" finished-at="2023-01-01T19:37:37 WIB" duration-ms="2487" status="PASS">
          <params>
            <param index="0">
              <value>
                <![CDATA["TCC.TMS.018 Show Entries 10 md"]]>
              </value>
            </param>
            <param index="1">
              <value>
                <![CDATA["Managemen Divisi"]]>
              </value>
            </param>
          </params>
          <reporter-output>
          </reporter-output>
        </test-method> <!-- runScenario -->
        <test-method signature="runScenario(io.cucumber.testng.PickleWrapper,io.cucumber.testng.FeatureWrapper)[pri:0, instance:com.juaracoding.cucumber.step_definitions.RunnerTest@56cdfb3b]" started-at="2023-01-01T19:37:37 WIB" name="runScenario" description="Runs Cucumber Scenarios" data-provider="scenarios" finished-at="2023-01-01T19:37:39 WIB" duration-ms="2360" status="PASS">
          <params>
            <param index="0">
              <value>
                <![CDATA["TCC.TMS.019 Show Entries 25 md"]]>
              </value>
            </param>
            <param index="1">
              <value>
                <![CDATA["Managemen Divisi"]]>
              </value>
            </param>
          </params>
          <reporter-output>
          </reporter-output>
        </test-method> <!-- runScenario -->
        <test-method signature="runScenario(io.cucumber.testng.PickleWrapper,io.cucumber.testng.FeatureWrapper)[pri:0, instance:com.juaracoding.cucumber.step_definitions.RunnerTest@56cdfb3b]" started-at="2023-01-01T19:37:39 WIB" name="runScenario" description="Runs Cucumber Scenarios" data-provider="scenarios" finished-at="2023-01-01T19:37:42 WIB" duration-ms="2443" status="PASS">
          <params>
            <param index="0">
              <value>
                <![CDATA["TCC.TMS.020 Show Entries 50 md"]]>
              </value>
            </param>
            <param index="1">
              <value>
                <![CDATA["Managemen Divisi"]]>
              </value>
            </param>
          </params>
          <reporter-output>
          </reporter-output>
        </test-method> <!-- runScenario -->
        <test-method signature="runScenario(io.cucumber.testng.PickleWrapper,io.cucumber.testng.FeatureWrapper)[pri:0, instance:com.juaracoding.cucumber.step_definitions.RunnerTest@56cdfb3b]" started-at="2023-01-01T19:37:42 WIB" name="runScenario" description="Runs Cucumber Scenarios" data-provider="scenarios" finished-at="2023-01-01T19:37:44 WIB" duration-ms="2159" status="PASS">
          <params>
            <param index="0">
              <value>
                <![CDATA["TCC.TMS.021 Show Entries 100 md"]]>
              </value>
            </param>
            <param index="1">
              <value>
                <![CDATA["Managemen Divisi"]]>
              </value>
            </param>
          </params>
          <reporter-output>
          </reporter-output>
        </test-method> <!-- runScenario -->
        <test-method signature="runScenario(io.cucumber.testng.PickleWrapper,io.cucumber.testng.FeatureWrapper)[pri:0, instance:com.juaracoding.cucumber.step_definitions.RunnerTest@56cdfb3b]" started-at="2023-01-01T19:37:44 WIB" name="runScenario" description="Runs Cucumber Scenarios" data-provider="scenarios" finished-at="2023-01-01T19:37:46 WIB" duration-ms="2270" status="PASS">
          <params>
            <param index="0">
              <value>
                <![CDATA["TCC.TMS.022 Next Page md"]]>
              </value>
            </param>
            <param index="1">
              <value>
                <![CDATA["Managemen Divisi"]]>
              </value>
            </param>
          </params>
          <reporter-output>
          </reporter-output>
        </test-method> <!-- runScenario -->
        <test-method signature="runScenario(io.cucumber.testng.PickleWrapper,io.cucumber.testng.FeatureWrapper)[pri:0, instance:com.juaracoding.cucumber.step_definitions.RunnerTest@56cdfb3b]" started-at="2023-01-01T19:37:46 WIB" name="runScenario" description="Runs Cucumber Scenarios" data-provider="scenarios" finished-at="2023-01-01T19:37:48 WIB" duration-ms="2136" status="PASS">
          <params>
            <param index="0">
              <value>
                <![CDATA["TCC.TMS.023 Nomor Page md"]]>
              </value>
            </param>
            <param index="1">
              <value>
                <![CDATA["Managemen Divisi"]]>
              </value>
            </param>
          </params>
          <reporter-output>
          </reporter-output>
        </test-method> <!-- runScenario -->
        <test-method signature="runScenario(io.cucumber.testng.PickleWrapper,io.cucumber.testng.FeatureWrapper)[pri:0, instance:com.juaracoding.cucumber.step_definitions.RunnerTest@56cdfb3b]" started-at="2023-01-01T19:37:48 WIB" name="runScenario" description="Runs Cucumber Scenarios" data-provider="scenarios" finished-at="2023-01-01T19:37:51 WIB" duration-ms="2367" status="PASS">
          <params>
            <param index="0">
              <value>
                <![CDATA["TCC.TMS.024 Previous Page md"]]>
              </value>
            </param>
            <param index="1">
              <value>
                <![CDATA["Managemen Divisi"]]>
              </value>
            </param>
          </params>
          <reporter-output>
          </reporter-output>
        </test-method> <!-- runScenario -->
        <test-method signature="runScenario(io.cucumber.testng.PickleWrapper,io.cucumber.testng.FeatureWrapper)[pri:0, instance:com.juaracoding.cucumber.step_definitions.RunnerTest@56cdfb3b]" started-at="2023-01-01T19:37:51 WIB" name="runScenario" description="Runs Cucumber Scenarios" data-provider="scenarios" finished-at="2023-01-01T19:37:57 WIB" duration-ms="6164" status="PASS">
          <params>
            <param index="0">
              <value>
                <![CDATA["TCC.TMS.025 Search Nama Divisi Ada md"]]>
              </value>
            </param>
            <param index="1">
              <value>
                <![CDATA["Managemen Divisi"]]>
              </value>
            </param>
          </params>
          <reporter-output>
          </reporter-output>
        </test-method> <!-- runScenario -->
        <test-method signature="runScenario(io.cucumber.testng.PickleWrapper,io.cucumber.testng.FeatureWrapper)[pri:0, instance:com.juaracoding.cucumber.step_definitions.RunnerTest@56cdfb3b]" started-at="2023-01-01T19:37:57 WIB" name="runScenario" description="Runs Cucumber Scenarios" data-provider="scenarios" finished-at="2023-01-01T19:38:03 WIB" duration-ms="5886" status="PASS">
          <params>
            <param index="0">
              <value>
                <![CDATA["TCC.TMS.026 Search Nama Divisi Tidak Ada md"]]>
              </value>
            </param>
            <param index="1">
              <value>
                <![CDATA["Managemen Divisi"]]>
              </value>
            </param>
          </params>
          <reporter-output>
          </reporter-output>
        </test-method> <!-- runScenario -->
        <test-method signature="runScenario(io.cucumber.testng.PickleWrapper,io.cucumber.testng.FeatureWrapper)[pri:0, instance:com.juaracoding.cucumber.step_definitions.RunnerTest@56cdfb3b]" started-at="2023-01-01T19:38:03 WIB" name="runScenario" description="Runs Cucumber Scenarios" data-provider="scenarios" finished-at="2023-01-01T19:38:08 WIB" duration-ms="5418" status="PASS">
          <params>
            <param index="0">
              <value>
                <![CDATA["TCC.TMS.027 Edit Division Name md"]]>
              </value>
            </param>
            <param index="1">
              <value>
                <![CDATA["Managemen Divisi"]]>
              </value>
            </param>
          </params>
          <reporter-output>
          </reporter-output>
        </test-method> <!-- runScenario -->
        <test-method signature="runScenario(io.cucumber.testng.PickleWrapper,io.cucumber.testng.FeatureWrapper)[pri:0, instance:com.juaracoding.cucumber.step_definitions.RunnerTest@56cdfb3b]" started-at="2023-01-01T19:38:08 WIB" name="runScenario" description="Runs Cucumber Scenarios" data-provider="scenarios" finished-at="2023-01-01T19:38:12 WIB" duration-ms="3851" status="PASS">
          <params>
            <param index="0">
              <value>
                <![CDATA["TCC.TMS.028 Delete Division Name md"]]>
              </value>
            </param>
            <param index="1">
              <value>
                <![CDATA["Managemen Divisi"]]>
              </value>
            </param>
          </params>
          <reporter-output>
          </reporter-output>
        </test-method> <!-- runScenario -->
        <test-method signature="runScenario(io.cucumber.testng.PickleWrapper,io.cucumber.testng.FeatureWrapper)[pri:0, instance:com.juaracoding.cucumber.step_definitions.RunnerTest@56cdfb3b]" started-at="2023-01-01T19:38:12 WIB" name="runScenario" description="Runs Cucumber Scenarios" data-provider="scenarios" finished-at="2023-01-01T19:38:15 WIB" duration-ms="3202" status="PASS">
          <params>
            <param index="0">
              <value>
                <![CDATA["Add data parameter shifting invalid"]]>
              </value>
            </param>
            <param index="1">
              <value>
                <![CDATA["Parameter Shifting"]]>
              </value>
            </param>
          </params>
          <reporter-output>
          </reporter-output>
        </test-method> <!-- runScenario -->
        <test-method signature="runScenario(io.cucumber.testng.PickleWrapper,io.cucumber.testng.FeatureWrapper)[pri:0, instance:com.juaracoding.cucumber.step_definitions.RunnerTest@56cdfb3b]" started-at="2023-01-01T19:38:15 WIB" name="runScenario" description="Runs Cucumber Scenarios" data-provider="scenarios" finished-at="2023-01-01T19:38:20 WIB" duration-ms="5107" status="PASS">
          <params>
            <param index="0">
              <value>
                <![CDATA["Add data parameter shifting valid"]]>
              </value>
            </param>
            <param index="1">
              <value>
                <![CDATA["Parameter Shifting"]]>
              </value>
            </param>
          </params>
          <reporter-output>
          </reporter-output>
        </test-method> <!-- runScenario -->
        <test-method signature="runScenario(io.cucumber.testng.PickleWrapper,io.cucumber.testng.FeatureWrapper)[pri:0, instance:com.juaracoding.cucumber.step_definitions.RunnerTest@56cdfb3b]" started-at="2023-01-01T19:38:20 WIB" name="runScenario" description="Runs Cucumber Scenarios" data-provider="scenarios" finished-at="2023-01-01T19:38:25 WIB" duration-ms="4439" status="PASS">
          <params>
            <param index="0">
              <value>
                <![CDATA["Cancel Add data parameter shifting"]]>
              </value>
            </param>
            <param index="1">
              <value>
                <![CDATA["Parameter Shifting"]]>
              </value>
            </param>
          </params>
          <reporter-output>
          </reporter-output>
        </test-method> <!-- runScenario -->
        <test-method signature="runScenario(io.cucumber.testng.PickleWrapper,io.cucumber.testng.FeatureWrapper)[pri:0, instance:com.juaracoding.cucumber.step_definitions.RunnerTest@56cdfb3b]" started-at="2023-01-01T19:38:25 WIB" name="runScenario" description="Runs Cucumber Scenarios" data-provider="scenarios" finished-at="2023-01-01T19:38:30 WIB" duration-ms="5290" status="FAIL">
          <params>
            <param index="0">
              <value>
                <![CDATA["Edit data parameter shifting invalid"]]>
              </value>
            </param>
            <param index="1">
              <value>
                <![CDATA["Parameter Shifting"]]>
              </value>
            </param>
          </params>
          <exception class="java.lang.AssertionError">
            <message>
              <![CDATA[expected [Form Add] but found [Tambah]]]>
            </message>
            <full-stacktrace>
              <![CDATA[java.lang.AssertionError: expected [Form Add] but found [Tambah]
at org.testng.Assert.fail(Assert.java:99)
at org.testng.Assert.failNotEquals(Assert.java:1037)
at org.testng.Assert.assertEqualsImpl(Assert.java:140)
at org.testng.Assert.assertEquals(Assert.java:122)
at org.testng.Assert.assertEquals(Assert.java:629)
at org.testng.Assert.assertEquals(Assert.java:639)
at com.juaracoding.cucumber.step_definitions.TestParameterShifting.user_get_field_edit_null_alert_shifting(TestParameterShifting.java:91)
at ✽.User get field edit null alert shifting(file:///C:/Users/fauza/git/Kelompok-3-TMS/src/main/resources/features/07.ParameterShifting.feature:27)
]]>
            </full-stacktrace>
          </exception> <!-- java.lang.AssertionError -->
          <reporter-output>
          </reporter-output>
        </test-method> <!-- runScenario -->
        <test-method signature="runScenario(io.cucumber.testng.PickleWrapper,io.cucumber.testng.FeatureWrapper)[pri:0, instance:com.juaracoding.cucumber.step_definitions.RunnerTest@56cdfb3b]" started-at="2023-01-01T19:38:30 WIB" name="runScenario" description="Runs Cucumber Scenarios" data-provider="scenarios" finished-at="2023-01-01T19:38:36 WIB" duration-ms="5860" status="PASS">
          <params>
            <param index="0">
              <value>
                <![CDATA["Edit data parameter shifting valid"]]>
              </value>
            </param>
            <param index="1">
              <value>
                <![CDATA["Parameter Shifting"]]>
              </value>
            </param>
          </params>
          <reporter-output>
          </reporter-output>
        </test-method> <!-- runScenario -->
        <test-method signature="runScenario(io.cucumber.testng.PickleWrapper,io.cucumber.testng.FeatureWrapper)[pri:0, instance:com.juaracoding.cucumber.step_definitions.RunnerTest@56cdfb3b]" started-at="2023-01-01T19:38:36 WIB" name="runScenario" description="Runs Cucumber Scenarios" data-provider="scenarios" finished-at="2023-01-01T19:38:41 WIB" duration-ms="4961" status="PASS">
          <params>
            <param index="0">
              <value>
                <![CDATA["Delete data parameter shifting"]]>
              </value>
            </param>
            <param index="1">
              <value>
                <![CDATA["Parameter Shifting"]]>
              </value>
            </param>
          </params>
          <reporter-output>
          </reporter-output>
        </test-method> <!-- runScenario -->
        <test-method signature="runScenario(io.cucumber.testng.PickleWrapper,io.cucumber.testng.FeatureWrapper)[pri:0, instance:com.juaracoding.cucumber.step_definitions.RunnerTest@56cdfb3b]" started-at="2023-01-01T19:38:41 WIB" name="runScenario" description="Runs Cucumber Scenarios" data-provider="scenarios" finished-at="2023-01-01T19:38:43 WIB" duration-ms="1808" status="PASS">
          <params>
            <param index="0">
              <value>
                <![CDATA["Cancel delete data parameter shifting"]]>
              </value>
            </param>
            <param index="1">
              <value>
                <![CDATA["Parameter Shifting"]]>
              </value>
            </param>
          </params>
          <reporter-output>
          </reporter-output>
        </test-method> <!-- runScenario -->
        <test-method signature="runScenario(io.cucumber.testng.PickleWrapper,io.cucumber.testng.FeatureWrapper)[pri:0, instance:com.juaracoding.cucumber.step_definitions.RunnerTest@56cdfb3b]" started-at="2023-01-01T19:38:43 WIB" name="runScenario" description="Runs Cucumber Scenarios" data-provider="scenarios" finished-at="2023-01-01T19:38:45 WIB" duration-ms="1867" status="PASS">
          <params>
            <param index="0">
              <value>
                <![CDATA["Show 10 data parameter shifting"]]>
              </value>
            </param>
            <param index="1">
              <value>
                <![CDATA["Parameter Shifting"]]>
              </value>
            </param>
          </params>
          <reporter-output>
          </reporter-output>
        </test-method> <!-- runScenario -->
        <test-method signature="runScenario(io.cucumber.testng.PickleWrapper,io.cucumber.testng.FeatureWrapper)[pri:0, instance:com.juaracoding.cucumber.step_definitions.RunnerTest@56cdfb3b]" started-at="2023-01-01T19:38:45 WIB" name="runScenario" description="Runs Cucumber Scenarios" data-provider="scenarios" finished-at="2023-01-01T19:38:46 WIB" duration-ms="1820" status="PASS">
          <params>
            <param index="0">
              <value>
                <![CDATA["Show 25 data parameter shifting"]]>
              </value>
            </param>
            <param index="1">
              <value>
                <![CDATA["Parameter Shifting"]]>
              </value>
            </param>
          </params>
          <reporter-output>
          </reporter-output>
        </test-method> <!-- runScenario -->
        <test-method signature="runScenario(io.cucumber.testng.PickleWrapper,io.cucumber.testng.FeatureWrapper)[pri:0, instance:com.juaracoding.cucumber.step_definitions.RunnerTest@56cdfb3b]" started-at="2023-01-01T19:38:46 WIB" name="runScenario" description="Runs Cucumber Scenarios" data-provider="scenarios" finished-at="2023-01-01T19:38:48 WIB" duration-ms="1791" status="PASS">
          <params>
            <param index="0">
              <value>
                <![CDATA["Show 50 data parameter shifting"]]>
              </value>
            </param>
            <param index="1">
              <value>
                <![CDATA["Parameter Shifting"]]>
              </value>
            </param>
          </params>
          <reporter-output>
          </reporter-output>
        </test-method> <!-- runScenario -->
        <test-method signature="runScenario(io.cucumber.testng.PickleWrapper,io.cucumber.testng.FeatureWrapper)[pri:0, instance:com.juaracoding.cucumber.step_definitions.RunnerTest@56cdfb3b]" started-at="2023-01-01T19:38:48 WIB" name="runScenario" description="Runs Cucumber Scenarios" data-provider="scenarios" finished-at="2023-01-01T19:38:50 WIB" duration-ms="1938" status="PASS">
          <params>
            <param index="0">
              <value>
                <![CDATA["Show 100 data parameter shifting"]]>
              </value>
            </param>
            <param index="1">
              <value>
                <![CDATA["Parameter Shifting"]]>
              </value>
            </param>
          </params>
          <reporter-output>
          </reporter-output>
        </test-method> <!-- runScenario -->
        <test-method signature="runScenario(io.cucumber.testng.PickleWrapper,io.cucumber.testng.FeatureWrapper)[pri:0, instance:com.juaracoding.cucumber.step_definitions.RunnerTest@56cdfb3b]" started-at="2023-01-01T19:38:50 WIB" name="runScenario" description="Runs Cucumber Scenarios" data-provider="scenarios" finished-at="2023-01-01T19:38:52 WIB" duration-ms="1809" status="PASS">
          <params>
            <param index="0">
              <value>
                <![CDATA["Search data parameter shifting"]]>
              </value>
            </param>
            <param index="1">
              <value>
                <![CDATA["Parameter Shifting"]]>
              </value>
            </param>
          </params>
          <reporter-output>
          </reporter-output>
        </test-method> <!-- runScenario -->
        <test-method signature="runScenario(io.cucumber.testng.PickleWrapper,io.cucumber.testng.FeatureWrapper)[pri:0, instance:com.juaracoding.cucumber.step_definitions.RunnerTest@56cdfb3b]" started-at="2023-01-01T19:38:52 WIB" name="runScenario" description="Runs Cucumber Scenarios" data-provider="scenarios" finished-at="2023-01-01T19:38:54 WIB" duration-ms="2452" status="PASS">
          <params>
            <param index="0">
              <value>
                <![CDATA["Add data kerja penempatan invalid"]]>
              </value>
            </param>
            <param index="1">
              <value>
                <![CDATA["Kerja Penempatan"]]>
              </value>
            </param>
          </params>
          <reporter-output>
          </reporter-output>
        </test-method> <!-- runScenario -->
        <test-method signature="runScenario(io.cucumber.testng.PickleWrapper,io.cucumber.testng.FeatureWrapper)[pri:0, instance:com.juaracoding.cucumber.step_definitions.RunnerTest@56cdfb3b]" started-at="2023-01-01T19:38:54 WIB" name="runScenario" description="Runs Cucumber Scenarios" data-provider="scenarios" finished-at="2023-01-01T19:38:58 WIB" duration-ms="3228" status="PASS">
          <params>
            <param index="0">
              <value>
                <![CDATA["Add data kerja penempatan valid"]]>
              </value>
            </param>
            <param index="1">
              <value>
                <![CDATA["Kerja Penempatan"]]>
              </value>
            </param>
          </params>
          <reporter-output>
          </reporter-output>
        </test-method> <!-- runScenario -->
        <test-method signature="runScenario(io.cucumber.testng.PickleWrapper,io.cucumber.testng.FeatureWrapper)[pri:0, instance:com.juaracoding.cucumber.step_definitions.RunnerTest@56cdfb3b]" started-at="2023-01-01T19:38:58 WIB" name="runScenario" description="Runs Cucumber Scenarios" data-provider="scenarios" finished-at="2023-01-01T19:39:06 WIB" duration-ms="7998" status="PASS">
          <params>
            <param index="0">
              <value>
                <![CDATA["Edit data kerja penempatan invalid"]]>
              </value>
            </param>
            <param index="1">
              <value>
                <![CDATA["Kerja Penempatan"]]>
              </value>
            </param>
          </params>
          <reporter-output>
          </reporter-output>
        </test-method> <!-- runScenario -->
        <test-method signature="runScenario(io.cucumber.testng.PickleWrapper,io.cucumber.testng.FeatureWrapper)[pri:0, instance:com.juaracoding.cucumber.step_definitions.RunnerTest@56cdfb3b]" started-at="2023-01-01T19:39:06 WIB" name="runScenario" description="Runs Cucumber Scenarios" data-provider="scenarios" finished-at="2023-01-01T19:39:11 WIB" duration-ms="5643" status="PASS">
          <params>
            <param index="0">
              <value>
                <![CDATA["Edit data kerja penempatan valid"]]>
              </value>
            </param>
            <param index="1">
              <value>
                <![CDATA["Kerja Penempatan"]]>
              </value>
            </param>
          </params>
          <reporter-output>
          </reporter-output>
        </test-method> <!-- runScenario -->
        <test-method signature="runScenario(io.cucumber.testng.PickleWrapper,io.cucumber.testng.FeatureWrapper)[pri:0, instance:com.juaracoding.cucumber.step_definitions.RunnerTest@56cdfb3b]" started-at="2023-01-01T19:39:11 WIB" name="runScenario" description="Runs Cucumber Scenarios" data-provider="scenarios" finished-at="2023-01-01T19:39:25 WIB" duration-ms="13916" status="PASS">
          <params>
            <param index="0">
              <value>
                <![CDATA["Cancel edit data kerja penempatan"]]>
              </value>
            </param>
            <param index="1">
              <value>
                <![CDATA["Kerja Penempatan"]]>
              </value>
            </param>
          </params>
          <reporter-output>
          </reporter-output>
        </test-method> <!-- runScenario -->
        <test-method signature="runScenario(io.cucumber.testng.PickleWrapper,io.cucumber.testng.FeatureWrapper)[pri:0, instance:com.juaracoding.cucumber.step_definitions.RunnerTest@56cdfb3b]" started-at="2023-01-01T19:39:25 WIB" name="runScenario" description="Runs Cucumber Scenarios" data-provider="scenarios" finished-at="2023-01-01T19:39:29 WIB" duration-ms="3463" status="PASS">
          <params>
            <param index="0">
              <value>
                <![CDATA["Show 10 data kerja penempatan"]]>
              </value>
            </param>
            <param index="1">
              <value>
                <![CDATA["Kerja Penempatan"]]>
              </value>
            </param>
          </params>
          <reporter-output>
          </reporter-output>
        </test-method> <!-- runScenario -->
        <test-method signature="runScenario(io.cucumber.testng.PickleWrapper,io.cucumber.testng.FeatureWrapper)[pri:0, instance:com.juaracoding.cucumber.step_definitions.RunnerTest@56cdfb3b]" started-at="2023-01-01T19:39:29 WIB" name="runScenario" description="Runs Cucumber Scenarios" data-provider="scenarios" finished-at="2023-01-01T19:39:32 WIB" duration-ms="3557" status="PASS">
          <params>
            <param index="0">
              <value>
                <![CDATA["Show 25 data kerja penempatan"]]>
              </value>
            </param>
            <param index="1">
              <value>
                <![CDATA["Kerja Penempatan"]]>
              </value>
            </param>
          </params>
          <reporter-output>
          </reporter-output>
        </test-method> <!-- runScenario -->
        <test-method signature="runScenario(io.cucumber.testng.PickleWrapper,io.cucumber.testng.FeatureWrapper)[pri:0, instance:com.juaracoding.cucumber.step_definitions.RunnerTest@56cdfb3b]" started-at="2023-01-01T19:39:32 WIB" name="runScenario" description="Runs Cucumber Scenarios" data-provider="scenarios" finished-at="2023-01-01T19:39:35 WIB" duration-ms="2832" status="PASS">
          <params>
            <param index="0">
              <value>
                <![CDATA["Show 50 data kerja penempatan"]]>
              </value>
            </param>
            <param index="1">
              <value>
                <![CDATA["Kerja Penempatan"]]>
              </value>
            </param>
          </params>
          <reporter-output>
          </reporter-output>
        </test-method> <!-- runScenario -->
        <test-method signature="runScenario(io.cucumber.testng.PickleWrapper,io.cucumber.testng.FeatureWrapper)[pri:0, instance:com.juaracoding.cucumber.step_definitions.RunnerTest@56cdfb3b]" started-at="2023-01-01T19:39:35 WIB" name="runScenario" description="Runs Cucumber Scenarios" data-provider="scenarios" finished-at="2023-01-01T19:39:38 WIB" duration-ms="3420" status="PASS">
          <params>
            <param index="0">
              <value>
                <![CDATA["Show 100 data kerja penempatan"]]>
              </value>
            </param>
            <param index="1">
              <value>
                <![CDATA["Kerja Penempatan"]]>
              </value>
            </param>
          </params>
          <reporter-output>
          </reporter-output>
        </test-method> <!-- runScenario -->
        <test-method signature="runScenario(io.cucumber.testng.PickleWrapper,io.cucumber.testng.FeatureWrapper)[pri:0, instance:com.juaracoding.cucumber.step_definitions.RunnerTest@56cdfb3b]" started-at="2023-01-01T19:39:38 WIB" name="runScenario" description="Runs Cucumber Scenarios" data-provider="scenarios" finished-at="2023-01-01T19:39:41 WIB" duration-ms="2765" status="PASS">
          <params>
            <param index="0">
              <value>
                <![CDATA["Search data kerja penempatan"]]>
              </value>
            </param>
            <param index="1">
              <value>
                <![CDATA["Kerja Penempatan"]]>
              </value>
            </param>
          </params>
          <reporter-output>
          </reporter-output>
        </test-method> <!-- runScenario -->
        <test-method signature="runScenario(io.cucumber.testng.PickleWrapper,io.cucumber.testng.FeatureWrapper)[pri:0, instance:com.juaracoding.cucumber.step_definitions.RunnerTest@56cdfb3b]" started-at="2023-01-01T19:39:41 WIB" name="runScenario" description="Runs Cucumber Scenarios" data-provider="scenarios" finished-at="2023-01-01T19:39:44 WIB" duration-ms="2651" status="PASS">
          <params>
            <param index="0">
              <value>
                <![CDATA["Add data master position invalid"]]>
              </value>
            </param>
            <param index="1">
              <value>
                <![CDATA["Master Position"]]>
              </value>
            </param>
          </params>
          <reporter-output>
          </reporter-output>
        </test-method> <!-- runScenario -->
        <test-method signature="runScenario(io.cucumber.testng.PickleWrapper,io.cucumber.testng.FeatureWrapper)[pri:0, instance:com.juaracoding.cucumber.step_definitions.RunnerTest@56cdfb3b]" started-at="2023-01-01T19:39:44 WIB" name="runScenario" description="Runs Cucumber Scenarios" data-provider="scenarios" finished-at="2023-01-01T19:39:45 WIB" duration-ms="1502" status="PASS">
          <params>
            <param index="0">
              <value>
[...]
            <message>
              <![CDATA[no such alert
  (Session info: chrome=108.0.5359.125)
Build info: version: '3.141.59', revision: 'e82be7d358', time: '2018-11-14T08:17:03'
System info: host: 'LAPTOP-VUBQFE7P', ip: '192.168.68.103', os.name: 'Windows 11', os.arch: 'amd64', os.version: '10.0', java.version: '17.0.5'
Driver info: org.openqa.selenium.chrome.ChromeDriver
Capabilities {acceptInsecureCerts: false, browserName: chrome, browserVersion: 108.0.5359.125, chrome: {chromedriverVersion: 107.0.5304.62 (1eec40d3a576..., userDataDir: C:\Users\fauza\AppData\Loca...}, goog:chromeOptions: {debuggerAddress: localhost:54097}, javascriptEnabled: true, networkConnectionEnabled: false, pageLoadStrategy: normal, platform: WINDOWS, platformName: WINDOWS, proxy: Proxy(), setWindowRect: true, strictFileInteractability: false, timeouts: {implicit: 0, pageLoad: 300000, script: 30000}, unhandledPromptBehavior: dismiss and notify, webauthn:extension:credBlob: true, webauthn:extension:largeBlob: true, webauthn:virtualAuthenticators: true}
Session ID: 6aa0978e21fd7c1c6e6510ac57a30a9e]]>
            </message>
            <full-stacktrace>
              <![CDATA[org.openqa.selenium.NoAlertPresentException: no such alert
  (Session info: chrome=108.0.5359.125)
Build info: version: '3.141.59', revision: 'e82be7d358', time: '2018-11-14T08:17:03'
System info: host: 'LAPTOP-VUBQFE7P', ip: '192.168.68.103', os.name: 'Windows 11', os.arch: 'amd64', os.version: '10.0', java.version: '17.0.5'
Driver info: org.openqa.selenium.chrome.ChromeDriver
Capabilities {acceptInsecureCerts: false, browserName: chrome, browserVersion: 108.0.5359.125, chrome: {chromedriverVersion: 107.0.5304.62 (1eec40d3a576..., userDataDir: C:\Users\fauza\AppData\Loca...}, goog:chromeOptions: {debuggerAddress: localhost:54097}, javascriptEnabled: true, networkConnectionEnabled: false, pageLoadStrategy: normal, platform: WINDOWS, platformName: WINDOWS, proxy: Proxy(), setWindowRect: true, strictFileInteractability: false, timeouts: {implicit: 0, pageLoad: 300000, script: 30000}, unhandledPromptBehavior: dismiss and notify, webauthn:extension:credBlob: true, webauthn:extension:largeBlob: true, webauthn:virtualAuthenticators: true}
Session ID: 6aa0978e21fd7c1c6e6510ac57a30a9e
at java.base/jdk.internal.reflect.NativeConstructorAccessorImpl.newInstance0(Native Method)
at java.base/jdk.internal.reflect.NativeConstructorAccessorImpl.newInstance(NativeConstructorAccessorImpl.java:77)
at java.base/jdk.internal.reflect.DelegatingConstructorAccessorImpl.newInstance(DelegatingConstructorAccessorImpl.java:45)
at java.base/java.lang.reflect.Constructor.newInstanceWithCaller(Constructor.java:499)
at java.base/java.lang.reflect.Constructor.newInstance(Constructor.java:480)
at org.openqa.selenium.remote.http.W3CHttpResponseCodec.createException(W3CHttpResponseCodec.java:187)
at org.openqa.selenium.remote.http.W3CHttpResponseCodec.decode(W3CHttpResponseCodec.java:122)
at org.openqa.selenium.remote.http.W3CHttpResponseCodec.decode(W3CHttpResponseCodec.java:49)
at org.openqa.selenium.remote.HttpCommandExecutor.execute(HttpCommandExecutor.java:158)
at org.openqa.selenium.remote.service.DriverCommandExecutor.execute(DriverCommandExecutor.java:83)
at org.openqa.selenium.remote.RemoteWebDriver.execute(RemoteWebDriver.java:552)
at org.openqa.selenium.remote.RemoteWebDriver.execute(RemoteWebDriver.java:609)
at org.openqa.selenium.remote.RemoteWebDriver$RemoteTargetLocator.alert(RemoteWebDriver.java:932)
at com.juaracoding.cucumber.step_definitions.AbsenIzin.tcc09_muncul_alert(AbsenIzin.java:98)
at ✽.TCC09. Muncul Alert(file:///C:/Users/fauza/git/Kelompok-3-TMS/src/main/resources/features/12.AbsenIzin.feature:19)
]]>
            </full-stacktrace>
          </exception> <!-- org.openqa.selenium.NoAlertPresentException -->
          <reporter-output>
          </reporter-output>
        </test-method> <!-- runScenario -->
        <test-method signature="runScenario(io.cucumber.testng.PickleWrapper,io.cucumber.testng.FeatureWrapper)[pri:0, instance:com.juaracoding.cucumber.step_definitions.RunnerTest@56cdfb3b]" started-at="2023-01-01T19:40:44 WIB" name="runScenario" description="Runs Cucumber Scenarios" data-provider="scenarios" finished-at="2023-01-01T19:40:45 WIB" duration-ms="1330" status="PASS">
          <params>
            <param index="0">
              <value>
                <![CDATA["TCC10.Input kehadiran sakit"]]>
              </value>
            </param>
            <param index="1">
              <value>
                <![CDATA["Absen Sakit"]]>
              </value>
            </param>
          </params>
          <reporter-output>
          </reporter-output>
        </test-method> <!-- runScenario -->
        <test-method signature="runScenario(io.cucumber.testng.PickleWrapper,io.cucumber.testng.FeatureWrapper)[pri:0, instance:com.juaracoding.cucumber.step_definitions.RunnerTest@56cdfb3b]" started-at="2023-01-01T19:40:45 WIB" name="runScenario" description="Runs Cucumber Scenarios" data-provider="scenarios" finished-at="2023-01-01T19:40:46 WIB" duration-ms="812" status="FAIL">
          <params>
            <param index="0">
              <value>
                <![CDATA["TCC11.Input kehadiran sakit"]]>
              </value>
            </param>
            <param index="1">
              <value>
                <![CDATA["Absen Sakit"]]>
              </value>
            </param>
          </params>
          <exception class="org.openqa.selenium.InvalidArgumentException">
            <message>
              <![CDATA[invalid argument: File not found : D:\Test\2.jpg
  (Session info: chrome=108.0.5359.125)
Build info: version: '3.141.59', revision: 'e82be7d358', time: '2018-11-14T08:17:03'
System info: host: 'LAPTOP-VUBQFE7P', ip: '192.168.68.103', os.name: 'Windows 11', os.arch: 'amd64', os.version: '10.0', java.version: '17.0.5'
Driver info: org.openqa.selenium.chrome.ChromeDriver
Capabilities {acceptInsecureCerts: false, browserName: chrome, browserVersion: 108.0.5359.125, chrome: {chromedriverVersion: 107.0.5304.62 (1eec40d3a576..., userDataDir: C:\Users\fauza\AppData\Loca...}, goog:chromeOptions: {debuggerAddress: localhost:54097}, javascriptEnabled: true, networkConnectionEnabled: false, pageLoadStrategy: normal, platform: WINDOWS, platformName: WINDOWS, proxy: Proxy(), setWindowRect: true, strictFileInteractability: false, timeouts: {implicit: 0, pageLoad: 300000, script: 30000}, unhandledPromptBehavior: dismiss and notify, webauthn:extension:credBlob: true, webauthn:extension:largeBlob: true, webauthn:virtualAuthenticators: true}
Session ID: 6aa0978e21fd7c1c6e6510ac57a30a9e]]>
            </message>
            <full-stacktrace>
              <![CDATA[org.openqa.selenium.InvalidArgumentException: invalid argument: File not found : D:\Test\2.jpg
  (Session info: chrome=108.0.5359.125)
Build info: version: '3.141.59', revision: 'e82be7d358', time: '2018-11-14T08:17:03'
System info: host: 'LAPTOP-VUBQFE7P', ip: '192.168.68.103', os.name: 'Windows 11', os.arch: 'amd64', os.version: '10.0', java.version: '17.0.5'
Driver info: org.openqa.selenium.chrome.ChromeDriver
Capabilities {acceptInsecureCerts: false, browserName: chrome, browserVersion: 108.0.5359.125, chrome: {chromedriverVersion: 107.0.5304.62 (1eec40d3a576..., userDataDir: C:\Users\fauza\AppData\Loca...}, goog:chromeOptions: {debuggerAddress: localhost:54097}, javascriptEnabled: true, networkConnectionEnabled: false, pageLoadStrategy: normal, platform: WINDOWS, platformName: WINDOWS, proxy: Proxy(), setWindowRect: true, strictFileInteractability: false, timeouts: {implicit: 0, pageLoad: 300000, script: 30000}, unhandledPromptBehavior: dismiss and notify, webauthn:extension:credBlob: true, webauthn:extension:largeBlob: true, webauthn:virtualAuthenticators: true}
Session ID: 6aa0978e21fd7c1c6e6510ac57a30a9e
at java.base/jdk.internal.reflect.NativeConstructorAccessorImpl.newInstance0(Native Method)
at java.base/jdk.internal.reflect.NativeConstructorAccessorImpl.newInstance(NativeConstructorAccessorImpl.java:77)
at java.base/jdk.internal.reflect.DelegatingConstructorAccessorImpl.newInstance(DelegatingConstructorAccessorImpl.java:45)
at java.base/java.lang.reflect.Constructor.newInstanceWithCaller(Constructor.java:499)
at java.base/java.lang.reflect.Constructor.newInstance(Constructor.java:480)
at org.openqa.selenium.remote.http.W3CHttpResponseCodec.createException(W3CHttpResponseCodec.java:187)
at org.openqa.selenium.remote.http.W3CHttpResponseCodec.decode(W3CHttpResponseCodec.java:122)
at org.openqa.selenium.remote.http.W3CHttpResponseCodec.decode(W3CHttpResponseCodec.java:49)
at org.openqa.selenium.remote.HttpCommandExecutor.execute(HttpCommandExecutor.java:158)
at org.openqa.selenium.remote.service.DriverCommandExecutor.execute(DriverCommandExecutor.java:83)
at org.openqa.selenium.remote.RemoteWebDriver.execute(RemoteWebDriver.java:552)
at org.openqa.selenium.remote.RemoteWebElement.execute(RemoteWebElement.java:285)
at org.openqa.selenium.remote.RemoteWebElement.sendKeys(RemoteWebElement.java:106)
at jdk.internal.reflect.GeneratedMethodAccessor100.invoke(Unknown Source)
at java.base/jdk.internal.reflect.DelegatingMethodAccessorImpl.invoke(DelegatingMethodAccessorImpl.java:43)
at java.base/java.lang.reflect.Method.invoke(Method.java:568)
at org.openqa.selenium.support.pagefactory.internal.LocatingElementHandler.invoke(LocatingElementHandler.java:51)
at jdk.proxy2/jdk.proxy2.$Proxy28.sendKeys(Unknown Source)
at com.juaracoding.cucumber.pages.AbsenSakitPage.uploadfoto(AbsenSakitPage.java:51)
at com.juaracoding.cucumber.step_definitions.AbsenSakit.tcc11_upload_foto_selfie(AbsenSakit.java:51)
at ✽.TCC11.Upload foto selfie(file:///C:/Users/fauza/git/Kelompok-3-TMS/src/main/resources/features/13.AbsenSakit.feature:9)
]]>
            </full-stacktrace>
          </exception> <!-- org.openqa.selenium.InvalidArgumentException -->
          <reporter-output>
          </reporter-output>
        </test-method> <!-- runScenario -->
        <test-method signature="runScenario(io.cucumber.testng.PickleWrapper,io.cucumber.testng.FeatureWrapper)[pri:0, instance:com.juaracoding.cucumber.step_definitions.RunnerTest@56cdfb3b]" started-at="2023-01-01T19:40:46 WIB" name="runScenario" description="Runs Cucumber Scenarios" data-provider="scenarios" finished-at="2023-01-01T19:40:49 WIB" duration-ms="2738" status="FAIL">
          <params>
            <param index="0">
              <value>
                <![CDATA["TCC12. Input kehadiran sakit"]]>
              </value>
            </param>
            <param index="1">
              <value>
                <![CDATA["Absen Sakit"]]>
              </value>
            </param>
          </params>
          <exception class="org.openqa.selenium.NoAlertPresentException">
            <message>
              <![CDATA[no such alert
  (Session info: chrome=108.0.5359.125)
Build info: version: '3.141.59', revision: 'e82be7d358', time: '2018-11-14T08:17:03'
System info: host: 'LAPTOP-VUBQFE7P', ip: '192.168.68.103', os.name: 'Windows 11', os.arch: 'amd64', os.version: '10.0', java.version: '17.0.5'
Driver info: org.openqa.selenium.chrome.ChromeDriver
Capabilities {acceptInsecureCerts: false, browserName: chrome, browserVersion: 108.0.5359.125, chrome: {chromedriverVersion: 107.0.5304.62 (1eec40d3a576..., userDataDir: C:\Users\fauza\AppData\Loca...}, goog:chromeOptions: {debuggerAddress: localhost:54097}, javascriptEnabled: true, networkConnectionEnabled: false, pageLoadStrategy: normal, platform: WINDOWS, platformName: WINDOWS, proxy: Proxy(), setWindowRect: true, strictFileInteractability: false, timeouts: {implicit: 0, pageLoad: 300000, script: 30000}, unhandledPromptBehavior: dismiss and notify, webauthn:extension:credBlob: true, webauthn:extension:largeBlob: true, webauthn:virtualAuthenticators: true}
Session ID: 6aa0978e21fd7c1c6e6510ac57a30a9e]]>
            </message>
            <full-stacktrace>
              <![CDATA[org.openqa.selenium.NoAlertPresentException: no such alert
  (Session info: chrome=108.0.5359.125)
Build info: version: '3.141.59', revision: 'e82be7d358', time: '2018-11-14T08:17:03'
System info: host: 'LAPTOP-VUBQFE7P', ip: '192.168.68.103', os.name: 'Windows 11', os.arch: 'amd64', os.version: '10.0', java.version: '17.0.5'
Driver info: org.openqa.selenium.chrome.ChromeDriver
Capabilities {acceptInsecureCerts: false, browserName: chrome, browserVersion: 108.0.5359.125, chrome: {chromedriverVersion: 107.0.5304.62 (1eec40d3a576..., userDataDir: C:\Users\fauza\AppData\Loca...}, goog:chromeOptions: {debuggerAddress: localhost:54097}, javascriptEnabled: true, networkConnectionEnabled: false, pageLoadStrategy: normal, platform: WINDOWS, platformName: WINDOWS, proxy: Proxy(), setWindowRect: true, strictFileInteractability: false, timeouts: {implicit: 0, pageLoad: 300000, script: 30000}, unhandledPromptBehavior: dismiss and notify, webauthn:extension:credBlob: true, webauthn:extension:largeBlob: true, webauthn:virtualAuthenticators: true}
Session ID: 6aa0978e21fd7c1c6e6510ac57a30a9e
at java.base/jdk.internal.reflect.NativeConstructorAccessorImpl.newInstance0(Native Method)
at java.base/jdk.internal.reflect.NativeConstructorAccessorImpl.newInstance(NativeConstructorAccessorImpl.java:77)
at java.base/jdk.internal.reflect.DelegatingConstructorAccessorImpl.newInstance(DelegatingConstructorAccessorImpl.java:45)
at java.base/java.lang.reflect.Constructor.newInstanceWithCaller(Constructor.java:499)
at java.base/java.lang.reflect.Constructor.newInstance(Constructor.java:480)
at org.openqa.selenium.remote.http.W3CHttpResponseCodec.createException(W3CHttpResponseCodec.java:187)
at org.openqa.selenium.remote.http.W3CHttpResponseCodec.decode(W3CHttpResponseCodec.java:122)
at org.openqa.selenium.remote.http.W3CHttpResponseCodec.decode(W3CHttpResponseCodec.java:49)
at org.openqa.selenium.remote.HttpCommandExecutor.execute(HttpCommandExecutor.java:158)
at org.openqa.selenium.remote.service.DriverCommandExecutor.execute(DriverCommandExecutor.java:83)
at org.openqa.selenium.remote.RemoteWebDriver.execute(RemoteWebDriver.java:552)
at org.openqa.selenium.remote.RemoteWebDriver.execute(RemoteWebDriver.java:609)
at org.openqa.selenium.remote.RemoteWebDriver$RemoteTargetLocator.alert(RemoteWebDriver.java:932)
at com.juaracoding.cucumber.step_definitions.AbsenSakit.tcc12_muncul_alert(AbsenSakit.java:95)
at ✽.TCC12. Muncul Alert(file:///C:/Users/fauza/git/Kelompok-3-TMS/src/main/resources/features/13.AbsenSakit.feature:19)
]]>
            </full-stacktrace>
          </exception> <!-- org.openqa.selenium.NoAlertPresentException -->
          <reporter-output>
          </reporter-output>
        </test-method> <!-- runScenario -->
        <test-method signature="runScenario(io.cucumber.testng.PickleWrapper,io.cucumber.testng.FeatureWrapper)[pri:0, instance:com.juaracoding.cucumber.step_definitions.RunnerTest@56cdfb3b]" started-at="2023-01-01T19:40:49 WIB" name="runScenario" description="Runs Cucumber Scenarios" data-provider="scenarios" finished-at="2023-01-01T19:40:51 WIB" duration-ms="2699" status="FAIL">
          <params>
            <param index="0">
              <value>
                <![CDATA["TCC13. Input kehadiran sakit"]]>
              </value>
            </param>
            <param index="1">
              <value>
                <![CDATA["Absen Sakit"]]>
              </value>
            </param>
          </params>
          <exception class="org.openqa.selenium.NoAlertPresentException">
            <message>
              <![CDATA[no such alert
  (Session info: chrome=108.0.5359.125)
Build info: version: '3.141.59', revision: 'e82be7d358', time: '2018-11-14T08:17:03'
System info: host: 'LAPTOP-VUBQFE7P', ip: '192.168.68.103', os.name: 'Windows 11', os.arch: 'amd64', os.version: '10.0', java.version: '17.0.5'
Driver info: org.openqa.selenium.chrome.ChromeDriver
Capabilities {acceptInsecureCerts: false, browserName: chrome, browserVersion: 108.0.5359.125, chrome: {chromedriverVersion: 107.0.5304.62 (1eec40d3a576..., userDataDir: C:\Users\fauza\AppData\Loca...}, goog:chromeOptions: {debuggerAddress: localhost:54097}, javascriptEnabled: true, networkConnectionEnabled: false, pageLoadStrategy: normal, platform: WINDOWS, platformName: WINDOWS, proxy: Proxy(), setWindowRect: true, strictFileInteractability: false, timeouts: {implicit: 0, pageLoad: 300000, script: 30000}, unhandledPromptBehavior: dismiss and notify, webauthn:extension:credBlob: true, webauthn:extension:largeBlob: true, webauthn:virtualAuthenticators: true}
Session ID: 6aa0978e21fd7c1c6e6510ac57a30a9e]]>
            </message>
            <full-stacktrace>
              <![CDATA[org.openqa.selenium.NoAlertPresentException: no such alert
  (Session info: chrome=108.0.5359.125)
Build info: version: '3.141.59', revision: 'e82be7d358', time: '2018-11-14T08:17:03'
System info: host: 'LAPTOP-VUBQFE7P', ip: '192.168.68.103', os.name: 'Windows 11', os.arch: 'amd64', os.version: '10.0', java.version: '17.0.5'
Driver info: org.openqa.selenium.chrome.ChromeDriver
Capabilities {acceptInsecureCerts: false, browserName: chrome, browserVersion: 108.0.5359.125, chrome: {chromedriverVersion: 107.0.5304.62 (1eec40d3a576..., userDataDir: C:\Users\fauza\AppData\Loca...}, goog:chromeOptions: {debuggerAddress: localhost:54097}, javascriptEnabled: true, networkConnectionEnabled: false, pageLoadStrategy: normal, platform: WINDOWS, platformName: WINDOWS, proxy: Proxy(), setWindowRect: true, strictFileInteractability: false, timeouts: {implicit: 0, pageLoad: 300000, script: 30000}, unhandledPromptBehavior: dismiss and notify, webauthn:extension:credBlob: true, webauthn:extension:largeBlob: true, webauthn:virtualAuthenticators: true}
Session ID: 6aa0978e21fd7c1c6e6510ac57a30a9e
at java.base/jdk.internal.reflect.NativeConstructorAccessorImpl.newInstance0(Native Method)
at java.base/jdk.internal.reflect.NativeConstructorAccessorImpl.newInstance(NativeConstructorAccessorImpl.java:77)
at java.base/jdk.internal.reflect.DelegatingConstructorAccessorImpl.newInstance(DelegatingConstructorAccessorImpl.java:45)
at java.base/java.lang.reflect.Constructor.newInstanceWithCaller(Constructor.java:499)
at java.base/java.lang.reflect.Constructor.newInstance(Constructor.java:480)
at org.openqa.selenium.remote.http.W3CHttpResponseCodec.createException(W3CHttpResponseCodec.java:187)
at org.openqa.selenium.remote.http.W3CHttpResponseCodec.decode(W3CHttpResponseCodec.java:122)
at org.openqa.selenium.remote.http.W3CHttpResponseCodec.decode(W3CHttpResponseCodec.java:49)
at org.openqa.selenium.remote.HttpCommandExecutor.execute(HttpCommandExecutor.java:158)
at org.openqa.selenium.remote.service.DriverCommandExecutor.execute(DriverCommandExecutor.java:83)
at org.openqa.selenium.remote.RemoteWebDriver.execute(RemoteWebDriver.java:552)
at org.openqa.selenium.remote.RemoteWebDriver.execute(RemoteWebDriver.java:609)
at org.openqa.selenium.remote.RemoteWebDriver$RemoteTargetLocator.alert(RemoteWebDriver.java:932)
at com.juaracoding.cucumber.step_definitions.AbsenSakit.tcc13_muncul_alert(AbsenSakit.java:110)
at ✽.TCC13. Muncul Alert(file:///C:/Users/fauza/git/Kelompok-3-TMS/src/main/resources/features/13.AbsenSakit.feature:23)
]]>
            </full-stacktrace>
          </exception> <!-- org.openqa.selenium.NoAlertPresentException -->
          <reporter-output>
          </reporter-output>
        </test-method> <!-- runScenario -->
        <test-method is-config="true" signature="tearDownClass()[pri:0, instance:com.juaracoding.cucumber.step_definitions.RunnerTest@56cdfb3b]" started-at="2023-01-01T19:40:51 WIB" name="tearDownClass" finished-at="2023-01-01T19:40:55 WIB" duration-ms="3291" status="PASS">
          <reporter-output>
          </reporter-output>
        </test-method> <!-- tearDownClass -->
      </class> <!-- com.juaracoding.cucumber.step_definitions.RunnerTest -->
    </test> <!-- Default test -->
  </suite> <!-- Default suite -->
</testng-results>
