<?xml version="1.0" encoding="UTF-8"?>
<testng-results ignored="0" total="102" passed="100" failed="2" skipped="0">
  <reporter-output>
  </reporter-output>
  <suite started-at="2023-01-01T18:46:47 WIB" name="Default suite" finished-at="2023-01-01T18:53:24 WIB" duration-ms="396869">
    <groups>
      <group name="cucumber">
        <method signature="AbstractTestNGCucumberTests.runScenario(io.cucumber.testng.PickleWrapper,io.cucumber.testng.FeatureWrapper)[pri:0, instance:com.juaracoding.cucumber.step_definitions.RunnerTest@56cdfb3b]" name="runScenario" class="io.cucumber.testng.AbstractTestNGCucumberTests"/>
      </group> <!-- cucumber -->
    </groups>
    <test started-at="2023-01-01T18:46:47 WIB" name="Default test" finished-at="2023-01-01T18:53:24 WIB" duration-ms="396869">
      <class name="com.juaracoding.cucumber.step_definitions.RunnerTest">
        <test-method is-config="true" signature="setUpClass(org.testng.ITestContext)[pri:0, instance:com.juaracoding.cucumber.step_definitions.RunnerTest@56cdfb3b]" started-at="2023-01-01T18:46:47 WIB" name="setUpClass" finished-at="2023-01-01T18:46:47 WIB" duration-ms="416" status="PASS">
          <params>
            <param index="0">
              <value>
                <![CDATA[org.testng.TestRunner@5f6b1f19]]>
              </value>
            </param>
          </params>
          <reporter-output>
          </reporter-output>
        </test-method> <!-- setUpClass -->
        <test-method signature="runScenario(io.cucumber.testng.PickleWrapper,io.cucumber.testng.FeatureWrapper)[pri:0, instance:com.juaracoding.cucumber.step_definitions.RunnerTest@56cdfb3b]" started-at="2023-01-01T18:46:47 WIB" name="runScenario" description="Runs Cucumber Scenarios" data-provider="scenarios" finished-at="2023-01-01T18:46:49 WIB" duration-ms="2121" status="PASS">
          <params>
            <param index="0">
              <value>
                <![CDATA["User go to invalid website"]]>
              </value>
            </param>
            <param index="1">
              <value>
                <![CDATA["Login User"]]>
              </value>
            </param>
          </params>
          <reporter-output>
          </reporter-output>
        </test-method> <!-- runScenario -->
        <test-method signature="runScenario(io.cucumber.testng.PickleWrapper,io.cucumber.testng.FeatureWrapper)[pri:0, instance:com.juaracoding.cucumber.step_definitions.RunnerTest@56cdfb3b]" started-at="2023-01-01T18:46:49 WIB" name="runScenario" description="Runs Cucumber Scenarios" data-provider="scenarios" finished-at="2023-01-01T18:46:54 WIB" duration-ms="4984" status="PASS">
          <params>
            <param index="0">
              <value>
                <![CDATA["User go to website"]]>
              </value>
            </param>
            <param index="1">
              <value>
                <![CDATA["Login User"]]>
              </value>
            </param>
          </params>
          <reporter-output>
          </reporter-output>
        </test-method> <!-- runScenario -->
        <test-method signature="runScenario(io.cucumber.testng.PickleWrapper,io.cucumber.testng.FeatureWrapper)[pri:0, instance:com.juaracoding.cucumber.step_definitions.RunnerTest@56cdfb3b]" started-at="2023-01-01T18:46:54 WIB" name="runScenario" description="Runs Cucumber Scenarios" data-provider="scenarios" finished-at="2023-01-01T18:46:55 WIB" duration-ms="338" status="PASS">
          <params>
            <param index="0">
              <value>
                <![CDATA["User login null username and null password"]]>
              </value>
            </param>
            <param index="1">
              <value>
                <![CDATA["Login User"]]>
              </value>
            </param>
          </params>
          <reporter-output>
          </reporter-output>
        </test-method> <!-- runScenario -->
        <test-method signature="runScenario(io.cucumber.testng.PickleWrapper,io.cucumber.testng.FeatureWrapper)[pri:0, instance:com.juaracoding.cucumber.step_definitions.RunnerTest@56cdfb3b]" started-at="2023-01-01T18:46:55 WIB" name="runScenario" description="Runs Cucumber Scenarios" data-provider="scenarios" finished-at="2023-01-01T18:46:55 WIB" duration-ms="329" status="PASS">
          <params>
            <param index="0">
              <value>
                <![CDATA["User login null username and invalid password"]]>
              </value>
            </param>
            <param index="1">
              <value>
                <![CDATA["Login User"]]>
              </value>
            </param>
          </params>
          <reporter-output>
          </reporter-output>
        </test-method> <!-- runScenario -->
        <test-method signature="runScenario(io.cucumber.testng.PickleWrapper,io.cucumber.testng.FeatureWrapper)[pri:0, instance:com.juaracoding.cucumber.step_definitions.RunnerTest@56cdfb3b]" started-at="2023-01-01T18:46:55 WIB" name="runScenario" description="Runs Cucumber Scenarios" data-provider="scenarios" finished-at="2023-01-01T18:46:55 WIB" duration-ms="327" status="PASS">
          <params>
            <param index="0">
              <value>
                <![CDATA["User login null username and valid password"]]>
              </value>
            </param>
            <param index="1">
              <value>
                <![CDATA["Login User"]]>
              </value>
            </param>
          </params>
          <reporter-output>
          </reporter-output>
        </test-method> <!-- runScenario -->
        <test-method signature="runScenario(io.cucumber.testng.PickleWrapper,io.cucumber.testng.FeatureWrapper)[pri:0, instance:com.juaracoding.cucumber.step_definitions.RunnerTest@56cdfb3b]" started-at="2023-01-01T18:46:55 WIB" name="runScenario" description="Runs Cucumber Scenarios" data-provider="scenarios" finished-at="2023-01-01T18:46:56 WIB" duration-ms="333" status="PASS">
          <params>
            <param index="0">
              <value>
                <![CDATA["User login invalid username and null password"]]>
              </value>
            </param>
            <param index="1">
              <value>
                <![CDATA["Login User"]]>
              </value>
            </param>
          </params>
          <reporter-output>
          </reporter-output>
        </test-method> <!-- runScenario -->
        <test-method signature="runScenario(io.cucumber.testng.PickleWrapper,io.cucumber.testng.FeatureWrapper)[pri:0, instance:com.juaracoding.cucumber.step_definitions.RunnerTest@56cdfb3b]" started-at="2023-01-01T18:46:56 WIB" name="runScenario" description="Runs Cucumber Scenarios" data-provider="scenarios" finished-at="2023-01-01T18:46:57 WIB" duration-ms="1691" status="PASS">
          <params>
            <param index="0">
              <value>
                <![CDATA["User login invalid username and invalid password"]]>
              </value>
            </param>
            <param index="1">
              <value>
                <![CDATA["Login User"]]>
              </value>
            </param>
          </params>
          <reporter-output>
          </reporter-output>
        </test-method> <!-- runScenario -->
        <test-method signature="runScenario(io.cucumber.testng.PickleWrapper,io.cucumber.testng.FeatureWrapper)[pri:0, instance:com.juaracoding.cucumber.step_definitions.RunnerTest@56cdfb3b]" started-at="2023-01-01T18:46:57 WIB" name="runScenario" description="Runs Cucumber Scenarios" data-provider="scenarios" finished-at="2023-01-01T18:46:59 WIB" duration-ms="1668" status="PASS">
          <params>
            <param index="0">
              <value>
                <![CDATA["User login invalid username and valid password"]]>
              </value>
            </param>
            <param index="1">
              <value>
                <![CDATA["Login User"]]>
              </value>
            </param>
          </params>
          <reporter-output>
          </reporter-output>
        </test-method> <!-- runScenario -->
        <test-method signature="runScenario(io.cucumber.testng.PickleWrapper,io.cucumber.testng.FeatureWrapper)[pri:0, instance:com.juaracoding.cucumber.step_definitions.RunnerTest@56cdfb3b]" started-at="2023-01-01T18:46:59 WIB" name="runScenario" description="Runs Cucumber Scenarios" data-provider="scenarios" finished-at="2023-01-01T18:46:59 WIB" duration-ms="399" status="PASS">
          <params>
            <param index="0">
              <value>
                <![CDATA["User login valid username and null password"]]>
              </value>
            </param>
            <param index="1">
              <value>
                <![CDATA["Login User"]]>
              </value>
            </param>
          </params>
          <reporter-output>
          </reporter-output>
        </test-method> <!-- runScenario -->
        <test-method signature="runScenario(io.cucumber.testng.PickleWrapper,io.cucumber.testng.FeatureWrapper)[pri:0, instance:com.juaracoding.cucumber.step_definitions.RunnerTest@56cdfb3b]" started-at="2023-01-01T18:46:59 WIB" name="runScenario" description="Runs Cucumber Scenarios" data-provider="scenarios" finished-at="2023-01-01T18:47:01 WIB" duration-ms="1513" status="PASS">
          <params>
            <param index="0">
              <value>
                <![CDATA["User login valid username and invalid password"]]>
              </value>
            </param>
            <param index="1">
              <value>
                <![CDATA["Login User"]]>
              </value>
            </param>
          </params>
          <reporter-output>
          </reporter-output>
        </test-method> <!-- runScenario -->
        <test-method signature="runScenario(io.cucumber.testng.PickleWrapper,io.cucumber.testng.FeatureWrapper)[pri:0, instance:com.juaracoding.cucumber.step_definitions.RunnerTest@56cdfb3b]" started-at="2023-01-01T18:47:01 WIB" name="runScenario" description="Runs Cucumber Scenarios" data-provider="scenarios" finished-at="2023-01-01T18:47:05 WIB" duration-ms="3868" status="PASS">
          <params>
            <param index="0">
              <value>
                <![CDATA["User valid login"]]>
              </value>
            </param>
            <param index="1">
              <value>
                <![CDATA["Login User"]]>
              </value>
            </param>
          </params>
          <reporter-output>
          </reporter-output>
        </test-method> <!-- runScenario -->
        <test-method signature="runScenario(io.cucumber.testng.PickleWrapper,io.cucumber.testng.FeatureWrapper)[pri:0, instance:com.juaracoding.cucumber.step_definitions.RunnerTest@56cdfb3b]" started-at="2023-01-01T18:47:05 WIB" name="runScenario" description="Runs Cucumber Scenarios" data-provider="scenarios" finished-at="2023-01-01T18:47:06 WIB" duration-ms="1468" status="PASS">
          <params>
            <param index="0">
              <value>
                <![CDATA["User valid logout"]]>
              </value>
            </param>
            <param index="1">
              <value>
                <![CDATA["Login User"]]>
              </value>
            </param>
          </params>
          <reporter-output>
          </reporter-output>
        </test-method> <!-- runScenario -->
        <test-method signature="runScenario(io.cucumber.testng.PickleWrapper,io.cucumber.testng.FeatureWrapper)[pri:0, instance:com.juaracoding.cucumber.step_definitions.RunnerTest@56cdfb3b]" started-at="2023-01-01T18:47:06 WIB" name="runScenario" description="Runs Cucumber Scenarios" data-provider="scenarios" finished-at="2023-01-01T18:47:10 WIB" duration-ms="3951" status="PASS">
          <params>
            <param index="0">
              <value>
                <![CDATA["TCC.TMS.001 user invalid absen"]]>
              </value>
            </param>
            <param index="1">
              <value>
                <![CDATA["Absen Admin Masuk"]]>
              </value>
            </param>
          </params>
          <reporter-output>
          </reporter-output>
        </test-method> <!-- runScenario -->
        <test-method signature="runScenario(io.cucumber.testng.PickleWrapper,io.cucumber.testng.FeatureWrapper)[pri:0, instance:com.juaracoding.cucumber.step_definitions.RunnerTest@56cdfb3b]" started-at="2023-01-01T18:47:10 WIB" name="runScenario" description="Runs Cucumber Scenarios" data-provider="scenarios" finished-at="2023-01-01T18:47:13 WIB" duration-ms="2888" status="PASS">
          <params>
            <param index="0">
              <value>
                <![CDATA["TCC.TMS.002 user invalid absen"]]>
              </value>
            </param>
            <param index="1">
              <value>
                <![CDATA["Absen Admin Masuk"]]>
              </value>
            </param>
          </params>
          <reporter-output>
          </reporter-output>
        </test-method> <!-- runScenario -->
        <test-method signature="runScenario(io.cucumber.testng.PickleWrapper,io.cucumber.testng.FeatureWrapper)[pri:0, instance:com.juaracoding.cucumber.step_definitions.RunnerTest@56cdfb3b]" started-at="2023-01-01T18:47:13 WIB" name="runScenario" description="Runs Cucumber Scenarios" data-provider="scenarios" finished-at="2023-01-01T18:47:16 WIB" duration-ms="3148" status="PASS">
          <params>
            <param index="0">
              <value>
                <![CDATA["TCC.TMS.003 user invalid absen"]]>
              </value>
            </param>
            <param index="1">
              <value>
                <![CDATA["Absen Admin Masuk"]]>
              </value>
            </param>
          </params>
          <reporter-output>
          </reporter-output>
        </test-method> <!-- runScenario -->
        <test-method signature="runScenario(io.cucumber.testng.PickleWrapper,io.cucumber.testng.FeatureWrapper)[pri:0, instance:com.juaracoding.cucumber.step_definitions.RunnerTest@56cdfb3b]" started-at="2023-01-01T18:47:16 WIB" name="runScenario" description="Runs Cucumber Scenarios" data-provider="scenarios" finished-at="2023-01-01T18:47:19 WIB" duration-ms="2520" status="PASS">
          <params>
            <param index="0">
              <value>
                <![CDATA["TCC.TMS.004 user invalid absen"]]>
              </value>
            </param>
            <param index="1">
              <value>
                <![CDATA["Absen Admin Masuk"]]>
              </value>
            </param>
          </params>
          <reporter-output>
          </reporter-output>
        </test-method> <!-- runScenario -->
        <test-method signature="runScenario(io.cucumber.testng.PickleWrapper,io.cucumber.testng.FeatureWrapper)[pri:0, instance:com.juaracoding.cucumber.step_definitions.RunnerTest@56cdfb3b]" started-at="2023-01-01T18:47:19 WIB" name="runScenario" description="Runs Cucumber Scenarios" data-provider="scenarios" finished-at="2023-01-01T18:47:32 WIB" duration-ms="13207" status="PASS">
          <params>
            <param index="0">
              <value>
                <![CDATA["TCC.TMS.005 user invalid absen"]]>
              </value>
            </param>
            <param index="1">
              <value>
                <![CDATA["Absen Admin Masuk"]]>
              </value>
            </param>
          </params>
          <reporter-output>
          </reporter-output>
        </test-method> <!-- runScenario -->
        <test-method signature="runScenario(io.cucumber.testng.PickleWrapper,io.cucumber.testng.FeatureWrapper)[pri:0, instance:com.juaracoding.cucumber.step_definitions.RunnerTest@56cdfb3b]" started-at="2023-01-01T18:47:32 WIB" name="runScenario" description="Runs Cucumber Scenarios" data-provider="scenarios" finished-at="2023-01-01T18:47:34 WIB" duration-ms="2572" status="PASS">
          <params>
            <param index="0">
              <value>
                <![CDATA["TCC.TMS.006 user invalid absen"]]>
              </value>
            </param>
            <param index="1">
              <value>
                <![CDATA["Absen Admin Masuk"]]>
              </value>
            </param>
          </params>
          <reporter-output>
          </reporter-output>
        </test-method> <!-- runScenario -->
        <test-method signature="runScenario(io.cucumber.testng.PickleWrapper,io.cucumber.testng.FeatureWrapper)[pri:0, instance:com.juaracoding.cucumber.step_definitions.RunnerTest@56cdfb3b]" started-at="2023-01-01T18:47:34 WIB" name="runScenario" description="Runs Cucumber Scenarios" data-provider="scenarios" finished-at="2023-01-01T18:47:37 WIB" duration-ms="2986" status="PASS">
          <params>
            <param index="0">
              <value>
                <![CDATA["TCC.TMS.007 user invalid absen"]]>
              </value>
            </param>
            <param index="1">
              <value>
                <![CDATA["Absen Admin Masuk"]]>
              </value>
            </param>
          </params>
          <reporter-output>
          </reporter-output>
        </test-method> <!-- runScenario -->
        <test-method signature="runScenario(io.cucumber.testng.PickleWrapper,io.cucumber.testng.FeatureWrapper)[pri:0, instance:com.juaracoding.cucumber.step_definitions.RunnerTest@56cdfb3b]" started-at="2023-01-01T18:47:37 WIB" name="runScenario" description="Runs Cucumber Scenarios" data-provider="scenarios" finished-at="2023-01-01T18:47:41 WIB" duration-ms="3168" status="PASS">
          <params>
            <param index="0">
              <value>
                <![CDATA["TCC.TMS.001 user valid absen masuk"]]>
              </value>
            </param>
            <param index="1">
              <value>
                <![CDATA["Absen Admin Masuk"]]>
              </value>
            </param>
          </params>
          <reporter-output>
          </reporter-output>
        </test-method> <!-- runScenario -->
        <test-method signature="runScenario(io.cucumber.testng.PickleWrapper,io.cucumber.testng.FeatureWrapper)[pri:0, instance:com.juaracoding.cucumber.step_definitions.RunnerTest@56cdfb3b]" started-at="2023-01-01T18:47:41 WIB" name="runScenario" description="Runs Cucumber Scenarios" data-provider="scenarios" finished-at="2023-01-01T18:47:44 WIB" duration-ms="3441" status="PASS">
          <params>
            <param index="0">
              <value>
                <![CDATA["TCC.TMS.002 admin search user"]]>
              </value>
            </param>
            <param index="1">
              <value>
                <![CDATA["Absen Admin Masuk"]]>
              </value>
            </param>
          </params>
          <reporter-output>
          </reporter-output>
        </test-method> <!-- runScenario -->
        <test-method signature="runScenario(io.cucumber.testng.PickleWrapper,io.cucumber.testng.FeatureWrapper)[pri:0, instance:com.juaracoding.cucumber.step_definitions.RunnerTest@56cdfb3b]" started-at="2023-01-01T18:47:44 WIB" name="runScenario" description="Runs Cucumber Scenarios" data-provider="scenarios" finished-at="2023-01-01T18:47:46 WIB" duration-ms="2096" status="PASS">
          <params>
            <param index="0">
              <value>
                <![CDATA["TCC.TMS.003 admin branch position spesifik"]]>
              </value>
            </param>
            <param index="1">
              <value>
                <![CDATA["Absen Admin Masuk"]]>
              </value>
            </param>
          </params>
          <reporter-output>
          </reporter-output>
        </test-method> <!-- runScenario -->
        <test-method signature="runScenario(io.cucumber.testng.PickleWrapper,io.cucumber.testng.FeatureWrapper)[pri:0, instance:com.juaracoding.cucumber.step_definitions.RunnerTest@56cdfb3b]" started-at="2023-01-01T18:47:46 WIB" name="runScenario" description="Runs Cucumber Scenarios" data-provider="scenarios" finished-at="2023-01-01T18:47:48 WIB" duration-ms="2139" status="PASS">
          <params>
            <param index="0">
              <value>
                <![CDATA["TCC.TMS.001 user invalid absen pulang"]]>
              </value>
            </param>
            <param index="1">
              <value>
                <![CDATA["Absen Admin Pulang"]]>
              </value>
            </param>
          </params>
          <reporter-output>
          </reporter-output>
        </test-method> <!-- runScenario -->
        <test-method signature="runScenario(io.cucumber.testng.PickleWrapper,io.cucumber.testng.FeatureWrapper)[pri:0, instance:com.juaracoding.cucumber.step_definitions.RunnerTest@56cdfb3b]" started-at="2023-01-01T18:47:48 WIB" name="runScenario" description="Runs Cucumber Scenarios" data-provider="scenarios" finished-at="2023-01-01T18:47:52 WIB" duration-ms="3356" status="PASS">
          <params>
            <param index="0">
              <value>
                <![CDATA["TCC.TMS.002 user invalid absen pulang"]]>
              </value>
            </param>
            <param index="1">
              <value>
                <![CDATA["Absen Admin Pulang"]]>
              </value>
            </param>
          </params>
          <reporter-output>
          </reporter-output>
        </test-method> <!-- runScenario -->
        <test-method signature="runScenario(io.cucumber.testng.PickleWrapper,io.cucumber.testng.FeatureWrapper)[pri:0, instance:com.juaracoding.cucumber.step_definitions.RunnerTest@56cdfb3b]" started-at="2023-01-01T18:47:52 WIB" name="runScenario" description="Runs Cucumber Scenarios" data-provider="scenarios" finished-at="2023-01-01T18:47:55 WIB" duration-ms="3558" status="PASS">
          <params>
            <param index="0">
              <value>
                <![CDATA["TCC.TMS.003 user invalid absen pulang"]]>
              </value>
            </param>
            <param index="1">
              <value>
                <![CDATA["Absen Admin Pulang"]]>
              </value>
            </param>
          </params>
          <reporter-output>
          </reporter-output>
        </test-method> <!-- runScenario -->
        <test-method signature="runScenario(io.cucumber.testng.PickleWrapper,io.cucumber.testng.FeatureWrapper)[pri:0, instance:com.juaracoding.cucumber.step_definitions.RunnerTest@56cdfb3b]" started-at="2023-01-01T18:47:55 WIB" name="runScenario" description="Runs Cucumber Scenarios" data-provider="scenarios" finished-at="2023-01-01T18:47:58 WIB" duration-ms="3091" status="PASS">
          <params>
            <param index="0">
              <value>
                <![CDATA["TCC.TMS.004 user invalid absen pulang"]]>
              </value>
            </param>
            <param index="1">
              <value>
                <![CDATA["Absen Admin Pulang"]]>
              </value>
            </param>
          </params>
          <reporter-output>
          </reporter-output>
        </test-method> <!-- runScenario -->
        <test-method signature="runScenario(io.cucumber.testng.PickleWrapper,io.cucumber.testng.FeatureWrapper)[pri:0, instance:com.juaracoding.cucumber.step_definitions.RunnerTest@56cdfb3b]" started-at="2023-01-01T18:47:58 WIB" name="runScenario" description="Runs Cucumber Scenarios" data-provider="scenarios" finished-at="2023-01-01T18:48:01 WIB" duration-ms="3011" status="PASS">
          <params>
            <param index="0">
              <value>
                <![CDATA["TCC.TMS.005 user invalid absen pulang"]]>
              </value>
            </param>
            <param index="1">
              <value>
                <![CDATA["Absen Admin Pulang"]]>
              </value>
            </param>
          </params>
          <reporter-output>
          </reporter-output>
        </test-method> <!-- runScenario -->
        <test-method signature="runScenario(io.cucumber.testng.PickleWrapper,io.cucumber.testng.FeatureWrapper)[pri:0, instance:com.juaracoding.cucumber.step_definitions.RunnerTest@56cdfb3b]" started-at="2023-01-01T18:48:01 WIB" name="runScenario" description="Runs Cucumber Scenarios" data-provider="scenarios" finished-at="2023-01-01T18:48:05 WIB" duration-ms="3202" status="PASS">
          <params>
            <param index="0">
              <value>
                <![CDATA["TCC.TMS.006 user invalid absen pulang"]]>
              </value>
            </param>
            <param index="1">
              <value>
                <![CDATA["Absen Admin Pulang"]]>
              </value>
            </param>
          </params>
          <reporter-output>
          </reporter-output>
        </test-method> <!-- runScenario -->
        <test-method signature="runScenario(io.cucumber.testng.PickleWrapper,io.cucumber.testng.FeatureWrapper)[pri:0, instance:com.juaracoding.cucumber.step_definitions.RunnerTest@56cdfb3b]" started-at="2023-01-01T18:48:05 WIB" name="runScenario" description="Runs Cucumber Scenarios" data-provider="scenarios" finished-at="2023-01-01T18:48:08 WIB" duration-ms="3260" status="PASS">
          <params>
            <param index="0">
              <value>
                <![CDATA["TCC.TMS.007 user invalid absen pulang"]]>
              </value>
            </param>
            <param index="1">
              <value>
                <![CDATA["Absen Admin Pulang"]]>
              </value>
            </param>
          </params>
          <reporter-output>
          </reporter-output>
        </test-method> <!-- runScenario -->
        <test-method signature="runScenario(io.cucumber.testng.PickleWrapper,io.cucumber.testng.FeatureWrapper)[pri:0, instance:com.juaracoding.cucumber.step_definitions.RunnerTest@56cdfb3b]" started-at="2023-01-01T18:48:08 WIB" name="runScenario" description="Runs Cucumber Scenarios" data-provider="scenarios" finished-at="2023-01-01T18:48:12 WIB" duration-ms="3709" status="PASS">
          <params>
            <param index="0">
              <value>
                <![CDATA["TCC.TMS.001 user valid absen pulang"]]>
              </value>
            </param>
            <param index="1">
              <value>
                <![CDATA["Absen Admin Pulang"]]>
              </value>
            </param>
          </params>
          <reporter-output>
          </reporter-output>
        </test-method> <!-- runScenario -->
        <test-method signature="runScenario(io.cucumber.testng.PickleWrapper,io.cucumber.testng.FeatureWrapper)[pri:0, instance:com.juaracoding.cucumber.step_definitions.RunnerTest@56cdfb3b]" started-at="2023-01-01T18:48:12 WIB" name="runScenario" description="Runs Cucumber Scenarios" data-provider="scenarios" finished-at="2023-01-01T18:48:15 WIB" duration-ms="3178" status="PASS">
          <params>
            <param index="0">
              <value>
                <![CDATA["TCC.TMS.002 admin search user pulang"]]>
              </value>
            </param>
            <param index="1">
              <value>
                <![CDATA["Absen Admin Pulang"]]>
              </value>
            </param>
          </params>
          <reporter-output>
          </reporter-output>
        </test-method> <!-- runScenario -->
        <test-method signature="runScenario(io.cucumber.testng.PickleWrapper,io.cucumber.testng.FeatureWrapper)[pri:0, instance:com.juaracoding.cucumber.step_definitions.RunnerTest@56cdfb3b]" started-at="2023-01-01T18:48:15 WIB" name="runScenario" description="Runs Cucumber Scenarios" data-provider="scenarios" finished-at="2023-01-01T18:48:17 WIB" duration-ms="1983" status="PASS">
          <params>
            <param index="0">
              <value>
                <![CDATA["TCC.TMS.003 user valid absen pulang branch spesifik"]]>
              </value>
            </param>
            <param index="1">
              <value>
                <![CDATA["Absen Admin Pulang"]]>
              </value>
            </param>
          </params>
          <reporter-output>
          </reporter-output>
        </test-method> <!-- runScenario -->
        <test-method signature="runScenario(io.cucumber.testng.PickleWrapper,io.cucumber.testng.FeatureWrapper)[pri:0, instance:com.juaracoding.cucumber.step_definitions.RunnerTest@56cdfb3b]" started-at="2023-01-01T18:48:17 WIB" name="runScenario" description="Runs Cucumber Scenarios" data-provider="scenarios" finished-at="2023-01-01T18:48:19 WIB" duration-ms="1957" status="PASS">
          <params>
            <param index="0">
              <value>
                <![CDATA["TCC.TMS.001 user invalid absen sakit"]]>
              </value>
            </param>
            <param index="1">
              <value>
                <![CDATA["Absen Admin Sakit"]]>
              </value>
            </param>
          </params>
          <reporter-output>
          </reporter-output>
        </test-method> <!-- runScenario -->
        <test-method signature="runScenario(io.cucumber.testng.PickleWrapper,io.cucumber.testng.FeatureWrapper)[pri:0, instance:com.juaracoding.cucumber.step_definitions.RunnerTest@56cdfb3b]" started-at="2023-01-01T18:48:19 WIB" name="runScenario" description="Runs Cucumber Scenarios" data-provider="scenarios" finished-at="2023-01-01T18:48:21 WIB" duration-ms="2598" status="PASS">
          <params>
            <param index="0">
              <value>
                <![CDATA["TCC.TMS.002 user invalid absen sakit"]]>
              </value>
            </param>
            <param index="1">
              <value>
                <![CDATA["Absen Admin Sakit"]]>
              </value>
            </param>
          </params>
          <reporter-output>
          </reporter-output>
        </test-method> <!-- runScenario -->
        <test-method signature="runScenario(io.cucumber.testng.PickleWrapper,io.cucumber.testng.FeatureWrapper)[pri:0, instance:com.juaracoding.cucumber.step_definitions.RunnerTest@56cdfb3b]" started-at="2023-01-01T18:48:21 WIB" name="runScenario" description="Runs Cucumber Scenarios" data-provider="scenarios" finished-at="2023-01-01T18:48:24 WIB" duration-ms="2645" status="PASS">
          <params>
            <param index="0">
              <value>
                <![CDATA["TCC.TMS.003 user invalid absen sakit"]]>
              </value>
            </param>
            <param index="1">
              <value>
                <![CDATA["Absen Admin Sakit"]]>
              </value>
            </param>
          </params>
          <reporter-output>
          </reporter-output>
        </test-method> <!-- runScenario -->
        <test-method signature="runScenario(io.cucumber.testng.PickleWrapper,io.cucumber.testng.FeatureWrapper)[pri:0, instance:com.juaracoding.cucumber.step_definitions.RunnerTest@56cdfb3b]" started-at="2023-01-01T18:48:24 WIB" name="runScenario" description="Runs Cucumber Scenarios" data-provider="scenarios" finished-at="2023-01-01T18:48:27 WIB" duration-ms="2927" status="PASS">
          <params>
            <param index="0">
              <value>
                <![CDATA["TCC.TMS.004 user valid absen sakit"]]>
              </value>
            </param>
            <param index="1">
              <value>
                <![CDATA["Absen Admin Sakit"]]>
              </value>
            </param>
          </params>
          <reporter-output>
          </reporter-output>
        </test-method> <!-- runScenario -->
        <test-method signature="runScenario(io.cucumber.testng.PickleWrapper,io.cucumber.testng.FeatureWrapper)[pri:0, instance:com.juaracoding.cucumber.step_definitions.RunnerTest@56cdfb3b]" started-at="2023-01-01T18:48:27 WIB" name="runScenario" description="Runs Cucumber Scenarios" data-provider="scenarios" finished-at="2023-01-01T18:48:30 WIB" duration-ms="3213" status="PASS">
          <params>
            <param index="0">
              <value>
                <![CDATA["TCC.TMS.005 user invalid absen sakit"]]>
              </value>
            </param>
            <param index="1">
              <value>
                <![CDATA["Absen Admin Sakit"]]>
              </value>
            </param>
          </params>
          <reporter-output>
          </reporter-output>
        </test-method> <!-- runScenario -->
        <test-method signature="runScenario(io.cucumber.testng.PickleWrapper,io.cucumber.testng.FeatureWrapper)[pri:0, instance:com.juaracoding.cucumber.step_definitions.RunnerTest@56cdfb3b]" started-at="2023-01-01T18:48:30 WIB" name="runScenario" description="Runs Cucumber Scenarios" data-provider="scenarios" finished-at="2023-01-01T18:48:34 WIB" duration-ms="3614" status="PASS">
          <params>
            <param index="0">
              <value>
                <![CDATA["TCC.TMS.006 user invalid absen sakit"]]>
              </value>
            </param>
            <param index="1">
              <value>
                <![CDATA["Absen Admin Sakit"]]>
              </value>
            </param>
          </params>
          <reporter-output>
          </reporter-output>
        </test-method> <!-- runScenario -->
        <test-method signature="runScenario(io.cucumber.testng.PickleWrapper,io.cucumber.testng.FeatureWrapper)[pri:0, instance:com.juaracoding.cucumber.step_definitions.RunnerTest@56cdfb3b]" started-at="2023-01-01T18:48:34 WIB" name="runScenario" description="Runs Cucumber Scenarios" data-provider="scenarios" finished-at="2023-01-01T18:48:38 WIB" duration-ms="4858" status="PASS">
          <params>
            <param index="0">
              <value>
                <![CDATA["TCC.TMS.007 user invalid absen sakit"]]>
              </value>
            </param>
            <param index="1">
              <value>
                <![CDATA["Absen Admin Sakit"]]>
              </value>
            </param>
          </params>
          <reporter-output>
          </reporter-output>
        </test-method> <!-- runScenario -->
        <test-method signature="runScenario(io.cucumber.testng.PickleWrapper,io.cucumber.testng.FeatureWrapper)[pri:0, instance:com.juaracoding.cucumber.step_definitions.RunnerTest@56cdfb3b]" started-at="2023-01-01T18:48:38 WIB" name="runScenario" description="Runs Cucumber Scenarios" data-provider="scenarios" finished-at="2023-01-01T18:48:42 WIB" duration-ms="3472" status="PASS">
          <params>
            <param index="0">
              <value>
                <![CDATA["TCC.TMS.001 user valid absen sakit"]]>
              </value>
            </param>
            <param index="1">
              <value>
                <![CDATA["Absen Admin Sakit"]]>
              </value>
            </param>
          </params>
          <reporter-output>
          </reporter-output>
        </test-method> <!-- runScenario -->
        <test-method signature="runScenario(io.cucumber.testng.PickleWrapper,io.cucumber.testng.FeatureWrapper)[pri:0, instance:com.juaracoding.cucumber.step_definitions.RunnerTest@56cdfb3b]" started-at="2023-01-01T18:48:42 WIB" name="runScenario" description="Runs Cucumber Scenarios" data-provider="scenarios" finished-at="2023-01-01T18:48:46 WIB" duration-ms="3981" status="PASS">
          <params>
            <param index="0">
              <value>
                <![CDATA["TCC.TMS.002 admin search user sakit"]]>
              </value>
            </param>
            <param index="1">
              <value>
                <![CDATA["Absen Admin Sakit"]]>
              </value>
            </param>
          </params>
          <reporter-output>
          </reporter-output>
        </test-method> <!-- runScenario -->
        <test-method signature="runScenario(io.cucumber.testng.PickleWrapper,io.cucumber.testng.FeatureWrapper)[pri:0, instance:com.juaracoding.cucumber.step_definitions.RunnerTest@56cdfb3b]" started-at="2023-01-01T18:48:46 WIB" name="runScenario" description="Runs Cucumber Scenarios" data-provider="scenarios" finished-at="2023-01-01T18:48:49 WIB" duration-ms="2916" status="PASS">
          <params>
            <param index="0">
              <value>
                <![CDATA["TCC.TMS.003 user valid absen sakit branch spesifik"]]>
              </value>
            </param>
            <param index="1">
              <value>
                <![CDATA["Absen Admin Sakit"]]>
              </value>
            </param>
          </params>
          <reporter-output>
          </reporter-output>
        </test-method> <!-- runScenario -->
        <test-method signature="runScenario(io.cucumber.testng.PickleWrapper,io.cucumber.testng.FeatureWrapper)[pri:0, instance:com.juaracoding.cucumber.step_definitions.RunnerTest@56cdfb3b]" started-at="2023-01-01T18:48:49 WIB" name="runScenario" description="Runs Cucumber Scenarios" data-provider="scenarios" finished-at="2023-01-01T18:48:54 WIB" duration-ms="5613" status="PASS">
          <params>
            <param index="0">
              <value>
                <![CDATA["TCC.TMS.001 Admin menambahkan divisi baru"]]>
              </value>
            </param>
            <param index="1">
              <value>
                <![CDATA["Tambah Divisi"]]>
              </value>
            </param>
          </params>
          <reporter-output>
          </reporter-output>
        </test-method> <!-- runScenario -->
        <test-method signature="runScenario(io.cucumber.testng.PickleWrapper,io.cucumber.testng.FeatureWrapper)[pri:0, instance:com.juaracoding.cucumber.step_definitions.RunnerTest@56cdfb3b]" started-at="2023-01-01T18:48:54 WIB" name="runScenario" description="Runs Cucumber Scenarios" data-provider="scenarios" finished-at="2023-01-01T18:48:58 WIB" duration-ms="3745" status="PASS">
          <params>
            <param index="0">
              <value>
                <![CDATA["TCC.TMS.002 Admin tidak input nama divisi baru"]]>
              </value>
            </param>
            <param index="1">
              <value>
                <![CDATA["Tambah Divisi"]]>
              </value>
            </param>
          </params>
          <reporter-output>
          </reporter-output>
        </test-method> <!-- runScenario -->
        <test-method signature="runScenario(io.cucumber.testng.PickleWrapper,io.cucumber.testng.FeatureWrapper)[pri:0, instance:com.juaracoding.cucumber.step_definitions.RunnerTest@56cdfb3b]" started-at="2023-01-01T18:48:58 WIB" name="runScenario" description="Runs Cucumber Scenarios" data-provider="scenarios" finished-at="2023-01-01T18:49:00 WIB" duration-ms="2222" status="PASS">
          <params>
            <param index="0">
              <value>
                <![CDATA["TCC.TMS.003 Show Entries 10"]]>
              </value>
            </param>
            <param index="1">
              <value>
                <![CDATA["Tambah Divisi"]]>
              </value>
            </param>
          </params>
          <reporter-output>
          </reporter-output>
        </test-method> <!-- runScenario -->
        <test-method signature="runScenario(io.cucumber.testng.PickleWrapper,io.cucumber.testng.FeatureWrapper)[pri:0, instance:com.juaracoding.cucumber.step_definitions.RunnerTest@56cdfb3b]" started-at="2023-01-01T18:49:00 WIB" name="runScenario" description="Runs Cucumber Scenarios" data-provider="scenarios" finished-at="2023-01-01T18:49:32 WIB" duration-ms="31600" status="PASS">
          <params>
            <param index="0">
              <value>
                <![CDATA["TCC.TMS.004 Show Entries 25"]]>
              </value>
            </param>
            <param index="1">
              <value>
                <![CDATA["Tambah Divisi"]]>
              </value>
            </param>
          </params>
          <reporter-output>
          </reporter-output>
        </test-method> <!-- runScenario -->
        <test-method signature="runScenario(io.cucumber.testng.PickleWrapper,io.cucumber.testng.FeatureWrapper)[pri:0, instance:com.juaracoding.cucumber.step_definitions.RunnerTest@56cdfb3b]" started-at="2023-01-01T18:49:32 WIB" name="runScenario" description="Runs Cucumber Scenarios" data-provider="scenarios" finished-at="2023-01-01T18:49:34 WIB" duration-ms="1885" status="PASS">
          <params>
            <param index="0">
              <value>
                <![CDATA["TCC.TMS.005 Show Entries 50"]]>
              </value>
            </param>
            <param index="1">
              <value>
                <![CDATA["Tambah Divisi"]]>
              </value>
            </param>
          </params>
          <reporter-output>
          </reporter-output>
        </test-method> <!-- runScenario -->
        <test-method signature="runScenario(io.cucumber.testng.PickleWrapper,io.cucumber.testng.FeatureWrapper)[pri:0, instance:com.juaracoding.cucumber.step_definitions.RunnerTest@56cdfb3b]" started-at="2023-01-01T18:49:34 WIB" name="runScenario" description="Runs Cucumber Scenarios" data-provider="scenarios" finished-at="2023-01-01T18:49:36 WIB" duration-ms="1706" status="PASS">
          <params>
            <param index="0">
              <value>
                <![CDATA["TCC.TMS.006 Show Entries 100"]]>
              </value>
            </param>
            <param index="1">
              <value>
                <![CDATA["Tambah Divisi"]]>
              </value>
            </param>
          </params>
          <reporter-output>
          </reporter-output>
        </test-method> <!-- runScenario -->
        <test-method signature="runScenario(io.cucumber.testng.PickleWrapper,io.cucumber.testng.FeatureWrapper)[pri:0, instance:com.juaracoding.cucumber.step_definitions.RunnerTest@56cdfb3b]" started-at="2023-01-01T18:49:36 WIB" name="runScenario" description="Runs Cucumber Scenarios" data-provider="scenarios" finished-at="2023-01-01T18:49:37 WIB" duration-ms="1710" status="PASS">
          <params>
            <param index="0">
              <value>
                <![CDATA["TCC.TMS.007 Next Page"]]>
              </value>
            </param>
            <param index="1">
              <value>
                <![CDATA["Tambah Divisi"]]>
              </value>
            </param>
          </params>
          <reporter-output>
          </reporter-output>
        </test-method> <!-- runScenario -->
        <test-method signature="runScenario(io.cucumber.testng.PickleWrapper,io.cucumber.testng.FeatureWrapper)[pri:0, instance:com.juaracoding.cucumber.step_definitions.RunnerTest@56cdfb3b]" started-at="2023-01-01T18:49:37 WIB" name="runScenario" description="Runs Cucumber Scenarios" data-provider="scenarios" finished-at="2023-01-01T18:49:39 WIB" duration-ms="1672" status="PASS">
          <params>
            <param index="0">
              <value>
                <![CDATA["TCC.TMS.008 Nomor Page"]]>
              </value>
            </param>
            <param index="1">
              <value>
                <![CDATA["Tambah Divisi"]]>
              </value>
            </param>
          </params>
          <reporter-output>
          </reporter-output>
        </test-method> <!-- runScenario -->
        <test-method signature="runScenario(io.cucumber.testng.PickleWrapper,io.cucumber.testng.FeatureWrapper)[pri:0, instance:com.juaracoding.cucumber.step_definitions.RunnerTest@56cdfb3b]" started-at="2023-01-01T18:49:39 WIB" name="runScenario" description="Runs Cucumber Scenarios" data-provider="scenarios" finished-at="2023-01-01T18:49:41 WIB" duration-ms="1803" status="PASS">
          <params>
            <param index="0">
              <value>
                <![CDATA["TCC.TMS.009 Previous Page"]]>
              </value>
            </param>
            <param index="1">
              <value>
                <![CDATA["Tambah Divisi"]]>
              </value>
            </param>
          </params>
          <reporter-output>
          </reporter-output>
        </test-method> <!-- runScenario -->
        <test-method signature="runScenario(io.cucumber.testng.PickleWrapper,io.cucumber.testng.FeatureWrapper)[pri:0, instance:com.juaracoding.cucumber.step_definitions.RunnerTest@56cdfb3b]" started-at="2023-01-01T18:49:41 WIB" name="runScenario" description="Runs Cucumber Scenarios" data-provider="scenarios" finished-at="2023-01-01T18:49:47 WIB" duration-ms="5777" status="PASS">
          <params>
            <param index="0">
              <value>
                <![CDATA["TCC.TMS.010 Search Nama Divisi Ada"]]>
              </value>
            </param>
            <param index="1">
              <value>
                <![CDATA["Tambah Divisi"]]>
              </value>
            </param>
          </params>
          <reporter-output>
          </reporter-output>
        </test-method> <!-- runScenario -->
        <test-method signature="runScenario(io.cucumber.testng.PickleWrapper,io.cucumber.testng.FeatureWrapper)[pri:0, instance:com.juaracoding.cucumber.step_definitions.RunnerTest@56cdfb3b]" started-at="2023-01-01T18:49:47 WIB" name="runScenario" description="Runs Cucumber Scenarios" data-provider="scenarios" finished-at="2023-01-01T18:49:52 WIB" duration-ms="5823" status="PASS">
          <params>
            <param index="0">
              <value>
                <![CDATA["TCC.TMS.011 Search Nama Divisi Tidak Ada"]]>
              </value>
            </param>
            <param index="1">
              <value>
                <![CDATA["Tambah Divisi"]]>
              </value>
            </param>
          </params>
          <reporter-output>
          </reporter-output>
        </test-method> <!-- runScenario -->
        <test-method signature="runScenario(io.cucumber.testng.PickleWrapper,io.cucumber.testng.FeatureWrapper)[pri:0, instance:com.juaracoding.cucumber.step_definitions.RunnerTest@56cdfb3b]" started-at="2023-01-01T18:49:52 WIB" name="runScenario" description="Runs Cucumber Scenarios" data-provider="scenarios" finished-at="2023-01-01T18:49:58 WIB" duration-ms="5604" status="PASS">
          <params>
            <param index="0">
              <value>
                <![CDATA["TCC.TMS.012 Edit Division Name"]]>
              </value>
            </param>
            <param index="1">
              <value>
                <![CDATA["Tambah Divisi"]]>
              </value>
            </param>
          </params>
          <reporter-output>
          </reporter-output>
        </test-method> <!-- runScenario -->
        <test-method signature="runScenario(io.cucumber.testng.PickleWrapper,io.cucumber.testng.FeatureWrapper)[pri:0, instance:com.juaracoding.cucumber.step_definitions.RunnerTest@56cdfb3b]" started-at="2023-01-01T18:49:58 WIB" name="runScenario" description="Runs Cucumber Scenarios" data-provider="scenarios" finished-at="2023-01-01T18:50:07 WIB" duration-ms="8525" status="PASS">
          <params>
            <param index="0">
              <value>
                <![CDATA["TCC.TMS.013 admin menambahkan managemen divisi baru"]]>
              </value>
            </param>
            <param index="1">
              <value>
                <![CDATA["Managemen Divisi"]]>
              </value>
            </param>
          </params>
          <reporter-output>
          </reporter-output>
        </test-method> <!-- runScenario -->
        <test-method signature="runScenario(io.cucumber.testng.PickleWrapper,io.cucumber.testng.FeatureWrapper)[pri:0, instance:com.juaracoding.cucumber.step_definitions.RunnerTest@56cdfb3b]" started-at="2023-01-01T18:50:07 WIB" name="runScenario" description="Runs Cucumber Scenarios" data-provider="scenarios" finished-at="2023-01-01T18:50:15 WIB" duration-ms="8764" status="PASS">
          <params>
            <param index="0">
              <value>
                <![CDATA["TCC.TMS.014 admin menambahkan managemen divisi baru dup"]]>
              </value>
            </param>
            <param index="1">
              <value>
                <![CDATA["Managemen Divisi"]]>
              </value>
            </param>
          </params>
          <reporter-output>
          </reporter-output>
        </test-method> <!-- runScenario -->
        <test-method signature="runScenario(io.cucumber.testng.PickleWrapper,io.cucumber.testng.FeatureWrapper)[pri:0, instance:com.juaracoding.cucumber.step_definitions.RunnerTest@56cdfb3b]" started-at="2023-01-01T18:50:15 WIB" name="runScenario" description="Runs Cucumber Scenarios" data-provider="scenarios" finished-at="2023-01-01T18:50:22 WIB" duration-ms="6262" status="PASS">
          <params>
            <param index="0">
              <value>
                <![CDATA["TCC.TMS.015 admin menambahkan managemen divisi baru tanpa memilih nama divisi"]]>
              </value>
            </param>
            <param index="1">
              <value>
                <![CDATA["Managemen Divisi"]]>
              </value>
            </param>
          </params>
          <reporter-output>
          </reporter-output>
        </test-method> <!-- runScenario -->
        <test-method signature="runScenario(io.cucumber.testng.PickleWrapper,io.cucumber.testng.FeatureWrapper)[pri:0, instance:com.juaracoding.cucumber.step_definitions.RunnerTest@56cdfb3b]" started-at="2023-01-01T18:50:22 WIB" name="runScenario" description="Runs Cucumber Scenarios" data-provider="scenarios" finished-at="2023-01-01T18:50:28 WIB" duration-ms="6834" status="PASS">
          <params>
            <param index="0">
              <value>
                <![CDATA["TCC.TMS.016 admin menambahkan managemen divisi baru tanpa mengisi nik team leader"]]>
              </value>
            </param>
            <param index="1">
              <value>
                <![CDATA["Managemen Divisi"]]>
              </value>
            </param>
          </params>
          <reporter-output>
          </reporter-output>
        </test-method> <!-- runScenario -->
        <test-method signature="runScenario(io.cucumber.testng.PickleWrapper,io.cucumber.testng.FeatureWrapper)[pri:0, instance:com.juaracoding.cucumber.step_definitions.RunnerTest@56cdfb3b]" started-at="2023-01-01T18:50:28 WIB" name="runScenario" description="Runs Cucumber Scenarios" data-provider="scenarios" finished-at="2023-01-01T18:50:36 WIB" duration-ms="7596" status="PASS">
          <params>
            <param index="0">
              <value>
                <![CDATA["TCC.TMS.017 admin menambahkan managemen divisi baru tanpa mengisi nama supervisor"]]>
              </value>
            </param>
            <param index="1">
              <value>
                <![CDATA["Managemen Divisi"]]>
              </value>
            </param>
          </params>
          <reporter-output>
          </reporter-output>
        </test-method> <!-- runScenario -->
        <test-method signature="runScenario(io.cucumber.testng.PickleWrapper,io.cucumber.testng.FeatureWrapper)[pri:0, instance:com.juaracoding.cucumber.step_definitions.RunnerTest@56cdfb3b]" started-at="2023-01-01T18:50:36 WIB" name="runScenario" description="Runs Cucumber Scenarios" data-provider="scenarios" finished-at="2023-01-01T18:50:40 WIB" duration-ms="3557" status="PASS">
          <params>
            <param index="0">
              <value>
                <![CDATA["TCC.TMS.018 Show Entries 10 md"]]>
              </value>
            </param>
            <param index="1">
              <value>
                <![CDATA["Managemen Divisi"]]>
              </value>
            </param>
          </params>
          <reporter-output>
          </reporter-output>
        </test-method> <!-- runScenario -->
        <test-method signature="runScenario(io.cucumber.testng.PickleWrapper,io.cucumber.testng.FeatureWrapper)[pri:0, instance:com.juaracoding.cucumber.step_definitions.RunnerTest@56cdfb3b]" started-at="2023-01-01T18:50:40 WIB" name="runScenario" description="Runs Cucumber Scenarios" data-provider="scenarios" finished-at="2023-01-01T18:50:47 WIB" duration-ms="7255" status="PASS">
          <params>
            <param index="0">
              <value>
                <![CDATA["TCC.TMS.019 Show Entries 25 md"]]>
              </value>
            </param>
            <param index="1">
              <value>
                <![CDATA["Managemen Divisi"]]>
              </value>
            </param>
          </params>
          <reporter-output>
          </reporter-output>
        </test-method> <!-- runScenario -->
        <test-method signature="runScenario(io.cucumber.testng.PickleWrapper,io.cucumber.testng.FeatureWrapper)[pri:0, instance:com.juaracoding.cucumber.step_definitions.RunnerTest@56cdfb3b]" started-at="2023-01-01T18:50:47 WIB" name="runScenario" description="Runs Cucumber Scenarios" data-provider="scenarios" finished-at="2023-01-01T18:50:50 WIB" duration-ms="2745" status="PASS">
          <params>
            <param index="0">
              <value>
                <![CDATA["TCC.TMS.020 Show Entries 50 md"]]>
              </value>
            </param>
            <param index="1">
              <value>
                <![CDATA["Managemen Divisi"]]>
              </value>
            </param>
          </params>
          <reporter-output>
          </reporter-output>
        </test-method> <!-- runScenario -->
        <test-method signature="runScenario(io.cucumber.testng.PickleWrapper,io.cucumber.testng.FeatureWrapper)[pri:0, instance:com.juaracoding.cucumber.step_definitions.RunnerTest@56cdfb3b]" started-at="2023-01-01T18:50:50 WIB" name="runScenario" description="Runs Cucumber Scenarios" data-provider="scenarios" finished-at="2023-01-01T18:50:58 WIB" duration-ms="8399" status="PASS">
          <params>
            <param index="0">
              <value>
                <![CDATA["TCC.TMS.021 Show Entries 100 md"]]>
              </value>
            </param>
            <param index="1">
              <value>
                <![CDATA["Managemen Divisi"]]>
              </value>
            </param>
          </params>
          <reporter-output>
          </reporter-output>
        </test-method> <!-- runScenario -->
        <test-method signature="runScenario(io.cucumber.testng.PickleWrapper,io.cucumber.testng.FeatureWrapper)[pri:0, instance:com.juaracoding.cucumber.step_definitions.RunnerTest@56cdfb3b]" started-at="2023-01-01T18:50:58 WIB" name="runScenario" description="Runs Cucumber Scenarios" data-provider="scenarios" finished-at="2023-01-01T18:51:00 WIB" duration-ms="1987" status="PASS">
          <params>
            <param index="0">
              <value>
                <![CDATA["TCC.TMS.022 Next Page md"]]>
              </value>
            </param>
            <param index="1">
              <value>
                <![CDATA["Managemen Divisi"]]>
              </value>
            </param>
          </params>
          <reporter-output>
          </reporter-output>
        </test-method> <!-- runScenario -->
        <test-method signature="runScenario(io.cucumber.testng.PickleWrapper,io.cucumber.testng.FeatureWrapper)[pri:0, instance:com.juaracoding.cucumber.step_definitions.RunnerTest@56cdfb3b]" started-at="2023-01-01T18:51:00 WIB" name="runScenario" description="Runs Cucumber Scenarios" data-provider="scenarios" finished-at="2023-01-01T18:51:05 WIB" duration-ms="4666" status="PASS">
          <params>
            <param index="0">
              <value>
                <![CDATA["TCC.TMS.023 Nomor Page md"]]>
              </value>
            </param>
            <param index="1">
              <value>
                <![CDATA["Managemen Divisi"]]>
              </value>
            </param>
          </params>
          <reporter-output>
          </reporter-output>
        </test-method> <!-- runScenario -->
        <test-method signature="runScenario(io.cucumber.testng.PickleWrapper,io.cucumber.testng.FeatureWrapper)[pri:0, instance:com.juaracoding.cucumber.step_definitions.RunnerTest@56cdfb3b]" started-at="2023-01-01T18:51:05 WIB" name="runScenario" description="Runs Cucumber Scenarios" data-provider="scenarios" finished-at="2023-01-01T18:51:08 WIB" duration-ms="3704" status="PASS">
          <params>
            <param index="0">
              <value>
                <![CDATA["TCC.TMS.024 Previous Page md"]]>
              </value>
            </param>
            <param index="1">
              <value>
                <![CDATA["Managemen Divisi"]]>
              </value>
            </param>
          </params>
          <reporter-output>
          </reporter-output>
        </test-method> <!-- runScenario -->
        <test-method signature="runScenario(io.cucumber.testng.PickleWrapper,io.cucumber.testng.FeatureWrapper)[pri:0, instance:com.juaracoding.cucumber.step_definitions.RunnerTest@56cdfb3b]" started-at="2023-01-01T18:51:08 WIB" name="runScenario" description="Runs Cucumber Scenarios" data-provider="scenarios" finished-at="2023-01-01T18:51:14 WIB" duration-ms="6031" status="PASS">
          <params>
            <param index="0">
              <value>
                <![CDATA["TCC.TMS.025 Search Nama Divisi Ada md"]]>
              </value>
            </param>
            <param index="1">
              <value>
                <![CDATA["Managemen Divisi"]]>
              </value>
            </param>
          </params>
          <reporter-output>
          </reporter-output>
        </test-method> <!-- runScenario -->
        <test-method signature="runScenario(io.cucumber.testng.PickleWrapper,io.cucumber.testng.FeatureWrapper)[pri:0, instance:com.juaracoding.cucumber.step_definitions.RunnerTest@56cdfb3b]" started-at="2023-01-01T18:51:14 WIB" name="runScenario" description="Runs Cucumber Scenarios" data-provider="scenarios" finished-at="2023-01-01T18:51:21 WIB" duration-ms="6413" status="PASS">
          <params>
            <param index="0">
              <value>
                <![CDATA["TCC.TMS.026 Search Nama Divisi Tidak Ada md"]]>
              </value>
            </param>
            <param index="1">
              <value>
                <![CDATA["Managemen Divisi"]]>
              </value>
            </param>
          </params>
          <reporter-output>
          </reporter-output>
        </test-method> <!-- runScenario -->
        <test-method signature="runScenario(io.cucumber.testng.PickleWrapper,io.cucumber.testng.FeatureWrapper)[pri:0, instance:com.juaracoding.cucumber.step_definitions.RunnerTest@56cdfb3b]" started-at="2023-01-01T18:51:21 WIB" name="runScenario" description="Runs Cucumber Scenarios" data-provider="scenarios" finished-at="2023-01-01T18:51:26 WIB" duration-ms="5164" status="PASS">
          <params>
            <param index="0">
              <value>
                <![CDATA["TCC.TMS.027 Edit Division Name md"]]>
              </value>
            </param>
            <param index="1">
              <value>
                <![CDATA["Managemen Divisi"]]>
              </value>
            </param>
          </params>
          <reporter-output>
          </reporter-output>
        </test-method> <!-- runScenario -->
        <test-method signature="runScenario(io.cucumber.testng.PickleWrapper,io.cucumber.testng.FeatureWrapper)[pri:0, instance:com.juaracoding.cucumber.step_definitions.RunnerTest@56cdfb3b]" started-at="2023-01-01T18:51:26 WIB" name="runScenario" description="Runs Cucumber Scenarios" data-provider="scenarios" finished-at="2023-01-01T18:51:30 WIB" duration-ms="3863" status="PASS">
          <params>
            <param index="0">
              <value>
                <![CDATA["TCC.TMS.028 Delete Division Name md"]]>
              </value>
            </param>
            <param index="1">
              <value>
                <![CDATA["Managemen Divisi"]]>
              </value>
            </param>
          </params>
          <reporter-output>
          </reporter-output>
        </test-method> <!-- runScenario -->
        <test-method signature="runScenario(io.cucumber.testng.PickleWrapper,io.cucumber.testng.FeatureWrapper)[pri:0, instance:com.juaracoding.cucumber.step_definitions.RunnerTest@56cdfb3b]" started-at="2023-01-01T18:51:30 WIB" name="runScenario" description="Runs Cucumber Scenarios" data-provider="scenarios" finished-at="2023-01-01T18:51:33 WIB" duration-ms="3102" status="PASS">
          <params>
            <param index="0">
              <value>
                <![CDATA["Add data parameter shifting invalid"]]>
              </value>
            </param>
            <param index="1">
              <value>
                <![CDATA["Parameter Shifting"]]>
              </value>
            </param>
          </params>
          <reporter-output>
          </reporter-output>
        </test-method> <!-- runScenario -->
        <test-method signature="runScenario(io.cucumber.testng.PickleWrapper,io.cucumber.testng.FeatureWrapper)[pri:0, instance:com.juaracoding.cucumber.step_definitions.RunnerTest@56cdfb3b]" started-at="2023-01-01T18:51:33 WIB" name="runScenario" description="Runs Cucumber Scenarios" data-provider="scenarios" finished-at="2023-01-01T18:51:38 WIB" duration-ms="4820" status="PASS">
          <params>
            <param index="0">
              <value>
                <![CDATA["Add data parameter shifting valid"]]>
              </value>
            </param>
            <param index="1">
              <value>
                <![CDATA["Parameter Shifting"]]>
              </value>
            </param>
          </params>
          <reporter-output>
          </reporter-output>
        </test-method> <!-- runScenario -->
        <test-method signature="runScenario(io.cucumber.testng.PickleWrapper,io.cucumber.testng.FeatureWrapper)[pri:0, instance:com.juaracoding.cucumber.step_definitions.RunnerTest@56cdfb3b]" started-at="2023-01-01T18:51:38 WIB" name="runScenario" description="Runs Cucumber Scenarios" data-provider="scenarios" finished-at="2023-01-01T18:51:41 WIB" duration-ms="3522" status="PASS">
          <params>
            <param index="0">
              <value>
                <![CDATA["Cancel Add data parameter shifting"]]>
              </value>
            </param>
            <param index="1">
              <value>
                <![CDATA["Parameter Shifting"]]>
              </value>
            </param>
          </params>
          <reporter-output>
          </reporter-output>
        </test-method> <!-- runScenario -->
        <test-method signature="runScenario(io.cucumber.testng.PickleWrapper,io.cucumber.testng.FeatureWrapper)[pri:0, instance:com.juaracoding.cucumber.step_definitions.RunnerTest@56cdfb3b]" started-at="2023-01-01T18:51:41 WIB" name="runScenario" description="Runs Cucumber Scenarios" data-provider="scenarios" finished-at="2023-01-01T18:51:46 WIB" duration-ms="4997" status="FAIL">
          <params>
            <param index="0">
              <value>
                <![CDATA["Edit data parameter shifting invalid"]]>
              </value>
            </param>
            <param index="1">
              <value>
                <![CDATA["Parameter Shifting"]]>
              </value>
            </param>
          </params>
          <exception class="java.lang.AssertionError">
            <message>
              <![CDATA[expected [Form Add] but found [Tambah]]]>
            </message>
            <full-stacktrace>
              <![CDATA[java.lang.AssertionError: expected [Form Add] but found [Tambah]
at org.testng.Assert.fail(Assert.java:99)
at org.testng.Assert.failNotEquals(Assert.java:1037)
at org.testng.Assert.assertEqualsImpl(Assert.java:140)
at org.testng.Assert.assertEquals(Assert.java:122)
at org.testng.Assert.assertEquals(Assert.java:629)
at org.testng.Assert.assertEquals(Assert.java:639)
at com.juaracoding.cucumber.step_definitions.TestParameterShifting.user_get_field_edit_null_alert_shifting(TestParameterShifting.java:91)
at ✽.User get field edit null alert shifting(file:///C:/Users/fauza/git/Kelompok-3-TMS/src/main/resources/features/07.ParameterShifting.feature:27)
]]>
            </full-stacktrace>
          </exception> <!-- java.lang.AssertionError -->
          <reporter-output>
          </reporter-output>
        </test-method> <!-- runScenario -->
        <test-method signature="runScenario(io.cucumber.testng.PickleWrapper,io.cucumber.testng.FeatureWrapper)[pri:0, instance:com.juaracoding.cucumber.step_definitions.RunnerTest@56cdfb3b]" started-at="2023-01-01T18:51:46 WIB" name="runScenario" description="Runs Cucumber Scenarios" data-provider="scenarios" finished-at="2023-01-01T18:51:52 WIB" duration-ms="5782" status="PASS">
          <params>
            <param index="0">
              <value>
                <![CDATA["Edit data parameter shifting valid"]]>
              </value>
            </param>
            <param index="1">
              <value>
                <![CDATA["Parameter Shifting"]]>
              </value>
            </param>
          </params>
          <reporter-output>
          </reporter-output>
        </test-method> <!-- runScenario -->
        <test-method signature="runScenario(io.cucumber.testng.PickleWrapper,io.cucumber.testng.FeatureWrapper)[pri:0, instance:com.juaracoding.cucumber.step_definitions.RunnerTest@56cdfb3b]" started-at="2023-01-01T18:51:52 WIB" name="runScenario" description="Runs Cucumber Scenarios" data-provider="scenarios" finished-at="2023-01-01T18:51:57 WIB" duration-ms="4749" status="PASS">
          <params>
            <param index="0">
              <value>
                <![CDATA["Delete data parameter shifting"]]>
              </value>
            </param>
            <param index="1">
              <value>
                <![CDATA["Parameter Shifting"]]>
              </value>
            </param>
          </params>
          <reporter-output>
          </reporter-output>
        </test-method> <!-- runScenario -->
        <test-method signature="runScenario(io.cucumber.testng.PickleWrapper,io.cucumber.testng.FeatureWrapper)[pri:0, instance:com.juaracoding.cucumber.step_definitions.RunnerTest@56cdfb3b]" started-at="2023-01-01T18:51:57 WIB" name="runScenario" description="Runs Cucumber Scenarios" data-provider="scenarios" finished-at="2023-01-01T18:51:59 WIB" duration-ms="1750" status="PASS">
          <params>
            <param index="0">
              <value>
                <![CDATA["Cancel delete data parameter shifting"]]>
              </value>
            </param>
            <param index="1">
              <value>
                <![CDATA["Parameter Shifting"]]>
              </value>
            </param>
          </params>
          <reporter-output>
          </reporter-output>
        </test-method> <!-- runScenario -->
        <test-method signature="runScenario(io.cucumber.testng.PickleWrapper,io.cucumber.testng.FeatureWrapper)[pri:0, instance:com.juaracoding.cucumber.step_definitions.RunnerTest@56cdfb3b]" started-at="2023-01-01T18:51:59 WIB" name="runScenario" description="Runs Cucumber Scenarios" data-provider="scenarios" finished-at="2023-01-01T18:52:00 WIB" duration-ms="1815" status="PASS">
          <params>
            <param index="0">
              <value>
                <![CDATA["Show 10 data parameter shifting"]]>
              </value>
            </param>
            <param index="1">
              <value>
                <![CDATA["Parameter Shifting"]]>
              </value>
            </param>
          </params>
          <reporter-output>
          </reporter-output>
        </test-method> <!-- runScenario -->
        <test-method signature="runScenario(io.cucumber.testng.PickleWrapper,io.cucumber.testng.FeatureWrapper)[pri:0, instance:com.juaracoding.cucumber.step_definitions.RunnerTest@56cdfb3b]" started-at="2023-01-01T18:52:00 WIB" name="runScenario" description="Runs Cucumber Scenarios" data-provider="scenarios" finished-at="2023-01-01T18:52:02 WIB" duration-ms="1698" status="PASS">
          <params>
            <param index="0">
              <value>
                <![CDATA["Show 25 data parameter shifting"]]>
              </value>
            </param>
            <param index="1">
              <value>
                <![CDATA["Parameter Shifting"]]>
              </value>
            </param>
          </params>
          <reporter-output>
          </reporter-output>
        </test-method> <!-- runScenario -->
        <test-method signature="runScenario(io.cucumber.testng.PickleWrapper,io.cucumber.testng.FeatureWrapper)[pri:0, instance:com.juaracoding.cucumber.step_definitions.RunnerTest@56cdfb3b]" started-at="2023-01-01T18:52:02 WIB" name="runScenario" description="Runs Cucumber Scenarios" data-provider="scenarios" finished-at="2023-01-01T18:52:04 WIB" duration-ms="1738" status="PASS">
          <params>
            <param index="0">
              <value>
                <![CDATA["Show 50 data parameter shifting"]]>
              </value>
            </param>
            <param index="1">
              <value>
                <![CDATA["Parameter Shifting"]]>
              </value>
            </param>
          </params>
          <reporter-output>
          </reporter-output>
        </test-method> <!-- runScenario -->
        <test-method signature="runScenario(io.cucumber.testng.PickleWrapper,io.cucumber.testng.FeatureWrapper)[pri:0, instance:com.juaracoding.cucumber.step_definitions.RunnerTest@56cdfb3b]" started-at="2023-01-01T18:52:04 WIB" name="runScenario" description="Runs Cucumber Scenarios" data-provider="scenarios" finished-at="2023-01-01T18:52:06 WIB" duration-ms="1732" status="PASS">
          <params>
            <param index="0">
              <value>
                <![CDATA["Show 100 data parameter shifting"]]>
              </value>
            </param>
            <param index="1">
              <value>
                <![CDATA["Parameter Shifting"]]>
              </value>
            </param>
          </params>
          <reporter-output>
          </reporter-output>
        </test-method> <!-- runScenario -->
        <test-method signature="runScenario(io.cucumber.testng.PickleWrapper,io.cucumber.testng.FeatureWrapper)[pri:0, instance:com.juaracoding.cucumber.step_definitions.RunnerTest@56cdfb3b]" started-at="2023-01-01T18:52:06 WIB" name="runScenario" description="Runs Cucumber Scenarios" data-provider="scenarios" finished-at="2023-01-01T18:52:07 WIB" duration-ms="1723" status="PASS">
          <params>
            <param index="0">
              <value>
                <![CDATA["Search data parameter shifting"]]>
              </value>
            </param>
            <param index="1">
              <value>
                <![CDATA["Parameter Shifting"]]>
              </value>
            </param>
          </params>
          <reporter-output>
          </reporter-output>
        </test-method> <!-- runScenario -->
        <test-method signature="runScenario(io.cucumber.testng.PickleWrapper,io.cucumber.testng.FeatureWrapper)[pri:0, instance:com.juaracoding.cucumber.step_definitions.RunnerTest@56cdfb3b]" started-at="2023-01-01T18:52:07 WIB" name="runScenario" description="Runs Cucumber Scenarios" data-provider="scenarios" finished-at="2023-01-01T18:52:10 WIB" duration-ms="2563" status="PASS">
          <params>
            <param index="0">
              <value>
                <![CDATA["Add data kerja penempatan invalid"]]>
              </value>
            </param>
            <param index="1">
              <value>
                <![CDATA["Kerja Penempatan"]]>
              </value>
            </param>
          </params>
          <reporter-output>
          </reporter-output>
        </test-method> <!-- runScenario -->
        <test-method signature="runScenario(io.cucumber.testng.PickleWrapper,io.cucumber.testng.FeatureWrapper)[pri:0, instance:com.juaracoding.cucumber.step_definitions.RunnerTest@56cdfb3b]" started-at="2023-01-01T18:52:10 WIB" name="runScenario" description="Runs Cucumber Scenarios" data-provider="scenarios" finished-at="2023-01-01T18:52:13 WIB" duration-ms="3620" status="PASS">
          <params>
            <param index="0">
              <value>
                <![CDATA["Add data kerja penempatan valid"]]>
              </value>
            </param>
            <param index="1">
              <value>
                <![CDATA["Kerja Penempatan"]]>
              </value>
            </param>
          </params>
          <reporter-output>
          </reporter-output>
        </test-method> <!-- runScenario -->
        <test-method signature="runScenario(io.cucumber.testng.PickleWrapper,io.cucumber.testng.FeatureWrapper)[pri:0, instance:com.juaracoding.cucumber.step_definitions.RunnerTest@56cdfb3b]" started-at="2023-01-01T18:52:13 WIB" name="runScenario" description="Runs Cucumber Scenarios" data-provider="scenarios" finished-at="2023-01-01T18:52:24 WIB" duration-ms="10738" status="PASS">
          <params>
            <param index="0">
              <value>
                <![CDATA["Edit data kerja penempatan invalid"]]>
              </value>
            </param>
            <param index="1">
              <value>
                <![CDATA["Kerja Penempatan"]]>
              </value>
            </param>
          </params>
          <reporter-output>
          </reporter-output>
        </test-method> <!-- runScenario -->
        <test-method signature="runScenario(io.cucumber.testng.PickleWrapper,io.cucumber.testng.FeatureWrapper)[pri:0, instance:com.juaracoding.cucumber.step_definitions.RunnerTest@56cdfb3b]" started-at="2023-01-01T18:52:24 WIB" name="runScenario" description="Runs Cucumber Scenarios" data-provider="scenarios" finished-at="2023-01-01T18:52:28 WIB" duration-ms="3612" status="PASS">
          <params>
            <param index="0">
              <value>
                <![CDATA["Edit data kerja penempatan valid"]]>
              </value>
            </param>
            <param index="1">
              <value>
                <![CDATA["Kerja Penempatan"]]>
              </value>
            </param>
          </params>
          <reporter-output>
          </reporter-output>
        </test-method> <!-- runScenario -->
        <test-method signature="runScenario(io.cucumber.testng.PickleWrapper,io.cucumber.testng.FeatureWrapper)[pri:0, instance:com.juaracoding.cucumber.step_definitions.RunnerTest@56cdfb3b]" started-at="2023-01-01T18:52:28 WIB" name="runScenario" description="Runs Cucumber Scenarios" data-provider="scenarios" finished-at="2023-01-01T18:52:45 WIB" duration-ms="17215" status="PASS">
          <params>
            <param index="0">
              <value>
                <![CDATA["Cancel edit data kerja penempatan"]]>
              </value>
            </param>
            <param index="1">
              <value>
                <![CDATA["Kerja Penempatan"]]>
              </value>
            </param>
          </params>
          <reporter-output>
          </reporter-output>
        </test-method> <!-- runScenario -->
        <test-method signature="runScenario(io.cucumber.testng.PickleWrapper,io.cucumber.testng.FeatureWrapper)[pri:0, instance:com.juaracoding.cucumber.step_definitions.RunnerTest@56cdfb3b]" started-at="2023-01-01T18:52:45 WIB" name="runScenario" description="Runs Cucumber Scenarios" data-provider="scenarios" finished-at="2023-01-01T18:52:48 WIB" duration-ms="2787" status="PASS">
          <params>
            <param index="0">
              <value>
                <![CDATA["Show 10 data kerja penempatan"]]>
              </value>
            </param>
            <param index="1">
              <value>
                <![CDATA["Kerja Penempatan"]]>
              </value>
            </param>
          </params>
          <reporter-output>
          </reporter-output>
        </test-method> <!-- runScenario -->
        <test-method signature="runScenario(io.cucumber.testng.PickleWrapper,io.cucumber.testng.FeatureWrapper)[pri:0, instance:com.juaracoding.cucumber.step_definitions.RunnerTest@56cdfb3b]" started-at="2023-01-01T18:52:48 WIB" name="runScenario" description="Runs Cucumber Scenarios" data-provider="scenarios" finished-at="2023-01-01T18:52:51 WIB" duration-ms="2951" status="PASS">
          <params>
            <param index="0">
              <value>
                <![CDATA["Show 25 data kerja penempatan"]]>
              </value>
            </param>
            <param index="1">
              <value>
                <![CDATA["Kerja Penempatan"]]>
              </value>
            </param>
          </params>
          <reporter-output>
          </reporter-output>
        </test-method> <!-- runScenario -->
        <test-method signature="runScenario(io.cucumber.testng.PickleWrapper,io.cucumber.testng.FeatureWrapper)[pri:0, instance:com.juaracoding.cucumber.step_definitions.RunnerTest@56cdfb3b]" started-at="2023-01-01T18:52:51 WIB" name="runScenario" description="Runs Cucumber Scenarios" data-provider="scenarios" finished-at="2023-01-01T18:52:54 WIB" duration-ms="2784" status="PASS">
          <params>
            <param index="0">
              <value>
                <![CDATA["Show 50 data kerja penempatan"]]>
              </value>
            </param>
            <param index="1">
              <value>
                <![CDATA["Kerja Penempatan"]]>
              </value>
            </param>
          </params>
          <reporter-output>
          </reporter-output>
        </test-method> <!-- runScenario -->
        <test-method signature="runScenario(io.cucumber.testng.PickleWrapper,io.cucumber.testng.FeatureWrapper)[pri:0, instance:com.juaracoding.cucumber.step_definitions.RunnerTest@56cdfb3b]" started-at="2023-01-01T18:52:54 WIB" name="runScenario" description="Runs Cucumber Scenarios" data-provider="scenarios" finished-at="2023-01-01T18:52:56 WIB" duration-ms="2783" status="PASS">
          <params>
            <param index="0">
              <value>
                <![CDATA["Show 100 data kerja penempatan"]]>
              </value>
            </param>
            <param index="1">
              <value>
                <![CDATA["Kerja Penempatan"]]>
              </value>
            </param>
          </params>
          <reporter-output>
          </reporter-output>
        </test-method> <!-- runScenario -->
        <test-method signature="runScenario(io.cucumber.testng.PickleWrapper,io.cucumber.testng.FeatureWrapper)[pri:0, instance:com.juaracoding.cucumber.step_definitions.RunnerTest@56cdfb3b]" started-at="2023-01-01T18:52:56 WIB" name="runScenario" description="Runs Cucumber Scenarios" data-provider="scenarios" finished-at="2023-01-01T18:52:58 WIB" duration-ms="1931" status="PASS">
          <params>
            <param index="0">
              <value>
                <![CDATA["Search data kerja penempatan"]]>
              </value>
            </param>
            <param index="1">
              <value>
                <![CDATA["Kerja Penempatan"]]>
              </value>
            </param>
          </params>
          <reporter-output>
          </reporter-output>
        </test-method> <!-- runScenario -->
        <test-method signature="runScenario(io.cucumber.testng.PickleWrapper,io.cucumber.testng.FeatureWrapper)[pri:0, instance:com.juaracoding.cucumber.step_definitions.RunnerTest@56cdfb3b]" started-at="2023-01-01T18:52:58 WIB" name="runScenario" description="Runs Cucumber Scenarios" data-provider="scenarios" finished-at="2023-01-01T18:53:01 WIB" duration-ms="2528" status="PASS">
          <params>
            <param index="0">
              <value>
                <![CDATA["Add data master position invalid"]]>
              </value>
            </param>
            <param index="1">
              <value>
                <![CDATA["Master Position"]]>
              </value>
            </param>
          </params>
          <reporter-output>
          </reporter-output>
        </test-method> <!-- runScenario -->
        <test-method signature="runScenario(io.cucumber.testng.PickleWrapper,io.cucumber.testng.FeatureWrapper)[pri:0, instance:com.juaracoding.cucumber.step_definitions.RunnerTest@56cdfb3b]" started-at="2023-01-01T18:53:01 WIB" name="runScenario" description="Runs Cucumber Scenarios" data-provider="scenarios" finished-at="2023-01-01T18:53:02 WIB" duration-ms="1072" status="PASS">
          <params>
            <param index="0">
              <value>
                <![CDATA["Add data master position valid"]]>
              </value>
            </param>
            <param index="1">
              <value>
                <![CDATA["Master Position"]]>
              </value>
            </param>
          </params>
          <reporter-output>
          </reporter-output>
        </test-method> <!-- runScenario -->
        <test-method signature="runScenario(io.cucumber.testng.PickleWrapper,io.cucumber.testng.FeatureWrapper)[pri:0, instance:com.juaracoding.cucumber.step_definitions.RunnerTest@56cdfb3b]" started-at="2023-01-01T18:53:02 WIB" name="runScenario" description="Runs Cucumber Scenarios" data-provider="scenarios" finished-at="2023-01-01T18:53:05 WIB" duration-ms="2899" status="PASS">
          <params>
            <param index="0">
              <value>
                <![CDATA["Edit data master position invalid"]]>
              </value>
            </param>
            <param index="1">
              <value>
                <![CDATA["Master Position"]]>
              </value>
            </param>
          </params>
          <reporter-output>
          </reporter-output>
        </test-method> <!-- runScenario -->
        <test-method signature="runScenario(io.cucumber.testng.PickleWrapper,io.cucumber.testng.FeatureWrapper)[pri:0, instance:com.juaracoding.cucumber.step_definitions.RunnerTest@56cdfb3b]" started-at="2023-01-01T18:53:05 WIB" name="runScenario" description="Runs Cucumber Scenarios" data-provider="scenarios" finished-at="2023-01-01T18:53:08 WIB" duration-ms="3154" status="PASS">
          <params>
            <param index="0">
              <value>
                <![CDATA["Edit data master position valid"]]>
              </value>
            </param>
            <param index="1">
              <value>
                <![CDATA["Master Position"]]>
              </value>
            </param>
          </params>
          <reporter-output>
          </reporter-output>
        </test-method> <!-- runScenario -->
        <test-method signature="runScenario(io.cucumber.testng.PickleWrapper,io.cucumber.testng.FeatureWrapper)[pri:0, instance:com.juaracoding.cucumber.step_definitions.RunnerTest@56cdfb3b]" started-at="2023-01-01T18:53:08 WIB" name="runScenario" description="Runs Cucumber Scenarios" data-provider="scenarios" finished-at="2023-01-01T18:53:10 WIB" duration-ms="2257" status="FAIL">
          <params>
            <param index="0">
              <value>
                <![CDATA["Cancel edit data master position"]]>
              </value>
            </param>
            <param index="1">
              <value>
                <![CDATA["Master Position"]]>
              </value>
            </param>
          </params>
          <exception class="java.lang.AssertionError">
            <message>
              <![CDATA[expected [https://dev.ptdika.com/tiket.com/position_tms/master_p_tms] but found [https://dev.ptdika.com/tiket.com/position_tms]]]>
            </message>
            <full-stacktrace>
              <![CDATA[java.lang.AssertionError: expected [https://dev.ptdika.com/tiket.com/position_tms/master_p_tms] but found [https://dev.ptdika.com/tiket.com/position_tms]
at org.testng.Assert.fail(Assert.java:99)
at org.testng.Assert.failNotEquals(Assert.java:1037)
at org.testng.Assert.assertEqualsImpl(Assert.java:140)
at org.testng.Assert.assertEquals(Assert.java:122)
at org.testng.Assert.assertEquals(Assert.java:629)
at org.testng.Assert.assertEquals(Assert.java:639)
at com.juaracoding.cucumber.step_definitions.TestMasterPosition.user_back_to_master_position_page(TestMasterPosition.java:112)
at ✽.User back to master position page(file:///C:/Users/fauza/git/Kelompok-3-TMS/src/main/resources/features/09.MasterPosition.feature:33)
]]>
            </full-stacktrace>
          </exception> <!-- java.lang.AssertionError -->
          <reporter-output>
          </reporter-output>
        </test-method> <!-- runScenario -->
        <test-method signature="runScenario(io.cucumber.testng.PickleWrapper,io.cucumber.testng.FeatureWrapper)[pri:0, instance:com.juaracoding.cucumber.step_definitions.RunnerTest@56cdfb3b]" started-at="2023-01-01T18:53:10 WIB" name="runScenario" description="Runs Cucumber Scenarios" data-provider="scenarios" finished-at="2023-01-01T18:53:13 WIB" duration-ms="2699" status="PASS">
          <params>
            <param index="0">
              <value>
                <![CDATA["Show 10 data kerja position"]]>
              </value>
            </param>
            <param index="1">
              <value>
                <![CDATA["Master Position"]]>
              </value>
            </param>
          </params>
          <reporter-output>
          </reporter-output>
        </test-method> <!-- runScenario -->
        <test-method signature="runScenario(io.cucumber.testng.PickleWrapper,io.cucumber.testng.FeatureWrapper)[pri:0, instance:com.juaracoding.cucumber.step_definitions.RunnerTest@56cdfb3b]" started-at="2023-01-01T18:53:13 WIB" name="runScenario" description="Runs Cucumber Scenarios" data-provider="scenarios" finished-at="2023-01-01T18:53:15 WIB" duration-ms="1958" status="PASS">
          <params>
            <param index="0">
              <value>
                <![CDATA["Show 25 data kerja position"]]>
              </value>
            </param>
            <param index="1">
              <value>
                <![CDATA["Master Position"]]>
              </value>
            </param>
          </params>
          <reporter-output>
          </reporter-output>
        </test-method> <!-- runScenario -->
        <test-method signature="runScenario(io.cucumber.testng.PickleWrapper,io.cucumber.testng.FeatureWrapper)[pri:0, instance:com.juaracoding.cucumber.step_definitions.RunnerTest@56cdfb3b]" started-at="2023-01-01T18:53:15 WIB" name="runScenario" description="Runs Cucumber Scenarios" data-provider="scenarios" finished-at="2023-01-01T18:53:17 WIB" duration-ms="1829" status="PASS">
          <params>
            <param index="0">
              <value>
                <![CDATA["Show 50 data kerja position"]]>
              </value>
            </param>
            <param index="1">
              <value>
                <![CDATA["Master Position"]]>
              </value>
            </param>
          </params>
          <reporter-output>
          </reporter-output>
        </test-method> <!-- runScenario -->
        <test-method signature="runScenario(io.cucumber.testng.PickleWrapper,io.cucumber.testng.FeatureWrapper)[pri:0, instance:com.juaracoding.cucumber.step_definitions.RunnerTest@56cdfb3b]" started-at="2023-01-01T18:53:17 WIB" name="runScenario" description="Runs Cucumber Scenarios" data-provider="scenarios" finished-at="2023-01-01T18:53:18 WIB" duration-ms="1742" status="PASS">
          <params>
            <param index="0">
              <value>
                <![CDATA["Show 100 data kerja position"]]>
              </value>
            </param>
            <param index="1">
              <value>
                <![CDATA["Master Position"]]>
              </value>
            </param>
          </params>
          <reporter-output>
          </reporter-output>
        </test-method> <!-- runScenario -->
        <test-method signature="runScenario(io.cucumber.testng.PickleWrapper,io.cucumber.testng.FeatureWrapper)[pri:0, instance:com.juaracoding.cucumber.step_definitions.RunnerTest@56cdfb3b]" started-at="2023-01-01T18:53:18 WIB" name="runScenario" description="Runs Cucumber Scenarios" data-provider="scenarios" finished-at="2023-01-01T18:53:20 WIB" duration-ms="1925" status="PASS">
          <params>
            <param index="0">
              <value>
                <![CDATA["Search data kerja position"]]>
              </value>
            </param>
            <param index="1">
              <value>
                <![CDATA["Master Position"]]>
              </value>
            </param>
          </params>
          <reporter-output>
          </reporter-output>
        </test-method> <!-- runScenario -->
        <test-method is-config="true" signature="tearDownClass()[pri:0, instance:com.juaracoding.cucumber.step_definitions.RunnerTest@56cdfb3b]" started-at="2023-01-01T18:53:20 WIB" name="tearDownClass" finished-at="2023-01-01T18:53:24 WIB" duration-ms="3263" status="PASS">
          <reporter-output>
          </reporter-output>
        </test-method> <!-- tearDownClass -->
      </class> <!-- com.juaracoding.cucumber.step_definitions.RunnerTest -->
    </test> <!-- Default test -->
  </suite> <!-- Default suite -->
</testng-results>
